[2022-12-23T17:35:25.880+0100] {taskinstance.py:1087} INFO - Dependencies all met for <TaskInstance: tweet_etl.extract manual__2022-12-23T16:35:23.536174+00:00 [queued]>
[2022-12-23T17:35:25.886+0100] {taskinstance.py:1087} INFO - Dependencies all met for <TaskInstance: tweet_etl.extract manual__2022-12-23T16:35:23.536174+00:00 [queued]>
[2022-12-23T17:35:25.886+0100] {taskinstance.py:1283} INFO - 
--------------------------------------------------------------------------------
[2022-12-23T17:35:25.887+0100] {taskinstance.py:1284} INFO - Starting attempt 1 of 1
[2022-12-23T17:35:25.887+0100] {taskinstance.py:1285} INFO - 
--------------------------------------------------------------------------------
[2022-12-23T17:35:25.899+0100] {taskinstance.py:1304} INFO - Executing <Task(_PythonDecoratedOperator): extract> on 2022-12-23 16:35:23.536174+00:00
[2022-12-23T17:35:25.901+0100] {standard_task_runner.py:55} INFO - Started process 18435 to run task
[2022-12-23T17:35:25.903+0100] {standard_task_runner.py:82} INFO - Running: ['airflow', 'tasks', 'run', 'tweet_etl', 'extract', 'manual__2022-12-23T16:35:23.536174+00:00', '--job-id', '23', '--raw', '--subdir', 'DAGS_FOLDER/demo.py', '--cfg-path', '/tmp/tmp4wauapco']
[2022-12-23T17:35:25.904+0100] {standard_task_runner.py:83} INFO - Job 23: Subtask extract
[2022-12-23T17:35:25.966+0100] {task_command.py:389} INFO - Running <TaskInstance: tweet_etl.extract manual__2022-12-23T16:35:23.536174+00:00 [running]> on host kamlesh-pc
[2022-12-23T17:35:26.003+0100] {taskinstance.py:1511} INFO - Exporting the following env vars:
AIRFLOW_CTX_DAG_OWNER=airflow
AIRFLOW_CTX_DAG_ID=tweet_etl
AIRFLOW_CTX_TASK_ID=extract
AIRFLOW_CTX_EXECUTION_DATE=2022-12-23T16:35:23.536174+00:00
AIRFLOW_CTX_TRY_NUMBER=1
AIRFLOW_CTX_DAG_RUN_ID=manual__2022-12-23T16:35:23.536174+00:00
[2022-12-23T17:35:39.618+0100] {logging_mixin.py:137} INFO - total pages retreived: 28
[2022-12-23T17:35:39.640+0100] {base.py:73} INFO - Using connection ID 'mysql_conn' for task execution.
[2022-12-23T17:35:39.645+0100] {sql.py:364} INFO - Running statement: CREATE TABLE IF NOT EXISTS raw_tweets (
                id INT NOT NULL AUTO_INCREMENT PRIMARY KEY,
                tweet_id BIGINT,
                created_at DATETIME,
                tweet TEXT,
                lang VARCHAR(15),
                retweet_cnt INT,
                like_cnt INT,
                username VARCHAR(50),
                verified BOOLEAN
                );, parameters: None
[2022-12-23T17:35:39.703+0100] {sql.py:373} INFO - Rows affected: 0
[2022-12-23T17:35:39.788+0100] {python.py:177} INFO - Done. Returned value was: {'current_date': '2022-12-23'}
[2022-12-23T17:35:39.834+0100] {taskinstance.py:1322} INFO - Marking task as SUCCESS. dag_id=tweet_etl, task_id=extract, execution_date=20221223T163523, start_date=20221223T163525, end_date=20221223T163539
[2022-12-23T17:35:39.893+0100] {local_task_job.py:159} INFO - Task exited with return code 0
[2022-12-23T17:35:39.952+0100] {taskinstance.py:2582} INFO - 1 downstream tasks scheduled from follow-on schedule check
