[2022-12-20T00:40:37.849+0100] {taskinstance.py:1087} INFO - Dependencies all met for <TaskInstance: tweet_etl.extract manual__2022-12-19T23:40:35.594493+00:00 [queued]>
[2022-12-20T00:40:37.855+0100] {taskinstance.py:1087} INFO - Dependencies all met for <TaskInstance: tweet_etl.extract manual__2022-12-19T23:40:35.594493+00:00 [queued]>
[2022-12-20T00:40:37.855+0100] {taskinstance.py:1283} INFO - 
--------------------------------------------------------------------------------
[2022-12-20T00:40:37.856+0100] {taskinstance.py:1284} INFO - Starting attempt 1 of 1
[2022-12-20T00:40:37.856+0100] {taskinstance.py:1285} INFO - 
--------------------------------------------------------------------------------
[2022-12-20T00:40:37.866+0100] {taskinstance.py:1304} INFO - Executing <Task(_PythonDecoratedOperator): extract> on 2022-12-19 23:40:35.594493+00:00
[2022-12-20T00:40:37.868+0100] {standard_task_runner.py:55} INFO - Started process 18589 to run task
[2022-12-20T00:40:37.870+0100] {standard_task_runner.py:82} INFO - Running: ['airflow', 'tasks', 'run', 'tweet_etl', 'extract', 'manual__2022-12-19T23:40:35.594493+00:00', '--job-id', '9', '--raw', '--subdir', 'DAGS_FOLDER/demo.py', '--cfg-path', '/tmp/tmpdcv49h18']
[2022-12-20T00:40:37.871+0100] {standard_task_runner.py:83} INFO - Job 9: Subtask extract
[2022-12-20T00:40:37.899+0100] {task_command.py:389} INFO - Running <TaskInstance: tweet_etl.extract manual__2022-12-19T23:40:35.594493+00:00 [running]> on host kamlesh-pc
[2022-12-20T00:40:37.940+0100] {taskinstance.py:1511} INFO - Exporting the following env vars:
AIRFLOW_CTX_DAG_OWNER=airflow
AIRFLOW_CTX_DAG_ID=tweet_etl
AIRFLOW_CTX_TASK_ID=extract
AIRFLOW_CTX_EXECUTION_DATE=2022-12-19T23:40:35.594493+00:00
AIRFLOW_CTX_TRY_NUMBER=1
AIRFLOW_CTX_DAG_RUN_ID=manual__2022-12-19T23:40:35.594493+00:00
[2022-12-20T00:40:38.620+0100] {base.py:73} INFO - Using connection ID 'mysql_conn' for task execution.
[2022-12-20T00:40:38.622+0100] {sql.py:364} INFO - Running statement: CREATE TABLE IF NOT EXISTS raw_tweets (
                id INT NOT NULL AUTO_INCREMENT PRIMARY KEY,
                tweet_id BIGINT,
                created_at DATETIME,
                tweet TEXT,
                lang VARCHAR(15),
                retweet_cnt INT,
                like_cnt INT,
                username VARCHAR(50),
                verified BOOLEAN
                );, parameters: None
[2022-12-20T00:40:38.633+0100] {sql.py:373} INFO - Rows affected: 0
[2022-12-20T00:40:38.649+0100] {python.py:177} INFO - Done. Returned value was: {'current_date': '2022-12-19'}
[2022-12-20T00:40:38.667+0100] {taskinstance.py:1322} INFO - Marking task as SUCCESS. dag_id=tweet_etl, task_id=extract, execution_date=20221219T234035, start_date=20221219T234037, end_date=20221219T234038
[2022-12-20T00:40:38.687+0100] {local_task_job.py:159} INFO - Task exited with return code 0
[2022-12-20T00:40:38.714+0100] {taskinstance.py:2582} INFO - 1 downstream tasks scheduled from follow-on schedule check
