[2022-12-20T00:01:02.919+0100] {processor.py:153} INFO - Started process (PID=10944) to work on /home/kamlesh/pyenvs/data-engg/lib/python3.10/site-packages/airflow/example_dags/example_branch_labels.py
[2022-12-20T00:01:02.921+0100] {processor.py:743} INFO - Processing file /home/kamlesh/pyenvs/data-engg/lib/python3.10/site-packages/airflow/example_dags/example_branch_labels.py for tasks to queue
[2022-12-20T00:01:02.923+0100] {logging_mixin.py:137} INFO - [2022-12-20T00:01:02.923+0100] {dagbag.py:538} INFO - Filling up the DagBag from /home/kamlesh/pyenvs/data-engg/lib/python3.10/site-packages/airflow/example_dags/example_branch_labels.py
[2022-12-20T00:01:02.946+0100] {processor.py:753} INFO - DAG(s) dict_keys(['example_branch_labels']) retrieved from /home/kamlesh/pyenvs/data-engg/lib/python3.10/site-packages/airflow/example_dags/example_branch_labels.py
[2022-12-20T00:01:03.042+0100] {logging_mixin.py:137} INFO - [2022-12-20T00:01:03.041+0100] {manager.py:504} INFO - Created Permission View: can delete on DAG:example_branch_labels
[2022-12-20T00:01:03.058+0100] {logging_mixin.py:137} INFO - [2022-12-20T00:01:03.057+0100] {manager.py:504} INFO - Created Permission View: can read on DAG:example_branch_labels
[2022-12-20T00:01:03.071+0100] {logging_mixin.py:137} INFO - [2022-12-20T00:01:03.071+0100] {manager.py:504} INFO - Created Permission View: can edit on DAG:example_branch_labels
[2022-12-20T00:01:03.072+0100] {logging_mixin.py:137} INFO - [2022-12-20T00:01:03.072+0100] {dag.py:2676} INFO - Sync 1 DAGs
[2022-12-20T00:01:03.085+0100] {logging_mixin.py:137} INFO - [2022-12-20T00:01:03.085+0100] {dag.py:2697} INFO - Creating ORM DAG for example_branch_labels
[2022-12-20T00:01:03.098+0100] {logging_mixin.py:137} INFO - [2022-12-20T00:01:03.098+0100] {dag.py:3423} INFO - Setting next_dagrun for example_branch_labels to 2022-12-18T00:00:00+00:00, run_after=2022-12-19T00:00:00+00:00
[2022-12-20T00:01:03.117+0100] {processor.py:175} INFO - Processing /home/kamlesh/pyenvs/data-engg/lib/python3.10/site-packages/airflow/example_dags/example_branch_labels.py took 0.206 seconds
[2022-12-20T00:01:46.181+0100] {processor.py:153} INFO - Started process (PID=11048) to work on /home/kamlesh/pyenvs/data-engg/lib/python3.10/site-packages/airflow/example_dags/example_branch_labels.py
[2022-12-20T00:01:46.191+0100] {processor.py:743} INFO - Processing file /home/kamlesh/pyenvs/data-engg/lib/python3.10/site-packages/airflow/example_dags/example_branch_labels.py for tasks to queue
[2022-12-20T00:01:46.192+0100] {logging_mixin.py:137} INFO - [2022-12-20T00:01:46.192+0100] {dagbag.py:538} INFO - Filling up the DagBag from /home/kamlesh/pyenvs/data-engg/lib/python3.10/site-packages/airflow/example_dags/example_branch_labels.py
[2022-12-20T00:01:46.217+0100] {processor.py:753} INFO - DAG(s) dict_keys(['example_branch_labels']) retrieved from /home/kamlesh/pyenvs/data-engg/lib/python3.10/site-packages/airflow/example_dags/example_branch_labels.py
[2022-12-20T00:01:46.243+0100] {logging_mixin.py:137} INFO - [2022-12-20T00:01:46.243+0100] {dag.py:2676} INFO - Sync 1 DAGs
[2022-12-20T00:01:46.258+0100] {logging_mixin.py:137} INFO - [2022-12-20T00:01:46.258+0100] {dag.py:3423} INFO - Setting next_dagrun for example_branch_labels to 2022-12-18T00:00:00+00:00, run_after=2022-12-19T00:00:00+00:00
[2022-12-20T00:01:46.275+0100] {processor.py:175} INFO - Processing /home/kamlesh/pyenvs/data-engg/lib/python3.10/site-packages/airflow/example_dags/example_branch_labels.py took 0.099 seconds
[2022-12-20T00:02:36.781+0100] {processor.py:153} INFO - Started process (PID=11180) to work on /home/kamlesh/pyenvs/data-engg/lib/python3.10/site-packages/airflow/example_dags/example_branch_labels.py
[2022-12-20T00:02:36.791+0100] {processor.py:743} INFO - Processing file /home/kamlesh/pyenvs/data-engg/lib/python3.10/site-packages/airflow/example_dags/example_branch_labels.py for tasks to queue
[2022-12-20T00:02:36.792+0100] {logging_mixin.py:137} INFO - [2022-12-20T00:02:36.791+0100] {dagbag.py:538} INFO - Filling up the DagBag from /home/kamlesh/pyenvs/data-engg/lib/python3.10/site-packages/airflow/example_dags/example_branch_labels.py
[2022-12-20T00:02:36.817+0100] {processor.py:753} INFO - DAG(s) dict_keys(['example_branch_labels']) retrieved from /home/kamlesh/pyenvs/data-engg/lib/python3.10/site-packages/airflow/example_dags/example_branch_labels.py
[2022-12-20T00:02:36.842+0100] {logging_mixin.py:137} INFO - [2022-12-20T00:02:36.842+0100] {dag.py:2676} INFO - Sync 1 DAGs
[2022-12-20T00:02:36.855+0100] {logging_mixin.py:137} INFO - [2022-12-20T00:02:36.854+0100] {dag.py:3423} INFO - Setting next_dagrun for example_branch_labels to 2022-12-18T00:00:00+00:00, run_after=2022-12-19T00:00:00+00:00
[2022-12-20T00:02:36.872+0100] {processor.py:175} INFO - Processing /home/kamlesh/pyenvs/data-engg/lib/python3.10/site-packages/airflow/example_dags/example_branch_labels.py took 0.096 seconds
[2022-12-20T00:03:21.335+0100] {processor.py:153} INFO - Started process (PID=11229) to work on /home/kamlesh/pyenvs/data-engg/lib/python3.10/site-packages/airflow/example_dags/example_branch_labels.py
[2022-12-20T00:03:21.344+0100] {processor.py:743} INFO - Processing file /home/kamlesh/pyenvs/data-engg/lib/python3.10/site-packages/airflow/example_dags/example_branch_labels.py for tasks to queue
[2022-12-20T00:03:21.345+0100] {logging_mixin.py:137} INFO - [2022-12-20T00:03:21.344+0100] {dagbag.py:538} INFO - Filling up the DagBag from /home/kamlesh/pyenvs/data-engg/lib/python3.10/site-packages/airflow/example_dags/example_branch_labels.py
[2022-12-20T00:03:21.356+0100] {processor.py:753} INFO - DAG(s) dict_keys(['example_branch_labels']) retrieved from /home/kamlesh/pyenvs/data-engg/lib/python3.10/site-packages/airflow/example_dags/example_branch_labels.py
[2022-12-20T00:03:21.377+0100] {logging_mixin.py:137} INFO - [2022-12-20T00:03:21.377+0100] {dag.py:2676} INFO - Sync 1 DAGs
[2022-12-20T00:03:21.390+0100] {logging_mixin.py:137} INFO - [2022-12-20T00:03:21.390+0100] {dag.py:3423} INFO - Setting next_dagrun for example_branch_labels to 2022-12-18T00:00:00+00:00, run_after=2022-12-19T00:00:00+00:00
[2022-12-20T00:03:21.405+0100] {processor.py:175} INFO - Processing /home/kamlesh/pyenvs/data-engg/lib/python3.10/site-packages/airflow/example_dags/example_branch_labels.py took 0.074 seconds
