[2022-12-20T00:00:50.475+0100] {processor.py:153} INFO - Started process (PID=10903) to work on /home/kamlesh/pyenvs/data-engg/lib/python3.10/site-packages/airflow/example_dags/example_short_circuit_decorator.py
[2022-12-20T00:00:50.475+0100] {processor.py:743} INFO - Processing file /home/kamlesh/pyenvs/data-engg/lib/python3.10/site-packages/airflow/example_dags/example_short_circuit_decorator.py for tasks to queue
[2022-12-20T00:00:50.476+0100] {logging_mixin.py:137} INFO - [2022-12-20T00:00:50.476+0100] {dagbag.py:538} INFO - Filling up the DagBag from /home/kamlesh/pyenvs/data-engg/lib/python3.10/site-packages/airflow/example_dags/example_short_circuit_decorator.py
[2022-12-20T00:00:50.497+0100] {processor.py:753} INFO - DAG(s) dict_keys(['example_short_circuit_decorator']) retrieved from /home/kamlesh/pyenvs/data-engg/lib/python3.10/site-packages/airflow/example_dags/example_short_circuit_decorator.py
[2022-12-20T00:00:50.583+0100] {logging_mixin.py:137} INFO - [2022-12-20T00:00:50.583+0100] {manager.py:504} INFO - Created Permission View: can delete on DAG:example_short_circuit_decorator
[2022-12-20T00:00:50.594+0100] {logging_mixin.py:137} INFO - [2022-12-20T00:00:50.593+0100] {manager.py:504} INFO - Created Permission View: can read on DAG:example_short_circuit_decorator
[2022-12-20T00:00:50.602+0100] {logging_mixin.py:137} INFO - [2022-12-20T00:00:50.602+0100] {manager.py:504} INFO - Created Permission View: can edit on DAG:example_short_circuit_decorator
[2022-12-20T00:00:50.602+0100] {logging_mixin.py:137} INFO - [2022-12-20T00:00:50.602+0100] {dag.py:2676} INFO - Sync 1 DAGs
[2022-12-20T00:00:50.609+0100] {logging_mixin.py:137} INFO - [2022-12-20T00:00:50.609+0100] {dag.py:2697} INFO - Creating ORM DAG for example_short_circuit_decorator
[2022-12-20T00:00:50.615+0100] {logging_mixin.py:137} INFO - [2022-12-20T00:00:50.614+0100] {dag.py:3423} INFO - Setting next_dagrun for example_short_circuit_decorator to 2022-12-18T23:00:50.614804+00:00, run_after=2022-12-19T23:00:50.614804+00:00
[2022-12-20T00:00:50.633+0100] {processor.py:175} INFO - Processing /home/kamlesh/pyenvs/data-engg/lib/python3.10/site-packages/airflow/example_dags/example_short_circuit_decorator.py took 0.161 seconds
[2022-12-20T00:01:32.743+0100] {processor.py:153} INFO - Started process (PID=11034) to work on /home/kamlesh/pyenvs/data-engg/lib/python3.10/site-packages/airflow/example_dags/example_short_circuit_decorator.py
[2022-12-20T00:01:32.752+0100] {processor.py:743} INFO - Processing file /home/kamlesh/pyenvs/data-engg/lib/python3.10/site-packages/airflow/example_dags/example_short_circuit_decorator.py for tasks to queue
[2022-12-20T00:01:32.753+0100] {logging_mixin.py:137} INFO - [2022-12-20T00:01:32.753+0100] {dagbag.py:538} INFO - Filling up the DagBag from /home/kamlesh/pyenvs/data-engg/lib/python3.10/site-packages/airflow/example_dags/example_short_circuit_decorator.py
[2022-12-20T00:01:32.787+0100] {processor.py:753} INFO - DAG(s) dict_keys(['example_short_circuit_decorator']) retrieved from /home/kamlesh/pyenvs/data-engg/lib/python3.10/site-packages/airflow/example_dags/example_short_circuit_decorator.py
[2022-12-20T00:01:32.809+0100] {logging_mixin.py:137} INFO - [2022-12-20T00:01:32.809+0100] {dag.py:2676} INFO - Sync 1 DAGs
[2022-12-20T00:01:32.821+0100] {logging_mixin.py:137} INFO - [2022-12-20T00:01:32.821+0100] {dag.py:3423} INFO - Setting next_dagrun for example_short_circuit_decorator to 2022-12-18T23:01:32.821538+00:00, run_after=2022-12-19T23:01:32.821538+00:00
[2022-12-20T00:01:32.846+0100] {processor.py:175} INFO - Processing /home/kamlesh/pyenvs/data-engg/lib/python3.10/site-packages/airflow/example_dags/example_short_circuit_decorator.py took 0.108 seconds
[2022-12-20T00:02:16.141+0100] {processor.py:153} INFO - Started process (PID=11098) to work on /home/kamlesh/pyenvs/data-engg/lib/python3.10/site-packages/airflow/example_dags/example_short_circuit_decorator.py
[2022-12-20T00:02:16.143+0100] {processor.py:743} INFO - Processing file /home/kamlesh/pyenvs/data-engg/lib/python3.10/site-packages/airflow/example_dags/example_short_circuit_decorator.py for tasks to queue
[2022-12-20T00:02:16.144+0100] {logging_mixin.py:137} INFO - [2022-12-20T00:02:16.143+0100] {dagbag.py:538} INFO - Filling up the DagBag from /home/kamlesh/pyenvs/data-engg/lib/python3.10/site-packages/airflow/example_dags/example_short_circuit_decorator.py
[2022-12-20T00:02:16.163+0100] {processor.py:753} INFO - DAG(s) dict_keys(['example_short_circuit_decorator']) retrieved from /home/kamlesh/pyenvs/data-engg/lib/python3.10/site-packages/airflow/example_dags/example_short_circuit_decorator.py
[2022-12-20T00:02:16.183+0100] {logging_mixin.py:137} INFO - [2022-12-20T00:02:16.183+0100] {dag.py:2676} INFO - Sync 1 DAGs
[2022-12-20T00:02:16.196+0100] {logging_mixin.py:137} INFO - [2022-12-20T00:02:16.196+0100] {dag.py:3423} INFO - Setting next_dagrun for example_short_circuit_decorator to 2022-12-18T23:02:16.196167+00:00, run_after=2022-12-19T23:02:16.196167+00:00
[2022-12-20T00:02:16.226+0100] {processor.py:175} INFO - Processing /home/kamlesh/pyenvs/data-engg/lib/python3.10/site-packages/airflow/example_dags/example_short_circuit_decorator.py took 0.086 seconds
[2022-12-20T00:03:01.298+0100] {processor.py:153} INFO - Started process (PID=11207) to work on /home/kamlesh/pyenvs/data-engg/lib/python3.10/site-packages/airflow/example_dags/example_short_circuit_decorator.py
[2022-12-20T00:03:01.307+0100] {processor.py:743} INFO - Processing file /home/kamlesh/pyenvs/data-engg/lib/python3.10/site-packages/airflow/example_dags/example_short_circuit_decorator.py for tasks to queue
[2022-12-20T00:03:01.307+0100] {logging_mixin.py:137} INFO - [2022-12-20T00:03:01.307+0100] {dagbag.py:538} INFO - Filling up the DagBag from /home/kamlesh/pyenvs/data-engg/lib/python3.10/site-packages/airflow/example_dags/example_short_circuit_decorator.py
[2022-12-20T00:03:01.335+0100] {processor.py:753} INFO - DAG(s) dict_keys(['example_short_circuit_decorator']) retrieved from /home/kamlesh/pyenvs/data-engg/lib/python3.10/site-packages/airflow/example_dags/example_short_circuit_decorator.py
[2022-12-20T00:03:01.356+0100] {logging_mixin.py:137} INFO - [2022-12-20T00:03:01.356+0100] {dag.py:2676} INFO - Sync 1 DAGs
[2022-12-20T00:03:01.369+0100] {logging_mixin.py:137} INFO - [2022-12-20T00:03:01.368+0100] {dag.py:3423} INFO - Setting next_dagrun for example_short_circuit_decorator to 2022-12-18T23:03:01.368833+00:00, run_after=2022-12-19T23:03:01.368833+00:00
[2022-12-20T00:03:01.388+0100] {processor.py:175} INFO - Processing /home/kamlesh/pyenvs/data-engg/lib/python3.10/site-packages/airflow/example_dags/example_short_circuit_decorator.py took 0.092 seconds
[2022-12-20T00:03:43.333+0100] {processor.py:153} INFO - Started process (PID=11268) to work on /home/kamlesh/pyenvs/data-engg/lib/python3.10/site-packages/airflow/example_dags/example_short_circuit_decorator.py
[2022-12-20T00:03:43.342+0100] {processor.py:743} INFO - Processing file /home/kamlesh/pyenvs/data-engg/lib/python3.10/site-packages/airflow/example_dags/example_short_circuit_decorator.py for tasks to queue
[2022-12-20T00:03:43.343+0100] {logging_mixin.py:137} INFO - [2022-12-20T00:03:43.342+0100] {dagbag.py:538} INFO - Filling up the DagBag from /home/kamlesh/pyenvs/data-engg/lib/python3.10/site-packages/airflow/example_dags/example_short_circuit_decorator.py
[2022-12-20T00:03:43.376+0100] {processor.py:753} INFO - DAG(s) dict_keys(['example_short_circuit_decorator']) retrieved from /home/kamlesh/pyenvs/data-engg/lib/python3.10/site-packages/airflow/example_dags/example_short_circuit_decorator.py
[2022-12-20T00:03:43.400+0100] {logging_mixin.py:137} INFO - [2022-12-20T00:03:43.400+0100] {dag.py:2676} INFO - Sync 1 DAGs
[2022-12-20T00:03:43.414+0100] {logging_mixin.py:137} INFO - [2022-12-20T00:03:43.414+0100] {dag.py:3423} INFO - Setting next_dagrun for example_short_circuit_decorator to 2022-12-18T23:03:43.414211+00:00, run_after=2022-12-19T23:03:43.414211+00:00
[2022-12-20T00:03:43.434+0100] {processor.py:175} INFO - Processing /home/kamlesh/pyenvs/data-engg/lib/python3.10/site-packages/airflow/example_dags/example_short_circuit_decorator.py took 0.106 seconds
