[2022-12-20T00:00:58.759+0100] {processor.py:153} INFO - Started process (PID=10939) to work on /home/kamlesh/pyenvs/data-engg/lib/python3.10/site-packages/airflow/example_dags/example_complex.py
[2022-12-20T00:00:58.760+0100] {processor.py:743} INFO - Processing file /home/kamlesh/pyenvs/data-engg/lib/python3.10/site-packages/airflow/example_dags/example_complex.py for tasks to queue
[2022-12-20T00:00:58.761+0100] {logging_mixin.py:137} INFO - [2022-12-20T00:00:58.761+0100] {dagbag.py:538} INFO - Filling up the DagBag from /home/kamlesh/pyenvs/data-engg/lib/python3.10/site-packages/airflow/example_dags/example_complex.py
[2022-12-20T00:00:58.774+0100] {logging_mixin.py:137} INFO - [2022-12-20T00:00:58.774+0100] {taskmixin.py:205} WARNING - Dependency <Task(BashOperator): create_entry_group>, delete_entry_group already registered for DAG: example_complex
[2022-12-20T00:00:58.774+0100] {logging_mixin.py:137} INFO - [2022-12-20T00:00:58.774+0100] {taskmixin.py:205} WARNING - Dependency <Task(BashOperator): delete_entry_group>, create_entry_group already registered for DAG: example_complex
[2022-12-20T00:00:58.775+0100] {logging_mixin.py:137} INFO - [2022-12-20T00:00:58.775+0100] {taskmixin.py:205} WARNING - Dependency <Task(BashOperator): create_entry_gcs>, delete_entry already registered for DAG: example_complex
[2022-12-20T00:00:58.775+0100] {logging_mixin.py:137} INFO - [2022-12-20T00:00:58.775+0100] {taskmixin.py:205} WARNING - Dependency <Task(BashOperator): delete_entry>, create_entry_gcs already registered for DAG: example_complex
[2022-12-20T00:00:58.775+0100] {logging_mixin.py:137} INFO - [2022-12-20T00:00:58.775+0100] {taskmixin.py:205} WARNING - Dependency <Task(BashOperator): create_tag>, delete_tag already registered for DAG: example_complex
[2022-12-20T00:00:58.776+0100] {logging_mixin.py:137} INFO - [2022-12-20T00:00:58.775+0100] {taskmixin.py:205} WARNING - Dependency <Task(BashOperator): delete_tag>, create_tag already registered for DAG: example_complex
[2022-12-20T00:00:58.784+0100] {processor.py:753} INFO - DAG(s) dict_keys(['example_complex']) retrieved from /home/kamlesh/pyenvs/data-engg/lib/python3.10/site-packages/airflow/example_dags/example_complex.py
[2022-12-20T00:00:58.886+0100] {logging_mixin.py:137} INFO - [2022-12-20T00:00:58.885+0100] {manager.py:504} INFO - Created Permission View: can delete on DAG:example_complex
[2022-12-20T00:00:58.897+0100] {logging_mixin.py:137} INFO - [2022-12-20T00:00:58.897+0100] {manager.py:504} INFO - Created Permission View: can read on DAG:example_complex
[2022-12-20T00:00:58.906+0100] {logging_mixin.py:137} INFO - [2022-12-20T00:00:58.906+0100] {manager.py:504} INFO - Created Permission View: can edit on DAG:example_complex
[2022-12-20T00:00:58.906+0100] {logging_mixin.py:137} INFO - [2022-12-20T00:00:58.906+0100] {dag.py:2676} INFO - Sync 1 DAGs
[2022-12-20T00:00:58.914+0100] {logging_mixin.py:137} INFO - [2022-12-20T00:00:58.913+0100] {dag.py:2697} INFO - Creating ORM DAG for example_complex
[2022-12-20T00:00:58.919+0100] {logging_mixin.py:137} INFO - [2022-12-20T00:00:58.919+0100] {dag.py:3423} INFO - Setting next_dagrun for example_complex to None, run_after=None
[2022-12-20T00:00:58.939+0100] {processor.py:175} INFO - Processing /home/kamlesh/pyenvs/data-engg/lib/python3.10/site-packages/airflow/example_dags/example_complex.py took 0.183 seconds
[2022-12-20T00:01:41.743+0100] {processor.py:153} INFO - Started process (PID=11044) to work on /home/kamlesh/pyenvs/data-engg/lib/python3.10/site-packages/airflow/example_dags/example_complex.py
[2022-12-20T00:01:41.752+0100] {processor.py:743} INFO - Processing file /home/kamlesh/pyenvs/data-engg/lib/python3.10/site-packages/airflow/example_dags/example_complex.py for tasks to queue
[2022-12-20T00:01:41.753+0100] {logging_mixin.py:137} INFO - [2022-12-20T00:01:41.753+0100] {dagbag.py:538} INFO - Filling up the DagBag from /home/kamlesh/pyenvs/data-engg/lib/python3.10/site-packages/airflow/example_dags/example_complex.py
[2022-12-20T00:01:41.770+0100] {logging_mixin.py:137} INFO - [2022-12-20T00:01:41.770+0100] {taskmixin.py:205} WARNING - Dependency <Task(BashOperator): create_entry_group>, delete_entry_group already registered for DAG: example_complex
[2022-12-20T00:01:41.771+0100] {logging_mixin.py:137} INFO - [2022-12-20T00:01:41.770+0100] {taskmixin.py:205} WARNING - Dependency <Task(BashOperator): delete_entry_group>, create_entry_group already registered for DAG: example_complex
[2022-12-20T00:01:41.771+0100] {logging_mixin.py:137} INFO - [2022-12-20T00:01:41.771+0100] {taskmixin.py:205} WARNING - Dependency <Task(BashOperator): create_entry_gcs>, delete_entry already registered for DAG: example_complex
[2022-12-20T00:01:41.771+0100] {logging_mixin.py:137} INFO - [2022-12-20T00:01:41.771+0100] {taskmixin.py:205} WARNING - Dependency <Task(BashOperator): delete_entry>, create_entry_gcs already registered for DAG: example_complex
[2022-12-20T00:01:41.772+0100] {logging_mixin.py:137} INFO - [2022-12-20T00:01:41.772+0100] {taskmixin.py:205} WARNING - Dependency <Task(BashOperator): create_tag>, delete_tag already registered for DAG: example_complex
[2022-12-20T00:01:41.772+0100] {logging_mixin.py:137} INFO - [2022-12-20T00:01:41.772+0100] {taskmixin.py:205} WARNING - Dependency <Task(BashOperator): delete_tag>, create_tag already registered for DAG: example_complex
[2022-12-20T00:01:41.781+0100] {processor.py:753} INFO - DAG(s) dict_keys(['example_complex']) retrieved from /home/kamlesh/pyenvs/data-engg/lib/python3.10/site-packages/airflow/example_dags/example_complex.py
[2022-12-20T00:01:41.809+0100] {logging_mixin.py:137} INFO - [2022-12-20T00:01:41.809+0100] {dag.py:2676} INFO - Sync 1 DAGs
[2022-12-20T00:01:41.821+0100] {logging_mixin.py:137} INFO - [2022-12-20T00:01:41.821+0100] {dag.py:3423} INFO - Setting next_dagrun for example_complex to None, run_after=None
[2022-12-20T00:01:41.839+0100] {processor.py:175} INFO - Processing /home/kamlesh/pyenvs/data-engg/lib/python3.10/site-packages/airflow/example_dags/example_complex.py took 0.100 seconds
[2022-12-20T00:02:23.936+0100] {processor.py:153} INFO - Started process (PID=11169) to work on /home/kamlesh/pyenvs/data-engg/lib/python3.10/site-packages/airflow/example_dags/example_complex.py
[2022-12-20T00:02:23.945+0100] {processor.py:743} INFO - Processing file /home/kamlesh/pyenvs/data-engg/lib/python3.10/site-packages/airflow/example_dags/example_complex.py for tasks to queue
[2022-12-20T00:02:23.947+0100] {logging_mixin.py:137} INFO - [2022-12-20T00:02:23.947+0100] {dagbag.py:538} INFO - Filling up the DagBag from /home/kamlesh/pyenvs/data-engg/lib/python3.10/site-packages/airflow/example_dags/example_complex.py
[2022-12-20T00:02:23.976+0100] {logging_mixin.py:137} INFO - [2022-12-20T00:02:23.976+0100] {taskmixin.py:205} WARNING - Dependency <Task(BashOperator): create_entry_group>, delete_entry_group already registered for DAG: example_complex
[2022-12-20T00:02:23.976+0100] {logging_mixin.py:137} INFO - [2022-12-20T00:02:23.976+0100] {taskmixin.py:205} WARNING - Dependency <Task(BashOperator): delete_entry_group>, create_entry_group already registered for DAG: example_complex
[2022-12-20T00:02:23.977+0100] {logging_mixin.py:137} INFO - [2022-12-20T00:02:23.977+0100] {taskmixin.py:205} WARNING - Dependency <Task(BashOperator): create_entry_gcs>, delete_entry already registered for DAG: example_complex
[2022-12-20T00:02:23.977+0100] {logging_mixin.py:137} INFO - [2022-12-20T00:02:23.977+0100] {taskmixin.py:205} WARNING - Dependency <Task(BashOperator): delete_entry>, create_entry_gcs already registered for DAG: example_complex
[2022-12-20T00:02:23.978+0100] {logging_mixin.py:137} INFO - [2022-12-20T00:02:23.977+0100] {taskmixin.py:205} WARNING - Dependency <Task(BashOperator): create_tag>, delete_tag already registered for DAG: example_complex
[2022-12-20T00:02:23.978+0100] {logging_mixin.py:137} INFO - [2022-12-20T00:02:23.978+0100] {taskmixin.py:205} WARNING - Dependency <Task(BashOperator): delete_tag>, create_tag already registered for DAG: example_complex
[2022-12-20T00:02:23.987+0100] {processor.py:753} INFO - DAG(s) dict_keys(['example_complex']) retrieved from /home/kamlesh/pyenvs/data-engg/lib/python3.10/site-packages/airflow/example_dags/example_complex.py
[2022-12-20T00:02:24.015+0100] {logging_mixin.py:137} INFO - [2022-12-20T00:02:24.014+0100] {dag.py:2676} INFO - Sync 1 DAGs
[2022-12-20T00:02:24.027+0100] {logging_mixin.py:137} INFO - [2022-12-20T00:02:24.027+0100] {dag.py:3423} INFO - Setting next_dagrun for example_complex to None, run_after=None
[2022-12-20T00:02:24.044+0100] {processor.py:175} INFO - Processing /home/kamlesh/pyenvs/data-engg/lib/python3.10/site-packages/airflow/example_dags/example_complex.py took 0.110 seconds
[2022-12-20T00:03:09.230+0100] {processor.py:153} INFO - Started process (PID=11216) to work on /home/kamlesh/pyenvs/data-engg/lib/python3.10/site-packages/airflow/example_dags/example_complex.py
[2022-12-20T00:03:09.239+0100] {processor.py:743} INFO - Processing file /home/kamlesh/pyenvs/data-engg/lib/python3.10/site-packages/airflow/example_dags/example_complex.py for tasks to queue
[2022-12-20T00:03:09.240+0100] {logging_mixin.py:137} INFO - [2022-12-20T00:03:09.239+0100] {dagbag.py:538} INFO - Filling up the DagBag from /home/kamlesh/pyenvs/data-engg/lib/python3.10/site-packages/airflow/example_dags/example_complex.py
[2022-12-20T00:03:09.252+0100] {logging_mixin.py:137} INFO - [2022-12-20T00:03:09.252+0100] {taskmixin.py:205} WARNING - Dependency <Task(BashOperator): create_entry_group>, delete_entry_group already registered for DAG: example_complex
[2022-12-20T00:03:09.252+0100] {logging_mixin.py:137} INFO - [2022-12-20T00:03:09.252+0100] {taskmixin.py:205} WARNING - Dependency <Task(BashOperator): delete_entry_group>, create_entry_group already registered for DAG: example_complex
[2022-12-20T00:03:09.252+0100] {logging_mixin.py:137} INFO - [2022-12-20T00:03:09.252+0100] {taskmixin.py:205} WARNING - Dependency <Task(BashOperator): create_entry_gcs>, delete_entry already registered for DAG: example_complex
[2022-12-20T00:03:09.253+0100] {logging_mixin.py:137} INFO - [2022-12-20T00:03:09.253+0100] {taskmixin.py:205} WARNING - Dependency <Task(BashOperator): delete_entry>, create_entry_gcs already registered for DAG: example_complex
[2022-12-20T00:03:09.253+0100] {logging_mixin.py:137} INFO - [2022-12-20T00:03:09.253+0100] {taskmixin.py:205} WARNING - Dependency <Task(BashOperator): create_tag>, delete_tag already registered for DAG: example_complex
[2022-12-20T00:03:09.253+0100] {logging_mixin.py:137} INFO - [2022-12-20T00:03:09.253+0100] {taskmixin.py:205} WARNING - Dependency <Task(BashOperator): delete_tag>, create_tag already registered for DAG: example_complex
[2022-12-20T00:03:09.261+0100] {processor.py:753} INFO - DAG(s) dict_keys(['example_complex']) retrieved from /home/kamlesh/pyenvs/data-engg/lib/python3.10/site-packages/airflow/example_dags/example_complex.py
[2022-12-20T00:03:09.285+0100] {logging_mixin.py:137} INFO - [2022-12-20T00:03:09.285+0100] {dag.py:2676} INFO - Sync 1 DAGs
[2022-12-20T00:03:09.298+0100] {logging_mixin.py:137} INFO - [2022-12-20T00:03:09.298+0100] {dag.py:3423} INFO - Setting next_dagrun for example_complex to None, run_after=None
[2022-12-20T00:03:09.316+0100] {processor.py:175} INFO - Processing /home/kamlesh/pyenvs/data-engg/lib/python3.10/site-packages/airflow/example_dags/example_complex.py took 0.096 seconds
