[2022-12-19T23:56:13.501+0100] {processor.py:153} INFO - Started process (PID=9897) to work on /home/kamlesh/pyenvs/data-engg/lib/python3.10/site-packages/airflow/example_dags/example_task_group_decorator.py
[2022-12-19T23:56:13.503+0100] {processor.py:743} INFO - Processing file /home/kamlesh/pyenvs/data-engg/lib/python3.10/site-packages/airflow/example_dags/example_task_group_decorator.py for tasks to queue
[2022-12-19T23:56:13.505+0100] {logging_mixin.py:137} INFO - [2022-12-19T23:56:13.505+0100] {dagbag.py:538} INFO - Filling up the DagBag from /home/kamlesh/pyenvs/data-engg/lib/python3.10/site-packages/airflow/example_dags/example_task_group_decorator.py
[2022-12-19T23:56:13.541+0100] {processor.py:753} INFO - DAG(s) dict_keys(['example_task_group_decorator']) retrieved from /home/kamlesh/pyenvs/data-engg/lib/python3.10/site-packages/airflow/example_dags/example_task_group_decorator.py
[2022-12-19T23:56:13.647+0100] {logging_mixin.py:137} INFO - [2022-12-19T23:56:13.647+0100] {manager.py:504} INFO - Created Permission View: can delete on DAG:example_task_group_decorator
[2022-12-19T23:56:13.660+0100] {logging_mixin.py:137} INFO - [2022-12-19T23:56:13.660+0100] {manager.py:504} INFO - Created Permission View: can read on DAG:example_task_group_decorator
[2022-12-19T23:56:13.670+0100] {logging_mixin.py:137} INFO - [2022-12-19T23:56:13.670+0100] {manager.py:504} INFO - Created Permission View: can edit on DAG:example_task_group_decorator
[2022-12-19T23:56:13.670+0100] {logging_mixin.py:137} INFO - [2022-12-19T23:56:13.670+0100] {dag.py:2676} INFO - Sync 1 DAGs
[2022-12-19T23:56:13.678+0100] {logging_mixin.py:137} INFO - [2022-12-19T23:56:13.678+0100] {dag.py:2697} INFO - Creating ORM DAG for example_task_group_decorator
[2022-12-19T23:56:13.684+0100] {logging_mixin.py:137} INFO - [2022-12-19T23:56:13.684+0100] {dag.py:3423} INFO - Setting next_dagrun for example_task_group_decorator to 2022-12-18T22:56:13.684203+00:00, run_after=2022-12-19T22:56:13.684203+00:00
[2022-12-19T23:56:13.703+0100] {processor.py:175} INFO - Processing /home/kamlesh/pyenvs/data-engg/lib/python3.10/site-packages/airflow/example_dags/example_task_group_decorator.py took 0.209 seconds
[2022-12-20T00:00:32.664+0100] {processor.py:153} INFO - Started process (PID=10805) to work on /home/kamlesh/pyenvs/data-engg/lib/python3.10/site-packages/airflow/example_dags/example_task_group_decorator.py
[2022-12-20T00:00:32.673+0100] {processor.py:743} INFO - Processing file /home/kamlesh/pyenvs/data-engg/lib/python3.10/site-packages/airflow/example_dags/example_task_group_decorator.py for tasks to queue
[2022-12-20T00:00:32.673+0100] {logging_mixin.py:137} INFO - [2022-12-20T00:00:32.673+0100] {dagbag.py:538} INFO - Filling up the DagBag from /home/kamlesh/pyenvs/data-engg/lib/python3.10/site-packages/airflow/example_dags/example_task_group_decorator.py
[2022-12-20T00:00:32.692+0100] {processor.py:753} INFO - DAG(s) dict_keys(['example_task_group_decorator']) retrieved from /home/kamlesh/pyenvs/data-engg/lib/python3.10/site-packages/airflow/example_dags/example_task_group_decorator.py
[2022-12-20T00:00:32.714+0100] {logging_mixin.py:137} INFO - [2022-12-20T00:00:32.714+0100] {dag.py:2676} INFO - Sync 1 DAGs
[2022-12-20T00:00:32.725+0100] {logging_mixin.py:137} INFO - [2022-12-20T00:00:32.725+0100] {dag.py:3423} INFO - Setting next_dagrun for example_task_group_decorator to 2022-12-18T23:00:32.724917+00:00, run_after=2022-12-19T23:00:32.724917+00:00
[2022-12-20T00:00:32.741+0100] {processor.py:175} INFO - Processing /home/kamlesh/pyenvs/data-engg/lib/python3.10/site-packages/airflow/example_dags/example_task_group_decorator.py took 0.079 seconds
[2022-12-20T00:01:14.735+0100] {processor.py:153} INFO - Started process (PID=11011) to work on /home/kamlesh/pyenvs/data-engg/lib/python3.10/site-packages/airflow/example_dags/example_task_group_decorator.py
[2022-12-20T00:01:14.743+0100] {processor.py:743} INFO - Processing file /home/kamlesh/pyenvs/data-engg/lib/python3.10/site-packages/airflow/example_dags/example_task_group_decorator.py for tasks to queue
[2022-12-20T00:01:14.743+0100] {logging_mixin.py:137} INFO - [2022-12-20T00:01:14.743+0100] {dagbag.py:538} INFO - Filling up the DagBag from /home/kamlesh/pyenvs/data-engg/lib/python3.10/site-packages/airflow/example_dags/example_task_group_decorator.py
[2022-12-20T00:01:14.765+0100] {processor.py:753} INFO - DAG(s) dict_keys(['example_task_group_decorator']) retrieved from /home/kamlesh/pyenvs/data-engg/lib/python3.10/site-packages/airflow/example_dags/example_task_group_decorator.py
[2022-12-20T00:01:14.788+0100] {logging_mixin.py:137} INFO - [2022-12-20T00:01:14.788+0100] {dag.py:2676} INFO - Sync 1 DAGs
[2022-12-20T00:01:14.801+0100] {logging_mixin.py:137} INFO - [2022-12-20T00:01:14.801+0100] {dag.py:3423} INFO - Setting next_dagrun for example_task_group_decorator to 2022-12-18T23:01:14.801604+00:00, run_after=2022-12-19T23:01:14.801604+00:00
[2022-12-20T00:01:14.819+0100] {processor.py:175} INFO - Processing /home/kamlesh/pyenvs/data-engg/lib/python3.10/site-packages/airflow/example_dags/example_task_group_decorator.py took 0.086 seconds
[2022-12-20T00:01:52.009+0100] {processor.py:153} INFO - Started process (PID=11054) to work on /home/kamlesh/pyenvs/data-engg/lib/python3.10/site-packages/airflow/example_dags/example_task_group_decorator.py
[2022-12-20T00:01:52.019+0100] {processor.py:743} INFO - Processing file /home/kamlesh/pyenvs/data-engg/lib/python3.10/site-packages/airflow/example_dags/example_task_group_decorator.py for tasks to queue
[2022-12-20T00:01:52.021+0100] {logging_mixin.py:137} INFO - [2022-12-20T00:01:52.021+0100] {dagbag.py:538} INFO - Filling up the DagBag from /home/kamlesh/pyenvs/data-engg/lib/python3.10/site-packages/airflow/example_dags/example_task_group_decorator.py
[2022-12-20T00:01:52.055+0100] {processor.py:753} INFO - DAG(s) dict_keys(['example_task_group_decorator']) retrieved from /home/kamlesh/pyenvs/data-engg/lib/python3.10/site-packages/airflow/example_dags/example_task_group_decorator.py
[2022-12-20T00:01:52.075+0100] {logging_mixin.py:137} INFO - [2022-12-20T00:01:52.075+0100] {dag.py:2676} INFO - Sync 1 DAGs
[2022-12-20T00:01:52.087+0100] {logging_mixin.py:137} INFO - [2022-12-20T00:01:52.087+0100] {dag.py:3423} INFO - Setting next_dagrun for example_task_group_decorator to 2022-12-18T23:01:52.087202+00:00, run_after=2022-12-19T23:01:52.087202+00:00
[2022-12-20T00:01:52.111+0100] {processor.py:175} INFO - Processing /home/kamlesh/pyenvs/data-engg/lib/python3.10/site-packages/airflow/example_dags/example_task_group_decorator.py took 0.109 seconds
[2022-12-20T00:02:30.340+0100] {processor.py:153} INFO - Started process (PID=11174) to work on /home/kamlesh/pyenvs/data-engg/lib/python3.10/site-packages/airflow/example_dags/example_task_group_decorator.py
[2022-12-20T00:02:30.349+0100] {processor.py:743} INFO - Processing file /home/kamlesh/pyenvs/data-engg/lib/python3.10/site-packages/airflow/example_dags/example_task_group_decorator.py for tasks to queue
[2022-12-20T00:02:30.351+0100] {logging_mixin.py:137} INFO - [2022-12-20T00:02:30.350+0100] {dagbag.py:538} INFO - Filling up the DagBag from /home/kamlesh/pyenvs/data-engg/lib/python3.10/site-packages/airflow/example_dags/example_task_group_decorator.py
[2022-12-20T00:02:30.390+0100] {processor.py:753} INFO - DAG(s) dict_keys(['example_task_group_decorator']) retrieved from /home/kamlesh/pyenvs/data-engg/lib/python3.10/site-packages/airflow/example_dags/example_task_group_decorator.py
[2022-12-20T00:02:30.412+0100] {logging_mixin.py:137} INFO - [2022-12-20T00:02:30.412+0100] {dag.py:2676} INFO - Sync 1 DAGs
[2022-12-20T00:02:30.424+0100] {logging_mixin.py:137} INFO - [2022-12-20T00:02:30.424+0100] {dag.py:3423} INFO - Setting next_dagrun for example_task_group_decorator to 2022-12-18T23:02:30.424325+00:00, run_after=2022-12-19T23:02:30.424325+00:00
[2022-12-20T00:02:30.443+0100] {processor.py:175} INFO - Processing /home/kamlesh/pyenvs/data-engg/lib/python3.10/site-packages/airflow/example_dags/example_task_group_decorator.py took 0.109 seconds
[2022-12-20T00:03:13.677+0100] {processor.py:153} INFO - Started process (PID=11220) to work on /home/kamlesh/pyenvs/data-engg/lib/python3.10/site-packages/airflow/example_dags/example_task_group_decorator.py
[2022-12-20T00:03:13.687+0100] {processor.py:743} INFO - Processing file /home/kamlesh/pyenvs/data-engg/lib/python3.10/site-packages/airflow/example_dags/example_task_group_decorator.py for tasks to queue
[2022-12-20T00:03:13.689+0100] {logging_mixin.py:137} INFO - [2022-12-20T00:03:13.688+0100] {dagbag.py:538} INFO - Filling up the DagBag from /home/kamlesh/pyenvs/data-engg/lib/python3.10/site-packages/airflow/example_dags/example_task_group_decorator.py
[2022-12-20T00:03:13.732+0100] {processor.py:753} INFO - DAG(s) dict_keys(['example_task_group_decorator']) retrieved from /home/kamlesh/pyenvs/data-engg/lib/python3.10/site-packages/airflow/example_dags/example_task_group_decorator.py
[2022-12-20T00:03:13.754+0100] {logging_mixin.py:137} INFO - [2022-12-20T00:03:13.754+0100] {dag.py:2676} INFO - Sync 1 DAGs
[2022-12-20T00:03:13.767+0100] {logging_mixin.py:137} INFO - [2022-12-20T00:03:13.767+0100] {dag.py:3423} INFO - Setting next_dagrun for example_task_group_decorator to 2022-12-18T23:03:13.766903+00:00, run_after=2022-12-19T23:03:13.766903+00:00
[2022-12-20T00:03:13.784+0100] {processor.py:175} INFO - Processing /home/kamlesh/pyenvs/data-engg/lib/python3.10/site-packages/airflow/example_dags/example_task_group_decorator.py took 0.115 seconds
