[2022-12-20T00:01:06.890+0100] {processor.py:153} INFO - Started process (PID=10947) to work on /home/kamlesh/pyenvs/data-engg/lib/python3.10/site-packages/airflow/example_dags/example_branch_datetime_operator.py
[2022-12-20T00:01:06.891+0100] {processor.py:743} INFO - Processing file /home/kamlesh/pyenvs/data-engg/lib/python3.10/site-packages/airflow/example_dags/example_branch_datetime_operator.py for tasks to queue
[2022-12-20T00:01:06.891+0100] {logging_mixin.py:137} INFO - [2022-12-20T00:01:06.891+0100] {dagbag.py:538} INFO - Filling up the DagBag from /home/kamlesh/pyenvs/data-engg/lib/python3.10/site-packages/airflow/example_dags/example_branch_datetime_operator.py
[2022-12-20T00:01:06.906+0100] {processor.py:753} INFO - DAG(s) dict_keys(['example_branch_datetime_operator', 'example_branch_datetime_operator_3', 'example_branch_datetime_operator_2']) retrieved from /home/kamlesh/pyenvs/data-engg/lib/python3.10/site-packages/airflow/example_dags/example_branch_datetime_operator.py
[2022-12-20T00:01:06.994+0100] {logging_mixin.py:137} INFO - [2022-12-20T00:01:06.994+0100] {manager.py:504} INFO - Created Permission View: can delete on DAG:example_branch_datetime_operator
[2022-12-20T00:01:07.005+0100] {logging_mixin.py:137} INFO - [2022-12-20T00:01:07.005+0100] {manager.py:504} INFO - Created Permission View: can read on DAG:example_branch_datetime_operator
[2022-12-20T00:01:07.014+0100] {logging_mixin.py:137} INFO - [2022-12-20T00:01:07.013+0100] {manager.py:504} INFO - Created Permission View: can edit on DAG:example_branch_datetime_operator
[2022-12-20T00:01:07.034+0100] {logging_mixin.py:137} INFO - [2022-12-20T00:01:07.034+0100] {manager.py:504} INFO - Created Permission View: can delete on DAG:example_branch_datetime_operator_3
[2022-12-20T00:01:07.043+0100] {logging_mixin.py:137} INFO - [2022-12-20T00:01:07.043+0100] {manager.py:504} INFO - Created Permission View: can read on DAG:example_branch_datetime_operator_3
[2022-12-20T00:01:07.064+0100] {logging_mixin.py:137} INFO - [2022-12-20T00:01:07.064+0100] {manager.py:504} INFO - Created Permission View: can edit on DAG:example_branch_datetime_operator_3
[2022-12-20T00:01:07.094+0100] {logging_mixin.py:137} INFO - [2022-12-20T00:01:07.094+0100] {manager.py:504} INFO - Created Permission View: can delete on DAG:example_branch_datetime_operator_2
[2022-12-20T00:01:07.107+0100] {logging_mixin.py:137} INFO - [2022-12-20T00:01:07.107+0100] {manager.py:504} INFO - Created Permission View: can read on DAG:example_branch_datetime_operator_2
[2022-12-20T00:01:07.121+0100] {logging_mixin.py:137} INFO - [2022-12-20T00:01:07.120+0100] {manager.py:504} INFO - Created Permission View: can edit on DAG:example_branch_datetime_operator_2
[2022-12-20T00:01:07.121+0100] {logging_mixin.py:137} INFO - [2022-12-20T00:01:07.121+0100] {dag.py:2676} INFO - Sync 3 DAGs
[2022-12-20T00:01:07.133+0100] {logging_mixin.py:137} INFO - [2022-12-20T00:01:07.133+0100] {dag.py:2697} INFO - Creating ORM DAG for example_branch_datetime_operator
[2022-12-20T00:01:07.133+0100] {logging_mixin.py:137} INFO - [2022-12-20T00:01:07.133+0100] {dag.py:2697} INFO - Creating ORM DAG for example_branch_datetime_operator_3
[2022-12-20T00:01:07.134+0100] {logging_mixin.py:137} INFO - [2022-12-20T00:01:07.134+0100] {dag.py:2697} INFO - Creating ORM DAG for example_branch_datetime_operator_2
[2022-12-20T00:01:07.142+0100] {logging_mixin.py:137} INFO - [2022-12-20T00:01:07.142+0100] {dag.py:3423} INFO - Setting next_dagrun for example_branch_datetime_operator to 2022-12-18T00:00:00+00:00, run_after=2022-12-19T00:00:00+00:00
[2022-12-20T00:01:07.144+0100] {logging_mixin.py:137} INFO - [2022-12-20T00:01:07.144+0100] {dag.py:3423} INFO - Setting next_dagrun for example_branch_datetime_operator_2 to 2022-12-18T00:00:00+00:00, run_after=2022-12-19T00:00:00+00:00
[2022-12-20T00:01:07.146+0100] {logging_mixin.py:137} INFO - [2022-12-20T00:01:07.146+0100] {dag.py:3423} INFO - Setting next_dagrun for example_branch_datetime_operator_3 to 2022-12-18T00:00:00+00:00, run_after=2022-12-19T00:00:00+00:00
[2022-12-20T00:01:07.174+0100] {processor.py:175} INFO - Processing /home/kamlesh/pyenvs/data-engg/lib/python3.10/site-packages/airflow/example_dags/example_branch_datetime_operator.py took 0.286 seconds
[2022-12-20T00:01:49.029+0100] {processor.py:153} INFO - Started process (PID=11051) to work on /home/kamlesh/pyenvs/data-engg/lib/python3.10/site-packages/airflow/example_dags/example_branch_datetime_operator.py
[2022-12-20T00:01:49.038+0100] {processor.py:743} INFO - Processing file /home/kamlesh/pyenvs/data-engg/lib/python3.10/site-packages/airflow/example_dags/example_branch_datetime_operator.py for tasks to queue
[2022-12-20T00:01:49.038+0100] {logging_mixin.py:137} INFO - [2022-12-20T00:01:49.038+0100] {dagbag.py:538} INFO - Filling up the DagBag from /home/kamlesh/pyenvs/data-engg/lib/python3.10/site-packages/airflow/example_dags/example_branch_datetime_operator.py
[2022-12-20T00:01:49.060+0100] {processor.py:753} INFO - DAG(s) dict_keys(['example_branch_datetime_operator_2', 'example_branch_datetime_operator', 'example_branch_datetime_operator_3']) retrieved from /home/kamlesh/pyenvs/data-engg/lib/python3.10/site-packages/airflow/example_dags/example_branch_datetime_operator.py
[2022-12-20T00:01:49.086+0100] {logging_mixin.py:137} INFO - [2022-12-20T00:01:49.086+0100] {dag.py:2676} INFO - Sync 3 DAGs
[2022-12-20T00:01:49.100+0100] {logging_mixin.py:137} INFO - [2022-12-20T00:01:49.100+0100] {dag.py:3423} INFO - Setting next_dagrun for example_branch_datetime_operator to 2022-12-18T00:00:00+00:00, run_after=2022-12-19T00:00:00+00:00
[2022-12-20T00:01:49.103+0100] {logging_mixin.py:137} INFO - [2022-12-20T00:01:49.103+0100] {dag.py:3423} INFO - Setting next_dagrun for example_branch_datetime_operator_2 to 2022-12-18T00:00:00+00:00, run_after=2022-12-19T00:00:00+00:00
[2022-12-20T00:01:49.104+0100] {logging_mixin.py:137} INFO - [2022-12-20T00:01:49.104+0100] {dag.py:3423} INFO - Setting next_dagrun for example_branch_datetime_operator_3 to 2022-12-18T00:00:00+00:00, run_after=2022-12-19T00:00:00+00:00
[2022-12-20T00:01:49.127+0100] {processor.py:175} INFO - Processing /home/kamlesh/pyenvs/data-engg/lib/python3.10/site-packages/airflow/example_dags/example_branch_datetime_operator.py took 0.101 seconds
[2022-12-20T00:02:40.618+0100] {processor.py:153} INFO - Started process (PID=11183) to work on /home/kamlesh/pyenvs/data-engg/lib/python3.10/site-packages/airflow/example_dags/example_branch_datetime_operator.py
[2022-12-20T00:02:40.628+0100] {processor.py:743} INFO - Processing file /home/kamlesh/pyenvs/data-engg/lib/python3.10/site-packages/airflow/example_dags/example_branch_datetime_operator.py for tasks to queue
[2022-12-20T00:02:40.630+0100] {logging_mixin.py:137} INFO - [2022-12-20T00:02:40.630+0100] {dagbag.py:538} INFO - Filling up the DagBag from /home/kamlesh/pyenvs/data-engg/lib/python3.10/site-packages/airflow/example_dags/example_branch_datetime_operator.py
[2022-12-20T00:02:40.661+0100] {processor.py:753} INFO - DAG(s) dict_keys(['example_branch_datetime_operator_2', 'example_branch_datetime_operator', 'example_branch_datetime_operator_3']) retrieved from /home/kamlesh/pyenvs/data-engg/lib/python3.10/site-packages/airflow/example_dags/example_branch_datetime_operator.py
[2022-12-20T00:02:40.687+0100] {logging_mixin.py:137} INFO - [2022-12-20T00:02:40.687+0100] {dag.py:2676} INFO - Sync 3 DAGs
[2022-12-20T00:02:40.700+0100] {logging_mixin.py:137} INFO - [2022-12-20T00:02:40.700+0100] {dag.py:3423} INFO - Setting next_dagrun for example_branch_datetime_operator to 2022-12-18T00:00:00+00:00, run_after=2022-12-19T00:00:00+00:00
[2022-12-20T00:02:40.703+0100] {logging_mixin.py:137} INFO - [2022-12-20T00:02:40.703+0100] {dag.py:3423} INFO - Setting next_dagrun for example_branch_datetime_operator_2 to 2022-12-18T00:00:00+00:00, run_after=2022-12-19T00:00:00+00:00
[2022-12-20T00:02:40.705+0100] {logging_mixin.py:137} INFO - [2022-12-20T00:02:40.704+0100] {dag.py:3423} INFO - Setting next_dagrun for example_branch_datetime_operator_3 to 2022-12-18T00:00:00+00:00, run_after=2022-12-19T00:00:00+00:00
[2022-12-20T00:02:40.721+0100] {processor.py:175} INFO - Processing /home/kamlesh/pyenvs/data-engg/lib/python3.10/site-packages/airflow/example_dags/example_branch_datetime_operator.py took 0.110 seconds
[2022-12-20T00:03:23.927+0100] {processor.py:153} INFO - Started process (PID=11232) to work on /home/kamlesh/pyenvs/data-engg/lib/python3.10/site-packages/airflow/example_dags/example_branch_datetime_operator.py
[2022-12-20T00:03:23.935+0100] {processor.py:743} INFO - Processing file /home/kamlesh/pyenvs/data-engg/lib/python3.10/site-packages/airflow/example_dags/example_branch_datetime_operator.py for tasks to queue
[2022-12-20T00:03:23.936+0100] {logging_mixin.py:137} INFO - [2022-12-20T00:03:23.936+0100] {dagbag.py:538} INFO - Filling up the DagBag from /home/kamlesh/pyenvs/data-engg/lib/python3.10/site-packages/airflow/example_dags/example_branch_datetime_operator.py
[2022-12-20T00:03:23.950+0100] {processor.py:753} INFO - DAG(s) dict_keys(['example_branch_datetime_operator', 'example_branch_datetime_operator_2', 'example_branch_datetime_operator_3']) retrieved from /home/kamlesh/pyenvs/data-engg/lib/python3.10/site-packages/airflow/example_dags/example_branch_datetime_operator.py
[2022-12-20T00:03:23.976+0100] {logging_mixin.py:137} INFO - [2022-12-20T00:03:23.976+0100] {dag.py:2676} INFO - Sync 3 DAGs
[2022-12-20T00:03:23.990+0100] {logging_mixin.py:137} INFO - [2022-12-20T00:03:23.990+0100] {dag.py:3423} INFO - Setting next_dagrun for example_branch_datetime_operator to 2022-12-18T00:00:00+00:00, run_after=2022-12-19T00:00:00+00:00
[2022-12-20T00:03:23.993+0100] {logging_mixin.py:137} INFO - [2022-12-20T00:03:23.993+0100] {dag.py:3423} INFO - Setting next_dagrun for example_branch_datetime_operator_2 to 2022-12-18T00:00:00+00:00, run_after=2022-12-19T00:00:00+00:00
[2022-12-20T00:03:23.995+0100] {logging_mixin.py:137} INFO - [2022-12-20T00:03:23.995+0100] {dag.py:3423} INFO - Setting next_dagrun for example_branch_datetime_operator_3 to 2022-12-18T00:00:00+00:00, run_after=2022-12-19T00:00:00+00:00
[2022-12-20T00:03:24.013+0100] {processor.py:175} INFO - Processing /home/kamlesh/pyenvs/data-engg/lib/python3.10/site-packages/airflow/example_dags/example_branch_datetime_operator.py took 0.088 seconds
