[2022-12-19T23:56:12.154+0100] {processor.py:153} INFO - Started process (PID=9896) to work on /home/kamlesh/pyenvs/data-engg/lib/python3.10/site-packages/airflow/example_dags/example_xcomargs.py
[2022-12-19T23:56:12.156+0100] {processor.py:743} INFO - Processing file /home/kamlesh/pyenvs/data-engg/lib/python3.10/site-packages/airflow/example_dags/example_xcomargs.py for tasks to queue
[2022-12-19T23:56:12.158+0100] {logging_mixin.py:137} INFO - [2022-12-19T23:56:12.157+0100] {dagbag.py:538} INFO - Filling up the DagBag from /home/kamlesh/pyenvs/data-engg/lib/python3.10/site-packages/airflow/example_dags/example_xcomargs.py
[2022-12-19T23:56:12.189+0100] {processor.py:753} INFO - DAG(s) dict_keys(['example_xcom_args', 'example_xcom_args_with_operators']) retrieved from /home/kamlesh/pyenvs/data-engg/lib/python3.10/site-packages/airflow/example_dags/example_xcomargs.py
[2022-12-19T23:56:12.278+0100] {logging_mixin.py:137} INFO - [2022-12-19T23:56:12.278+0100] {manager.py:504} INFO - Created Permission View: can delete on DAG:example_xcom_args
[2022-12-19T23:56:12.295+0100] {logging_mixin.py:137} INFO - [2022-12-19T23:56:12.294+0100] {manager.py:504} INFO - Created Permission View: can read on DAG:example_xcom_args
[2022-12-19T23:56:12.308+0100] {logging_mixin.py:137} INFO - [2022-12-19T23:56:12.308+0100] {manager.py:504} INFO - Created Permission View: can edit on DAG:example_xcom_args
[2022-12-19T23:56:12.334+0100] {logging_mixin.py:137} INFO - [2022-12-19T23:56:12.334+0100] {manager.py:504} INFO - Created Permission View: can delete on DAG:example_xcom_args_with_operators
[2022-12-19T23:56:12.346+0100] {logging_mixin.py:137} INFO - [2022-12-19T23:56:12.346+0100] {manager.py:504} INFO - Created Permission View: can read on DAG:example_xcom_args_with_operators
[2022-12-19T23:56:12.361+0100] {logging_mixin.py:137} INFO - [2022-12-19T23:56:12.361+0100] {manager.py:504} INFO - Created Permission View: can edit on DAG:example_xcom_args_with_operators
[2022-12-19T23:56:12.361+0100] {logging_mixin.py:137} INFO - [2022-12-19T23:56:12.361+0100] {dag.py:2676} INFO - Sync 2 DAGs
[2022-12-19T23:56:12.374+0100] {logging_mixin.py:137} INFO - [2022-12-19T23:56:12.374+0100] {dag.py:2697} INFO - Creating ORM DAG for example_xcom_args_with_operators
[2022-12-19T23:56:12.375+0100] {logging_mixin.py:137} INFO - [2022-12-19T23:56:12.374+0100] {dag.py:2697} INFO - Creating ORM DAG for example_xcom_args
[2022-12-19T23:56:12.383+0100] {logging_mixin.py:137} INFO - [2022-12-19T23:56:12.382+0100] {dag.py:3423} INFO - Setting next_dagrun for example_xcom_args to None, run_after=None
[2022-12-19T23:56:12.383+0100] {logging_mixin.py:137} INFO - [2022-12-19T23:56:12.383+0100] {dag.py:3423} INFO - Setting next_dagrun for example_xcom_args_with_operators to None, run_after=None
[2022-12-19T23:56:12.405+0100] {processor.py:175} INFO - Processing /home/kamlesh/pyenvs/data-engg/lib/python3.10/site-packages/airflow/example_dags/example_xcomargs.py took 0.258 seconds
[2022-12-20T00:00:31.502+0100] {processor.py:153} INFO - Started process (PID=10790) to work on /home/kamlesh/pyenvs/data-engg/lib/python3.10/site-packages/airflow/example_dags/example_xcomargs.py
[2022-12-20T00:00:31.510+0100] {processor.py:743} INFO - Processing file /home/kamlesh/pyenvs/data-engg/lib/python3.10/site-packages/airflow/example_dags/example_xcomargs.py for tasks to queue
[2022-12-20T00:00:31.510+0100] {logging_mixin.py:137} INFO - [2022-12-20T00:00:31.510+0100] {dagbag.py:538} INFO - Filling up the DagBag from /home/kamlesh/pyenvs/data-engg/lib/python3.10/site-packages/airflow/example_dags/example_xcomargs.py
[2022-12-20T00:00:31.528+0100] {processor.py:753} INFO - DAG(s) dict_keys(['example_xcom_args', 'example_xcom_args_with_operators']) retrieved from /home/kamlesh/pyenvs/data-engg/lib/python3.10/site-packages/airflow/example_dags/example_xcomargs.py
[2022-12-20T00:00:31.550+0100] {logging_mixin.py:137} INFO - [2022-12-20T00:00:31.550+0100] {dag.py:2676} INFO - Sync 2 DAGs
[2022-12-20T00:00:31.562+0100] {logging_mixin.py:137} INFO - [2022-12-20T00:00:31.562+0100] {dag.py:3423} INFO - Setting next_dagrun for example_xcom_args to None, run_after=None
[2022-12-20T00:00:31.563+0100] {logging_mixin.py:137} INFO - [2022-12-20T00:00:31.563+0100] {dag.py:3423} INFO - Setting next_dagrun for example_xcom_args_with_operators to None, run_after=None
[2022-12-20T00:00:31.589+0100] {processor.py:175} INFO - Processing /home/kamlesh/pyenvs/data-engg/lib/python3.10/site-packages/airflow/example_dags/example_xcomargs.py took 0.090 seconds
[2022-12-20T00:01:13.491+0100] {processor.py:153} INFO - Started process (PID=11010) to work on /home/kamlesh/pyenvs/data-engg/lib/python3.10/site-packages/airflow/example_dags/example_xcomargs.py
[2022-12-20T00:01:13.501+0100] {processor.py:743} INFO - Processing file /home/kamlesh/pyenvs/data-engg/lib/python3.10/site-packages/airflow/example_dags/example_xcomargs.py for tasks to queue
[2022-12-20T00:01:13.502+0100] {logging_mixin.py:137} INFO - [2022-12-20T00:01:13.502+0100] {dagbag.py:538} INFO - Filling up the DagBag from /home/kamlesh/pyenvs/data-engg/lib/python3.10/site-packages/airflow/example_dags/example_xcomargs.py
[2022-12-20T00:01:13.542+0100] {processor.py:753} INFO - DAG(s) dict_keys(['example_xcom_args', 'example_xcom_args_with_operators']) retrieved from /home/kamlesh/pyenvs/data-engg/lib/python3.10/site-packages/airflow/example_dags/example_xcomargs.py
[2022-12-20T00:01:13.570+0100] {logging_mixin.py:137} INFO - [2022-12-20T00:01:13.570+0100] {dag.py:2676} INFO - Sync 2 DAGs
[2022-12-20T00:01:13.584+0100] {logging_mixin.py:137} INFO - [2022-12-20T00:01:13.584+0100] {dag.py:3423} INFO - Setting next_dagrun for example_xcom_args to None, run_after=None
[2022-12-20T00:01:13.586+0100] {logging_mixin.py:137} INFO - [2022-12-20T00:01:13.586+0100] {dag.py:3423} INFO - Setting next_dagrun for example_xcom_args_with_operators to None, run_after=None
[2022-12-20T00:01:13.604+0100] {processor.py:175} INFO - Processing /home/kamlesh/pyenvs/data-engg/lib/python3.10/site-packages/airflow/example_dags/example_xcomargs.py took 0.121 seconds
[2022-12-20T00:01:51.557+0100] {processor.py:153} INFO - Started process (PID=11053) to work on /home/kamlesh/pyenvs/data-engg/lib/python3.10/site-packages/airflow/example_dags/example_xcomargs.py
[2022-12-20T00:01:51.567+0100] {processor.py:743} INFO - Processing file /home/kamlesh/pyenvs/data-engg/lib/python3.10/site-packages/airflow/example_dags/example_xcomargs.py for tasks to queue
[2022-12-20T00:01:51.568+0100] {logging_mixin.py:137} INFO - [2022-12-20T00:01:51.568+0100] {dagbag.py:538} INFO - Filling up the DagBag from /home/kamlesh/pyenvs/data-engg/lib/python3.10/site-packages/airflow/example_dags/example_xcomargs.py
[2022-12-20T00:01:51.604+0100] {processor.py:753} INFO - DAG(s) dict_keys(['example_xcom_args_with_operators', 'example_xcom_args']) retrieved from /home/kamlesh/pyenvs/data-engg/lib/python3.10/site-packages/airflow/example_dags/example_xcomargs.py
[2022-12-20T00:01:51.629+0100] {logging_mixin.py:137} INFO - [2022-12-20T00:01:51.629+0100] {dag.py:2676} INFO - Sync 2 DAGs
[2022-12-20T00:01:51.641+0100] {logging_mixin.py:137} INFO - [2022-12-20T00:01:51.641+0100] {dag.py:3423} INFO - Setting next_dagrun for example_xcom_args to None, run_after=None
[2022-12-20T00:01:51.643+0100] {logging_mixin.py:137} INFO - [2022-12-20T00:01:51.643+0100] {dag.py:3423} INFO - Setting next_dagrun for example_xcom_args_with_operators to None, run_after=None
[2022-12-20T00:01:51.659+0100] {processor.py:175} INFO - Processing /home/kamlesh/pyenvs/data-engg/lib/python3.10/site-packages/airflow/example_dags/example_xcomargs.py took 0.108 seconds
[2022-12-20T00:02:29.060+0100] {processor.py:153} INFO - Started process (PID=11173) to work on /home/kamlesh/pyenvs/data-engg/lib/python3.10/site-packages/airflow/example_dags/example_xcomargs.py
[2022-12-20T00:02:29.068+0100] {processor.py:743} INFO - Processing file /home/kamlesh/pyenvs/data-engg/lib/python3.10/site-packages/airflow/example_dags/example_xcomargs.py for tasks to queue
[2022-12-20T00:02:29.069+0100] {logging_mixin.py:137} INFO - [2022-12-20T00:02:29.069+0100] {dagbag.py:538} INFO - Filling up the DagBag from /home/kamlesh/pyenvs/data-engg/lib/python3.10/site-packages/airflow/example_dags/example_xcomargs.py
[2022-12-20T00:02:29.096+0100] {processor.py:753} INFO - DAG(s) dict_keys(['example_xcom_args_with_operators', 'example_xcom_args']) retrieved from /home/kamlesh/pyenvs/data-engg/lib/python3.10/site-packages/airflow/example_dags/example_xcomargs.py
[2022-12-20T00:02:29.119+0100] {logging_mixin.py:137} INFO - [2022-12-20T00:02:29.119+0100] {dag.py:2676} INFO - Sync 2 DAGs
[2022-12-20T00:02:29.133+0100] {logging_mixin.py:137} INFO - [2022-12-20T00:02:29.133+0100] {dag.py:3423} INFO - Setting next_dagrun for example_xcom_args to None, run_after=None
[2022-12-20T00:02:29.135+0100] {logging_mixin.py:137} INFO - [2022-12-20T00:02:29.135+0100] {dag.py:3423} INFO - Setting next_dagrun for example_xcom_args_with_operators to None, run_after=None
[2022-12-20T00:02:29.153+0100] {processor.py:175} INFO - Processing /home/kamlesh/pyenvs/data-engg/lib/python3.10/site-packages/airflow/example_dags/example_xcomargs.py took 0.098 seconds
[2022-12-20T00:03:13.051+0100] {processor.py:153} INFO - Started process (PID=11219) to work on /home/kamlesh/pyenvs/data-engg/lib/python3.10/site-packages/airflow/example_dags/example_xcomargs.py
[2022-12-20T00:03:13.060+0100] {processor.py:743} INFO - Processing file /home/kamlesh/pyenvs/data-engg/lib/python3.10/site-packages/airflow/example_dags/example_xcomargs.py for tasks to queue
[2022-12-20T00:03:13.060+0100] {logging_mixin.py:137} INFO - [2022-12-20T00:03:13.060+0100] {dagbag.py:538} INFO - Filling up the DagBag from /home/kamlesh/pyenvs/data-engg/lib/python3.10/site-packages/airflow/example_dags/example_xcomargs.py
[2022-12-20T00:03:13.084+0100] {processor.py:753} INFO - DAG(s) dict_keys(['example_xcom_args', 'example_xcom_args_with_operators']) retrieved from /home/kamlesh/pyenvs/data-engg/lib/python3.10/site-packages/airflow/example_dags/example_xcomargs.py
[2022-12-20T00:03:13.107+0100] {logging_mixin.py:137} INFO - [2022-12-20T00:03:13.107+0100] {dag.py:2676} INFO - Sync 2 DAGs
[2022-12-20T00:03:13.120+0100] {logging_mixin.py:137} INFO - [2022-12-20T00:03:13.120+0100] {dag.py:3423} INFO - Setting next_dagrun for example_xcom_args to None, run_after=None
[2022-12-20T00:03:13.122+0100] {logging_mixin.py:137} INFO - [2022-12-20T00:03:13.121+0100] {dag.py:3423} INFO - Setting next_dagrun for example_xcom_args_with_operators to None, run_after=None
[2022-12-20T00:03:13.138+0100] {processor.py:175} INFO - Processing /home/kamlesh/pyenvs/data-engg/lib/python3.10/site-packages/airflow/example_dags/example_xcomargs.py took 0.089 seconds
