[2022-12-20T00:00:59.991+0100] {processor.py:153} INFO - Started process (PID=10940) to work on /home/kamlesh/pyenvs/data-engg/lib/python3.10/site-packages/airflow/example_dags/example_branch_operator_decorator.py
[2022-12-20T00:00:59.991+0100] {processor.py:743} INFO - Processing file /home/kamlesh/pyenvs/data-engg/lib/python3.10/site-packages/airflow/example_dags/example_branch_operator_decorator.py for tasks to queue
[2022-12-20T00:00:59.992+0100] {logging_mixin.py:137} INFO - [2022-12-20T00:00:59.992+0100] {dagbag.py:538} INFO - Filling up the DagBag from /home/kamlesh/pyenvs/data-engg/lib/python3.10/site-packages/airflow/example_dags/example_branch_operator_decorator.py
[2022-12-20T00:01:00.011+0100] {processor.py:753} INFO - DAG(s) dict_keys(['example_branch_python_operator_decorator']) retrieved from /home/kamlesh/pyenvs/data-engg/lib/python3.10/site-packages/airflow/example_dags/example_branch_operator_decorator.py
[2022-12-20T00:01:00.105+0100] {logging_mixin.py:137} INFO - [2022-12-20T00:01:00.104+0100] {manager.py:504} INFO - Created Permission View: can delete on DAG:example_branch_python_operator_decorator
[2022-12-20T00:01:00.124+0100] {logging_mixin.py:137} INFO - [2022-12-20T00:01:00.124+0100] {manager.py:504} INFO - Created Permission View: can read on DAG:example_branch_python_operator_decorator
[2022-12-20T00:01:00.134+0100] {logging_mixin.py:137} INFO - [2022-12-20T00:01:00.134+0100] {manager.py:504} INFO - Created Permission View: can edit on DAG:example_branch_python_operator_decorator
[2022-12-20T00:01:00.135+0100] {logging_mixin.py:137} INFO - [2022-12-20T00:01:00.135+0100] {dag.py:2676} INFO - Sync 1 DAGs
[2022-12-20T00:01:00.146+0100] {logging_mixin.py:137} INFO - [2022-12-20T00:01:00.146+0100] {dag.py:2697} INFO - Creating ORM DAG for example_branch_python_operator_decorator
[2022-12-20T00:01:00.157+0100] {logging_mixin.py:137} INFO - [2022-12-20T00:01:00.157+0100] {dag.py:3423} INFO - Setting next_dagrun for example_branch_python_operator_decorator to 2022-12-18T00:00:00+00:00, run_after=2022-12-19T00:00:00+00:00
[2022-12-20T00:01:00.177+0100] {processor.py:175} INFO - Processing /home/kamlesh/pyenvs/data-engg/lib/python3.10/site-packages/airflow/example_dags/example_branch_operator_decorator.py took 0.190 seconds
[2022-12-20T00:01:43.008+0100] {processor.py:153} INFO - Started process (PID=11045) to work on /home/kamlesh/pyenvs/data-engg/lib/python3.10/site-packages/airflow/example_dags/example_branch_operator_decorator.py
[2022-12-20T00:01:43.009+0100] {processor.py:743} INFO - Processing file /home/kamlesh/pyenvs/data-engg/lib/python3.10/site-packages/airflow/example_dags/example_branch_operator_decorator.py for tasks to queue
[2022-12-20T00:01:43.010+0100] {logging_mixin.py:137} INFO - [2022-12-20T00:01:43.010+0100] {dagbag.py:538} INFO - Filling up the DagBag from /home/kamlesh/pyenvs/data-engg/lib/python3.10/site-packages/airflow/example_dags/example_branch_operator_decorator.py
[2022-12-20T00:01:43.034+0100] {processor.py:753} INFO - DAG(s) dict_keys(['example_branch_python_operator_decorator']) retrieved from /home/kamlesh/pyenvs/data-engg/lib/python3.10/site-packages/airflow/example_dags/example_branch_operator_decorator.py
[2022-12-20T00:01:43.055+0100] {logging_mixin.py:137} INFO - [2022-12-20T00:01:43.055+0100] {dag.py:2676} INFO - Sync 1 DAGs
[2022-12-20T00:01:43.067+0100] {logging_mixin.py:137} INFO - [2022-12-20T00:01:43.067+0100] {dag.py:3423} INFO - Setting next_dagrun for example_branch_python_operator_decorator to 2022-12-18T00:00:00+00:00, run_after=2022-12-19T00:00:00+00:00
[2022-12-20T00:01:43.085+0100] {processor.py:175} INFO - Processing /home/kamlesh/pyenvs/data-engg/lib/python3.10/site-packages/airflow/example_dags/example_branch_operator_decorator.py took 0.084 seconds
[2022-12-20T00:02:25.218+0100] {processor.py:153} INFO - Started process (PID=11170) to work on /home/kamlesh/pyenvs/data-engg/lib/python3.10/site-packages/airflow/example_dags/example_branch_operator_decorator.py
[2022-12-20T00:02:25.229+0100] {processor.py:743} INFO - Processing file /home/kamlesh/pyenvs/data-engg/lib/python3.10/site-packages/airflow/example_dags/example_branch_operator_decorator.py for tasks to queue
[2022-12-20T00:02:25.230+0100] {logging_mixin.py:137} INFO - [2022-12-20T00:02:25.230+0100] {dagbag.py:538} INFO - Filling up the DagBag from /home/kamlesh/pyenvs/data-engg/lib/python3.10/site-packages/airflow/example_dags/example_branch_operator_decorator.py
[2022-12-20T00:02:25.271+0100] {processor.py:753} INFO - DAG(s) dict_keys(['example_branch_python_operator_decorator']) retrieved from /home/kamlesh/pyenvs/data-engg/lib/python3.10/site-packages/airflow/example_dags/example_branch_operator_decorator.py
[2022-12-20T00:02:25.296+0100] {logging_mixin.py:137} INFO - [2022-12-20T00:02:25.296+0100] {dag.py:2676} INFO - Sync 1 DAGs
[2022-12-20T00:02:25.310+0100] {logging_mixin.py:137} INFO - [2022-12-20T00:02:25.310+0100] {dag.py:3423} INFO - Setting next_dagrun for example_branch_python_operator_decorator to 2022-12-18T00:00:00+00:00, run_after=2022-12-19T00:00:00+00:00
[2022-12-20T00:02:25.329+0100] {processor.py:175} INFO - Processing /home/kamlesh/pyenvs/data-engg/lib/python3.10/site-packages/airflow/example_dags/example_branch_operator_decorator.py took 0.118 seconds
[2022-12-20T00:03:10.501+0100] {processor.py:153} INFO - Started process (PID=11217) to work on /home/kamlesh/pyenvs/data-engg/lib/python3.10/site-packages/airflow/example_dags/example_branch_operator_decorator.py
[2022-12-20T00:03:10.511+0100] {processor.py:743} INFO - Processing file /home/kamlesh/pyenvs/data-engg/lib/python3.10/site-packages/airflow/example_dags/example_branch_operator_decorator.py for tasks to queue
[2022-12-20T00:03:10.513+0100] {logging_mixin.py:137} INFO - [2022-12-20T00:03:10.513+0100] {dagbag.py:538} INFO - Filling up the DagBag from /home/kamlesh/pyenvs/data-engg/lib/python3.10/site-packages/airflow/example_dags/example_branch_operator_decorator.py
[2022-12-20T00:03:10.549+0100] {processor.py:753} INFO - DAG(s) dict_keys(['example_branch_python_operator_decorator']) retrieved from /home/kamlesh/pyenvs/data-engg/lib/python3.10/site-packages/airflow/example_dags/example_branch_operator_decorator.py
[2022-12-20T00:03:10.570+0100] {logging_mixin.py:137} INFO - [2022-12-20T00:03:10.570+0100] {dag.py:2676} INFO - Sync 1 DAGs
[2022-12-20T00:03:10.584+0100] {logging_mixin.py:137} INFO - [2022-12-20T00:03:10.584+0100] {dag.py:3423} INFO - Setting next_dagrun for example_branch_python_operator_decorator to 2022-12-18T00:00:00+00:00, run_after=2022-12-19T00:00:00+00:00
[2022-12-20T00:03:10.601+0100] {processor.py:175} INFO - Processing /home/kamlesh/pyenvs/data-engg/lib/python3.10/site-packages/airflow/example_dags/example_branch_operator_decorator.py took 0.107 seconds
