[2022-12-20T00:00:55.749+0100] {processor.py:153} INFO - Started process (PID=10921) to work on /home/kamlesh/pyenvs/data-engg/lib/python3.10/site-packages/airflow/example_dags/example_external_task_marker_dag.py
[2022-12-20T00:00:55.750+0100] {processor.py:743} INFO - Processing file /home/kamlesh/pyenvs/data-engg/lib/python3.10/site-packages/airflow/example_dags/example_external_task_marker_dag.py for tasks to queue
[2022-12-20T00:00:55.751+0100] {logging_mixin.py:137} INFO - [2022-12-20T00:00:55.751+0100] {dagbag.py:538} INFO - Filling up the DagBag from /home/kamlesh/pyenvs/data-engg/lib/python3.10/site-packages/airflow/example_dags/example_external_task_marker_dag.py
[2022-12-20T00:00:55.764+0100] {processor.py:753} INFO - DAG(s) dict_keys(['example_external_task_marker_parent', 'example_external_task_marker_child']) retrieved from /home/kamlesh/pyenvs/data-engg/lib/python3.10/site-packages/airflow/example_dags/example_external_task_marker_dag.py
[2022-12-20T00:00:55.889+0100] {logging_mixin.py:137} INFO - [2022-12-20T00:00:55.889+0100] {manager.py:504} INFO - Created Permission View: can delete on DAG:example_external_task_marker_parent
[2022-12-20T00:00:55.901+0100] {logging_mixin.py:137} INFO - [2022-12-20T00:00:55.901+0100] {manager.py:504} INFO - Created Permission View: can read on DAG:example_external_task_marker_parent
[2022-12-20T00:00:55.911+0100] {logging_mixin.py:137} INFO - [2022-12-20T00:00:55.911+0100] {manager.py:504} INFO - Created Permission View: can edit on DAG:example_external_task_marker_parent
[2022-12-20T00:00:55.934+0100] {logging_mixin.py:137} INFO - [2022-12-20T00:00:55.933+0100] {manager.py:504} INFO - Created Permission View: can delete on DAG:example_external_task_marker_child
[2022-12-20T00:00:55.943+0100] {logging_mixin.py:137} INFO - [2022-12-20T00:00:55.942+0100] {manager.py:504} INFO - Created Permission View: can read on DAG:example_external_task_marker_child
[2022-12-20T00:00:55.951+0100] {logging_mixin.py:137} INFO - [2022-12-20T00:00:55.951+0100] {manager.py:504} INFO - Created Permission View: can edit on DAG:example_external_task_marker_child
[2022-12-20T00:00:55.951+0100] {logging_mixin.py:137} INFO - [2022-12-20T00:00:55.951+0100] {dag.py:2676} INFO - Sync 2 DAGs
[2022-12-20T00:00:55.960+0100] {logging_mixin.py:137} INFO - [2022-12-20T00:00:55.960+0100] {dag.py:2697} INFO - Creating ORM DAG for example_external_task_marker_child
[2022-12-20T00:00:55.960+0100] {logging_mixin.py:137} INFO - [2022-12-20T00:00:55.960+0100] {dag.py:2697} INFO - Creating ORM DAG for example_external_task_marker_parent
[2022-12-20T00:00:55.966+0100] {logging_mixin.py:137} INFO - [2022-12-20T00:00:55.966+0100] {dag.py:3423} INFO - Setting next_dagrun for example_external_task_marker_child to None, run_after=None
[2022-12-20T00:00:55.967+0100] {logging_mixin.py:137} INFO - [2022-12-20T00:00:55.967+0100] {dag.py:3423} INFO - Setting next_dagrun for example_external_task_marker_parent to None, run_after=None
[2022-12-20T00:00:55.985+0100] {processor.py:175} INFO - Processing /home/kamlesh/pyenvs/data-engg/lib/python3.10/site-packages/airflow/example_dags/example_external_task_marker_dag.py took 0.238 seconds
[2022-12-20T00:01:38.382+0100] {processor.py:153} INFO - Started process (PID=11041) to work on /home/kamlesh/pyenvs/data-engg/lib/python3.10/site-packages/airflow/example_dags/example_external_task_marker_dag.py
[2022-12-20T00:01:38.392+0100] {processor.py:743} INFO - Processing file /home/kamlesh/pyenvs/data-engg/lib/python3.10/site-packages/airflow/example_dags/example_external_task_marker_dag.py for tasks to queue
[2022-12-20T00:01:38.394+0100] {logging_mixin.py:137} INFO - [2022-12-20T00:01:38.393+0100] {dagbag.py:538} INFO - Filling up the DagBag from /home/kamlesh/pyenvs/data-engg/lib/python3.10/site-packages/airflow/example_dags/example_external_task_marker_dag.py
[2022-12-20T00:01:38.419+0100] {processor.py:753} INFO - DAG(s) dict_keys(['example_external_task_marker_child', 'example_external_task_marker_parent']) retrieved from /home/kamlesh/pyenvs/data-engg/lib/python3.10/site-packages/airflow/example_dags/example_external_task_marker_dag.py
[2022-12-20T00:01:38.445+0100] {logging_mixin.py:137} INFO - [2022-12-20T00:01:38.445+0100] {dag.py:2676} INFO - Sync 2 DAGs
[2022-12-20T00:01:38.457+0100] {logging_mixin.py:137} INFO - [2022-12-20T00:01:38.457+0100] {dag.py:3423} INFO - Setting next_dagrun for example_external_task_marker_child to None, run_after=None
[2022-12-20T00:01:38.459+0100] {logging_mixin.py:137} INFO - [2022-12-20T00:01:38.459+0100] {dag.py:3423} INFO - Setting next_dagrun for example_external_task_marker_parent to None, run_after=None
[2022-12-20T00:01:38.475+0100] {processor.py:175} INFO - Processing /home/kamlesh/pyenvs/data-engg/lib/python3.10/site-packages/airflow/example_dags/example_external_task_marker_dag.py took 0.100 seconds
[2022-12-20T00:02:21.188+0100] {processor.py:153} INFO - Started process (PID=11166) to work on /home/kamlesh/pyenvs/data-engg/lib/python3.10/site-packages/airflow/example_dags/example_external_task_marker_dag.py
[2022-12-20T00:02:21.197+0100] {processor.py:743} INFO - Processing file /home/kamlesh/pyenvs/data-engg/lib/python3.10/site-packages/airflow/example_dags/example_external_task_marker_dag.py for tasks to queue
[2022-12-20T00:02:21.199+0100] {logging_mixin.py:137} INFO - [2022-12-20T00:02:21.198+0100] {dagbag.py:538} INFO - Filling up the DagBag from /home/kamlesh/pyenvs/data-engg/lib/python3.10/site-packages/airflow/example_dags/example_external_task_marker_dag.py
[2022-12-20T00:02:21.234+0100] {processor.py:753} INFO - DAG(s) dict_keys(['example_external_task_marker_child', 'example_external_task_marker_parent']) retrieved from /home/kamlesh/pyenvs/data-engg/lib/python3.10/site-packages/airflow/example_dags/example_external_task_marker_dag.py
[2022-12-20T00:02:21.265+0100] {logging_mixin.py:137} INFO - [2022-12-20T00:02:21.264+0100] {dag.py:2676} INFO - Sync 2 DAGs
[2022-12-20T00:02:21.277+0100] {logging_mixin.py:137} INFO - [2022-12-20T00:02:21.277+0100] {dag.py:3423} INFO - Setting next_dagrun for example_external_task_marker_child to None, run_after=None
[2022-12-20T00:02:21.279+0100] {logging_mixin.py:137} INFO - [2022-12-20T00:02:21.279+0100] {dag.py:3423} INFO - Setting next_dagrun for example_external_task_marker_parent to None, run_after=None
[2022-12-20T00:02:21.296+0100] {processor.py:175} INFO - Processing /home/kamlesh/pyenvs/data-engg/lib/python3.10/site-packages/airflow/example_dags/example_external_task_marker_dag.py took 0.110 seconds
[2022-12-20T00:03:05.847+0100] {processor.py:153} INFO - Started process (PID=11212) to work on /home/kamlesh/pyenvs/data-engg/lib/python3.10/site-packages/airflow/example_dags/example_external_task_marker_dag.py
[2022-12-20T00:03:05.857+0100] {processor.py:743} INFO - Processing file /home/kamlesh/pyenvs/data-engg/lib/python3.10/site-packages/airflow/example_dags/example_external_task_marker_dag.py for tasks to queue
[2022-12-20T00:03:05.859+0100] {logging_mixin.py:137} INFO - [2022-12-20T00:03:05.858+0100] {dagbag.py:538} INFO - Filling up the DagBag from /home/kamlesh/pyenvs/data-engg/lib/python3.10/site-packages/airflow/example_dags/example_external_task_marker_dag.py
[2022-12-20T00:03:05.888+0100] {processor.py:753} INFO - DAG(s) dict_keys(['example_external_task_marker_child', 'example_external_task_marker_parent']) retrieved from /home/kamlesh/pyenvs/data-engg/lib/python3.10/site-packages/airflow/example_dags/example_external_task_marker_dag.py
[2022-12-20T00:03:05.913+0100] {logging_mixin.py:137} INFO - [2022-12-20T00:03:05.912+0100] {dag.py:2676} INFO - Sync 2 DAGs
[2022-12-20T00:03:05.924+0100] {logging_mixin.py:137} INFO - [2022-12-20T00:03:05.924+0100] {dag.py:3423} INFO - Setting next_dagrun for example_external_task_marker_child to None, run_after=None
[2022-12-20T00:03:05.926+0100] {logging_mixin.py:137} INFO - [2022-12-20T00:03:05.926+0100] {dag.py:3423} INFO - Setting next_dagrun for example_external_task_marker_parent to None, run_after=None
[2022-12-20T00:03:05.943+0100] {processor.py:175} INFO - Processing /home/kamlesh/pyenvs/data-engg/lib/python3.10/site-packages/airflow/example_dags/example_external_task_marker_dag.py took 0.103 seconds
[2022-12-20T00:03:48.634+0100] {processor.py:153} INFO - Started process (PID=11279) to work on /home/kamlesh/pyenvs/data-engg/lib/python3.10/site-packages/airflow/example_dags/example_external_task_marker_dag.py
[2022-12-20T00:03:48.644+0100] {processor.py:743} INFO - Processing file /home/kamlesh/pyenvs/data-engg/lib/python3.10/site-packages/airflow/example_dags/example_external_task_marker_dag.py for tasks to queue
[2022-12-20T00:03:48.645+0100] {logging_mixin.py:137} INFO - [2022-12-20T00:03:48.645+0100] {dagbag.py:538} INFO - Filling up the DagBag from /home/kamlesh/pyenvs/data-engg/lib/python3.10/site-packages/airflow/example_dags/example_external_task_marker_dag.py
[2022-12-20T00:03:48.672+0100] {processor.py:753} INFO - DAG(s) dict_keys(['example_external_task_marker_child', 'example_external_task_marker_parent']) retrieved from /home/kamlesh/pyenvs/data-engg/lib/python3.10/site-packages/airflow/example_dags/example_external_task_marker_dag.py
[2022-12-20T00:03:48.697+0100] {logging_mixin.py:137} INFO - [2022-12-20T00:03:48.697+0100] {dag.py:2676} INFO - Sync 2 DAGs
[2022-12-20T00:03:48.709+0100] {logging_mixin.py:137} INFO - [2022-12-20T00:03:48.709+0100] {dag.py:3423} INFO - Setting next_dagrun for example_external_task_marker_child to None, run_after=None
[2022-12-20T00:03:48.711+0100] {logging_mixin.py:137} INFO - [2022-12-20T00:03:48.711+0100] {dag.py:3423} INFO - Setting next_dagrun for example_external_task_marker_parent to None, run_after=None
[2022-12-20T00:03:48.729+0100] {processor.py:175} INFO - Processing /home/kamlesh/pyenvs/data-engg/lib/python3.10/site-packages/airflow/example_dags/example_external_task_marker_dag.py took 0.103 seconds
