[2022-12-20T00:00:57.524+0100] {processor.py:153} INFO - Started process (PID=10938) to work on /home/kamlesh/pyenvs/data-engg/lib/python3.10/site-packages/airflow/example_dags/example_latest_only.py
[2022-12-20T00:00:57.527+0100] {processor.py:743} INFO - Processing file /home/kamlesh/pyenvs/data-engg/lib/python3.10/site-packages/airflow/example_dags/example_latest_only.py for tasks to queue
[2022-12-20T00:00:57.528+0100] {logging_mixin.py:137} INFO - [2022-12-20T00:00:57.528+0100] {dagbag.py:538} INFO - Filling up the DagBag from /home/kamlesh/pyenvs/data-engg/lib/python3.10/site-packages/airflow/example_dags/example_latest_only.py
[2022-12-20T00:00:57.549+0100] {processor.py:753} INFO - DAG(s) dict_keys(['latest_only']) retrieved from /home/kamlesh/pyenvs/data-engg/lib/python3.10/site-packages/airflow/example_dags/example_latest_only.py
[2022-12-20T00:00:57.638+0100] {logging_mixin.py:137} INFO - [2022-12-20T00:00:57.637+0100] {manager.py:504} INFO - Created Permission View: can delete on DAG:latest_only
[2022-12-20T00:00:57.647+0100] {logging_mixin.py:137} INFO - [2022-12-20T00:00:57.647+0100] {manager.py:504} INFO - Created Permission View: can read on DAG:latest_only
[2022-12-20T00:00:57.656+0100] {logging_mixin.py:137} INFO - [2022-12-20T00:00:57.656+0100] {manager.py:504} INFO - Created Permission View: can edit on DAG:latest_only
[2022-12-20T00:00:57.656+0100] {logging_mixin.py:137} INFO - [2022-12-20T00:00:57.656+0100] {dag.py:2676} INFO - Sync 1 DAGs
[2022-12-20T00:00:57.663+0100] {logging_mixin.py:137} INFO - [2022-12-20T00:00:57.663+0100] {dag.py:2697} INFO - Creating ORM DAG for latest_only
[2022-12-20T00:00:57.669+0100] {logging_mixin.py:137} INFO - [2022-12-20T00:00:57.669+0100] {dag.py:3423} INFO - Setting next_dagrun for latest_only to 2022-12-19T19:00:57.669395+00:00, run_after=2022-12-19T23:00:57.669395+00:00
[2022-12-20T00:00:57.686+0100] {processor.py:175} INFO - Processing /home/kamlesh/pyenvs/data-engg/lib/python3.10/site-packages/airflow/example_dags/example_latest_only.py took 0.169 seconds
[2022-12-20T00:01:40.925+0100] {processor.py:153} INFO - Started process (PID=11043) to work on /home/kamlesh/pyenvs/data-engg/lib/python3.10/site-packages/airflow/example_dags/example_latest_only.py
[2022-12-20T00:01:40.934+0100] {processor.py:743} INFO - Processing file /home/kamlesh/pyenvs/data-engg/lib/python3.10/site-packages/airflow/example_dags/example_latest_only.py for tasks to queue
[2022-12-20T00:01:40.934+0100] {logging_mixin.py:137} INFO - [2022-12-20T00:01:40.934+0100] {dagbag.py:538} INFO - Filling up the DagBag from /home/kamlesh/pyenvs/data-engg/lib/python3.10/site-packages/airflow/example_dags/example_latest_only.py
[2022-12-20T00:01:40.946+0100] {processor.py:753} INFO - DAG(s) dict_keys(['latest_only']) retrieved from /home/kamlesh/pyenvs/data-engg/lib/python3.10/site-packages/airflow/example_dags/example_latest_only.py
[2022-12-20T00:01:40.970+0100] {logging_mixin.py:137} INFO - [2022-12-20T00:01:40.969+0100] {dag.py:2676} INFO - Sync 1 DAGs
[2022-12-20T00:01:40.982+0100] {logging_mixin.py:137} INFO - [2022-12-20T00:01:40.982+0100] {dag.py:3423} INFO - Setting next_dagrun for latest_only to 2022-12-19T19:01:40.982718+00:00, run_after=2022-12-19T23:01:40.982718+00:00
[2022-12-20T00:01:41.000+0100] {processor.py:175} INFO - Processing /home/kamlesh/pyenvs/data-engg/lib/python3.10/site-packages/airflow/example_dags/example_latest_only.py took 0.077 seconds
[2022-12-20T00:02:22.801+0100] {processor.py:153} INFO - Started process (PID=11168) to work on /home/kamlesh/pyenvs/data-engg/lib/python3.10/site-packages/airflow/example_dags/example_latest_only.py
[2022-12-20T00:02:22.810+0100] {processor.py:743} INFO - Processing file /home/kamlesh/pyenvs/data-engg/lib/python3.10/site-packages/airflow/example_dags/example_latest_only.py for tasks to queue
[2022-12-20T00:02:22.810+0100] {logging_mixin.py:137} INFO - [2022-12-20T00:02:22.810+0100] {dagbag.py:538} INFO - Filling up the DagBag from /home/kamlesh/pyenvs/data-engg/lib/python3.10/site-packages/airflow/example_dags/example_latest_only.py
[2022-12-20T00:02:22.826+0100] {processor.py:753} INFO - DAG(s) dict_keys(['latest_only']) retrieved from /home/kamlesh/pyenvs/data-engg/lib/python3.10/site-packages/airflow/example_dags/example_latest_only.py
[2022-12-20T00:02:22.852+0100] {logging_mixin.py:137} INFO - [2022-12-20T00:02:22.852+0100] {dag.py:2676} INFO - Sync 1 DAGs
[2022-12-20T00:02:22.865+0100] {logging_mixin.py:137} INFO - [2022-12-20T00:02:22.865+0100] {dag.py:3423} INFO - Setting next_dagrun for latest_only to 2022-12-19T19:02:22.864816+00:00, run_after=2022-12-19T23:02:22.864816+00:00
[2022-12-20T00:02:22.882+0100] {processor.py:175} INFO - Processing /home/kamlesh/pyenvs/data-engg/lib/python3.10/site-packages/airflow/example_dags/example_latest_only.py took 0.084 seconds
[2022-12-20T00:03:07.946+0100] {processor.py:153} INFO - Started process (PID=11214) to work on /home/kamlesh/pyenvs/data-engg/lib/python3.10/site-packages/airflow/example_dags/example_latest_only.py
[2022-12-20T00:03:07.956+0100] {processor.py:743} INFO - Processing file /home/kamlesh/pyenvs/data-engg/lib/python3.10/site-packages/airflow/example_dags/example_latest_only.py for tasks to queue
[2022-12-20T00:03:07.957+0100] {logging_mixin.py:137} INFO - [2022-12-20T00:03:07.957+0100] {dagbag.py:538} INFO - Filling up the DagBag from /home/kamlesh/pyenvs/data-engg/lib/python3.10/site-packages/airflow/example_dags/example_latest_only.py
[2022-12-20T00:03:07.982+0100] {processor.py:753} INFO - DAG(s) dict_keys(['latest_only']) retrieved from /home/kamlesh/pyenvs/data-engg/lib/python3.10/site-packages/airflow/example_dags/example_latest_only.py
[2022-12-20T00:03:08.008+0100] {logging_mixin.py:137} INFO - [2022-12-20T00:03:08.008+0100] {dag.py:2676} INFO - Sync 1 DAGs
[2022-12-20T00:03:08.020+0100] {logging_mixin.py:137} INFO - [2022-12-20T00:03:08.020+0100] {dag.py:3423} INFO - Setting next_dagrun for latest_only to 2022-12-19T19:03:08.019948+00:00, run_after=2022-12-19T23:03:08.019948+00:00
[2022-12-20T00:03:08.045+0100] {processor.py:175} INFO - Processing /home/kamlesh/pyenvs/data-engg/lib/python3.10/site-packages/airflow/example_dags/example_latest_only.py took 0.104 seconds
