[2022-12-19T23:56:20.795+0100] {processor.py:153} INFO - Started process (PID=9931) to work on /home/kamlesh/pyenvs/data-engg/lib/python3.10/site-packages/airflow/example_dags/example_trigger_controller_dag.py
[2022-12-19T23:56:20.798+0100] {processor.py:743} INFO - Processing file /home/kamlesh/pyenvs/data-engg/lib/python3.10/site-packages/airflow/example_dags/example_trigger_controller_dag.py for tasks to queue
[2022-12-19T23:56:20.799+0100] {logging_mixin.py:137} INFO - [2022-12-19T23:56:20.799+0100] {dagbag.py:538} INFO - Filling up the DagBag from /home/kamlesh/pyenvs/data-engg/lib/python3.10/site-packages/airflow/example_dags/example_trigger_controller_dag.py
[2022-12-19T23:56:20.820+0100] {processor.py:753} INFO - DAG(s) dict_keys(['example_trigger_controller_dag']) retrieved from /home/kamlesh/pyenvs/data-engg/lib/python3.10/site-packages/airflow/example_dags/example_trigger_controller_dag.py
[2022-12-19T23:56:20.913+0100] {logging_mixin.py:137} INFO - [2022-12-19T23:56:20.912+0100] {manager.py:504} INFO - Created Permission View: can delete on DAG:example_trigger_controller_dag
[2022-12-19T23:56:20.922+0100] {logging_mixin.py:137} INFO - [2022-12-19T23:56:20.922+0100] {manager.py:504} INFO - Created Permission View: can read on DAG:example_trigger_controller_dag
[2022-12-19T23:56:20.932+0100] {logging_mixin.py:137} INFO - [2022-12-19T23:56:20.931+0100] {manager.py:504} INFO - Created Permission View: can edit on DAG:example_trigger_controller_dag
[2022-12-19T23:56:20.932+0100] {logging_mixin.py:137} INFO - [2022-12-19T23:56:20.932+0100] {dag.py:2676} INFO - Sync 1 DAGs
[2022-12-19T23:56:20.962+0100] {logging_mixin.py:137} INFO - [2022-12-19T23:56:20.962+0100] {dag.py:2697} INFO - Creating ORM DAG for example_trigger_controller_dag
[2022-12-19T23:56:20.972+0100] {logging_mixin.py:137} INFO - [2022-12-19T23:56:20.972+0100] {dag.py:3423} INFO - Setting next_dagrun for example_trigger_controller_dag to 2021-01-01T00:00:00+00:00, run_after=2021-01-01T00:00:00+00:00
[2022-12-19T23:56:20.990+0100] {processor.py:175} INFO - Processing /home/kamlesh/pyenvs/data-engg/lib/python3.10/site-packages/airflow/example_dags/example_trigger_controller_dag.py took 0.202 seconds
[2022-12-20T00:00:39.020+0100] {processor.py:153} INFO - Started process (PID=10831) to work on /home/kamlesh/pyenvs/data-engg/lib/python3.10/site-packages/airflow/example_dags/example_trigger_controller_dag.py
[2022-12-20T00:00:39.021+0100] {processor.py:743} INFO - Processing file /home/kamlesh/pyenvs/data-engg/lib/python3.10/site-packages/airflow/example_dags/example_trigger_controller_dag.py for tasks to queue
[2022-12-20T00:00:39.022+0100] {logging_mixin.py:137} INFO - [2022-12-20T00:00:39.022+0100] {dagbag.py:538} INFO - Filling up the DagBag from /home/kamlesh/pyenvs/data-engg/lib/python3.10/site-packages/airflow/example_dags/example_trigger_controller_dag.py
[2022-12-20T00:00:39.032+0100] {processor.py:753} INFO - DAG(s) dict_keys(['example_trigger_controller_dag']) retrieved from /home/kamlesh/pyenvs/data-engg/lib/python3.10/site-packages/airflow/example_dags/example_trigger_controller_dag.py
[2022-12-20T00:00:39.052+0100] {logging_mixin.py:137} INFO - [2022-12-20T00:00:39.052+0100] {dag.py:2676} INFO - Sync 1 DAGs
[2022-12-20T00:00:39.065+0100] {logging_mixin.py:137} INFO - [2022-12-20T00:00:39.065+0100] {dag.py:3423} INFO - Setting next_dagrun for example_trigger_controller_dag to 2021-01-01T00:00:00+00:00, run_after=2021-01-01T00:00:00+00:00
[2022-12-20T00:00:39.082+0100] {processor.py:175} INFO - Processing /home/kamlesh/pyenvs/data-engg/lib/python3.10/site-packages/airflow/example_dags/example_trigger_controller_dag.py took 0.065 seconds
[2022-12-20T00:01:20.878+0100] {processor.py:153} INFO - Started process (PID=11017) to work on /home/kamlesh/pyenvs/data-engg/lib/python3.10/site-packages/airflow/example_dags/example_trigger_controller_dag.py
[2022-12-20T00:01:20.886+0100] {processor.py:743} INFO - Processing file /home/kamlesh/pyenvs/data-engg/lib/python3.10/site-packages/airflow/example_dags/example_trigger_controller_dag.py for tasks to queue
[2022-12-20T00:01:20.887+0100] {logging_mixin.py:137} INFO - [2022-12-20T00:01:20.887+0100] {dagbag.py:538} INFO - Filling up the DagBag from /home/kamlesh/pyenvs/data-engg/lib/python3.10/site-packages/airflow/example_dags/example_trigger_controller_dag.py
[2022-12-20T00:01:20.894+0100] {processor.py:753} INFO - DAG(s) dict_keys(['example_trigger_controller_dag']) retrieved from /home/kamlesh/pyenvs/data-engg/lib/python3.10/site-packages/airflow/example_dags/example_trigger_controller_dag.py
[2022-12-20T00:01:20.917+0100] {logging_mixin.py:137} INFO - [2022-12-20T00:01:20.917+0100] {dag.py:2676} INFO - Sync 1 DAGs
[2022-12-20T00:01:20.929+0100] {logging_mixin.py:137} INFO - [2022-12-20T00:01:20.929+0100] {dag.py:3423} INFO - Setting next_dagrun for example_trigger_controller_dag to 2021-01-01T00:00:00+00:00, run_after=2021-01-01T00:00:00+00:00
[2022-12-20T00:01:20.945+0100] {processor.py:175} INFO - Processing /home/kamlesh/pyenvs/data-engg/lib/python3.10/site-packages/airflow/example_dags/example_trigger_controller_dag.py took 0.070 seconds
[2022-12-20T00:02:03.554+0100] {processor.py:153} INFO - Started process (PID=11066) to work on /home/kamlesh/pyenvs/data-engg/lib/python3.10/site-packages/airflow/example_dags/example_trigger_controller_dag.py
[2022-12-20T00:02:03.564+0100] {processor.py:743} INFO - Processing file /home/kamlesh/pyenvs/data-engg/lib/python3.10/site-packages/airflow/example_dags/example_trigger_controller_dag.py for tasks to queue
[2022-12-20T00:02:03.565+0100] {logging_mixin.py:137} INFO - [2022-12-20T00:02:03.565+0100] {dagbag.py:538} INFO - Filling up the DagBag from /home/kamlesh/pyenvs/data-engg/lib/python3.10/site-packages/airflow/example_dags/example_trigger_controller_dag.py
[2022-12-20T00:02:03.590+0100] {processor.py:753} INFO - DAG(s) dict_keys(['example_trigger_controller_dag']) retrieved from /home/kamlesh/pyenvs/data-engg/lib/python3.10/site-packages/airflow/example_dags/example_trigger_controller_dag.py
[2022-12-20T00:02:03.616+0100] {logging_mixin.py:137} INFO - [2022-12-20T00:02:03.616+0100] {dag.py:2676} INFO - Sync 1 DAGs
[2022-12-20T00:02:03.629+0100] {logging_mixin.py:137} INFO - [2022-12-20T00:02:03.628+0100] {dag.py:3423} INFO - Setting next_dagrun for example_trigger_controller_dag to 2021-01-01T00:00:00+00:00, run_after=2021-01-01T00:00:00+00:00
[2022-12-20T00:02:03.646+0100] {processor.py:175} INFO - Processing /home/kamlesh/pyenvs/data-engg/lib/python3.10/site-packages/airflow/example_dags/example_trigger_controller_dag.py took 0.100 seconds
[2022-12-20T00:02:44.463+0100] {processor.py:153} INFO - Started process (PID=11186) to work on /home/kamlesh/pyenvs/data-engg/lib/python3.10/site-packages/airflow/example_dags/example_trigger_controller_dag.py
[2022-12-20T00:02:44.471+0100] {processor.py:743} INFO - Processing file /home/kamlesh/pyenvs/data-engg/lib/python3.10/site-packages/airflow/example_dags/example_trigger_controller_dag.py for tasks to queue
[2022-12-20T00:02:44.472+0100] {logging_mixin.py:137} INFO - [2022-12-20T00:02:44.472+0100] {dagbag.py:538} INFO - Filling up the DagBag from /home/kamlesh/pyenvs/data-engg/lib/python3.10/site-packages/airflow/example_dags/example_trigger_controller_dag.py
[2022-12-20T00:02:44.491+0100] {processor.py:753} INFO - DAG(s) dict_keys(['example_trigger_controller_dag']) retrieved from /home/kamlesh/pyenvs/data-engg/lib/python3.10/site-packages/airflow/example_dags/example_trigger_controller_dag.py
[2022-12-20T00:02:44.518+0100] {logging_mixin.py:137} INFO - [2022-12-20T00:02:44.518+0100] {dag.py:2676} INFO - Sync 1 DAGs
[2022-12-20T00:02:44.530+0100] {logging_mixin.py:137} INFO - [2022-12-20T00:02:44.530+0100] {dag.py:3423} INFO - Setting next_dagrun for example_trigger_controller_dag to 2021-01-01T00:00:00+00:00, run_after=2021-01-01T00:00:00+00:00
[2022-12-20T00:02:44.549+0100] {processor.py:175} INFO - Processing /home/kamlesh/pyenvs/data-engg/lib/python3.10/site-packages/airflow/example_dags/example_trigger_controller_dag.py took 0.090 seconds
[2022-12-20T00:03:27.599+0100] {processor.py:153} INFO - Started process (PID=11238) to work on /home/kamlesh/pyenvs/data-engg/lib/python3.10/site-packages/airflow/example_dags/example_trigger_controller_dag.py
[2022-12-20T00:03:27.607+0100] {processor.py:743} INFO - Processing file /home/kamlesh/pyenvs/data-engg/lib/python3.10/site-packages/airflow/example_dags/example_trigger_controller_dag.py for tasks to queue
[2022-12-20T00:03:27.608+0100] {logging_mixin.py:137} INFO - [2022-12-20T00:03:27.608+0100] {dagbag.py:538} INFO - Filling up the DagBag from /home/kamlesh/pyenvs/data-engg/lib/python3.10/site-packages/airflow/example_dags/example_trigger_controller_dag.py
[2022-12-20T00:03:27.620+0100] {processor.py:753} INFO - DAG(s) dict_keys(['example_trigger_controller_dag']) retrieved from /home/kamlesh/pyenvs/data-engg/lib/python3.10/site-packages/airflow/example_dags/example_trigger_controller_dag.py
[2022-12-20T00:03:27.644+0100] {logging_mixin.py:137} INFO - [2022-12-20T00:03:27.644+0100] {dag.py:2676} INFO - Sync 1 DAGs
[2022-12-20T00:03:27.657+0100] {logging_mixin.py:137} INFO - [2022-12-20T00:03:27.657+0100] {dag.py:3423} INFO - Setting next_dagrun for example_trigger_controller_dag to 2021-01-01T00:00:00+00:00, run_after=2021-01-01T00:00:00+00:00
[2022-12-20T00:03:27.675+0100] {processor.py:175} INFO - Processing /home/kamlesh/pyenvs/data-engg/lib/python3.10/site-packages/airflow/example_dags/example_trigger_controller_dag.py took 0.081 seconds
