[2022-12-19T23:56:25.797+0100] {processor.py:153} INFO - Started process (PID=9936) to work on /home/kamlesh/pyenvs/data-engg/lib/python3.10/site-packages/airflow/example_dags/example_skip_dag.py
[2022-12-19T23:56:25.799+0100] {processor.py:743} INFO - Processing file /home/kamlesh/pyenvs/data-engg/lib/python3.10/site-packages/airflow/example_dags/example_skip_dag.py for tasks to queue
[2022-12-19T23:56:25.800+0100] {logging_mixin.py:137} INFO - [2022-12-19T23:56:25.800+0100] {dagbag.py:538} INFO - Filling up the DagBag from /home/kamlesh/pyenvs/data-engg/lib/python3.10/site-packages/airflow/example_dags/example_skip_dag.py
[2022-12-19T23:56:25.819+0100] {processor.py:753} INFO - DAG(s) dict_keys(['example_skip_dag']) retrieved from /home/kamlesh/pyenvs/data-engg/lib/python3.10/site-packages/airflow/example_dags/example_skip_dag.py
[2022-12-19T23:56:25.903+0100] {logging_mixin.py:137} INFO - [2022-12-19T23:56:25.903+0100] {manager.py:504} INFO - Created Permission View: can delete on DAG:example_skip_dag
[2022-12-19T23:56:25.913+0100] {logging_mixin.py:137} INFO - [2022-12-19T23:56:25.913+0100] {manager.py:504} INFO - Created Permission View: can read on DAG:example_skip_dag
[2022-12-19T23:56:25.921+0100] {logging_mixin.py:137} INFO - [2022-12-19T23:56:25.921+0100] {manager.py:504} INFO - Created Permission View: can edit on DAG:example_skip_dag
[2022-12-19T23:56:25.921+0100] {logging_mixin.py:137} INFO - [2022-12-19T23:56:25.921+0100] {dag.py:2676} INFO - Sync 1 DAGs
[2022-12-19T23:56:25.929+0100] {logging_mixin.py:137} INFO - [2022-12-19T23:56:25.929+0100] {dag.py:2697} INFO - Creating ORM DAG for example_skip_dag
[2022-12-19T23:56:25.935+0100] {logging_mixin.py:137} INFO - [2022-12-19T23:56:25.935+0100] {dag.py:3423} INFO - Setting next_dagrun for example_skip_dag to 2022-12-18T22:56:25.934919+00:00, run_after=2022-12-19T22:56:25.934919+00:00
[2022-12-19T23:56:25.952+0100] {processor.py:175} INFO - Processing /home/kamlesh/pyenvs/data-engg/lib/python3.10/site-packages/airflow/example_dags/example_skip_dag.py took 0.163 seconds
[2022-12-20T00:00:44.204+0100] {processor.py:153} INFO - Started process (PID=10866) to work on /home/kamlesh/pyenvs/data-engg/lib/python3.10/site-packages/airflow/example_dags/example_skip_dag.py
[2022-12-20T00:00:44.206+0100] {processor.py:743} INFO - Processing file /home/kamlesh/pyenvs/data-engg/lib/python3.10/site-packages/airflow/example_dags/example_skip_dag.py for tasks to queue
[2022-12-20T00:00:44.206+0100] {logging_mixin.py:137} INFO - [2022-12-20T00:00:44.206+0100] {dagbag.py:538} INFO - Filling up the DagBag from /home/kamlesh/pyenvs/data-engg/lib/python3.10/site-packages/airflow/example_dags/example_skip_dag.py
[2022-12-20T00:00:44.218+0100] {processor.py:753} INFO - DAG(s) dict_keys(['example_skip_dag']) retrieved from /home/kamlesh/pyenvs/data-engg/lib/python3.10/site-packages/airflow/example_dags/example_skip_dag.py
[2022-12-20T00:00:44.241+0100] {logging_mixin.py:137} INFO - [2022-12-20T00:00:44.241+0100] {dag.py:2676} INFO - Sync 1 DAGs
[2022-12-20T00:00:44.257+0100] {logging_mixin.py:137} INFO - [2022-12-20T00:00:44.257+0100] {dag.py:3423} INFO - Setting next_dagrun for example_skip_dag to 2022-12-18T23:00:44.257216+00:00, run_after=2022-12-19T23:00:44.257216+00:00
[2022-12-20T00:00:44.285+0100] {processor.py:175} INFO - Processing /home/kamlesh/pyenvs/data-engg/lib/python3.10/site-packages/airflow/example_dags/example_skip_dag.py took 0.084 seconds
[2022-12-20T00:01:27.442+0100] {processor.py:153} INFO - Started process (PID=11028) to work on /home/kamlesh/pyenvs/data-engg/lib/python3.10/site-packages/airflow/example_dags/example_skip_dag.py
[2022-12-20T00:01:27.452+0100] {processor.py:743} INFO - Processing file /home/kamlesh/pyenvs/data-engg/lib/python3.10/site-packages/airflow/example_dags/example_skip_dag.py for tasks to queue
[2022-12-20T00:01:27.454+0100] {logging_mixin.py:137} INFO - [2022-12-20T00:01:27.454+0100] {dagbag.py:538} INFO - Filling up the DagBag from /home/kamlesh/pyenvs/data-engg/lib/python3.10/site-packages/airflow/example_dags/example_skip_dag.py
[2022-12-20T00:01:27.481+0100] {processor.py:753} INFO - DAG(s) dict_keys(['example_skip_dag']) retrieved from /home/kamlesh/pyenvs/data-engg/lib/python3.10/site-packages/airflow/example_dags/example_skip_dag.py
[2022-12-20T00:01:27.507+0100] {logging_mixin.py:137} INFO - [2022-12-20T00:01:27.507+0100] {dag.py:2676} INFO - Sync 1 DAGs
[2022-12-20T00:01:27.519+0100] {logging_mixin.py:137} INFO - [2022-12-20T00:01:27.519+0100] {dag.py:3423} INFO - Setting next_dagrun for example_skip_dag to 2022-12-18T23:01:27.519627+00:00, run_after=2022-12-19T23:01:27.519627+00:00
[2022-12-20T00:01:27.537+0100] {processor.py:175} INFO - Processing /home/kamlesh/pyenvs/data-engg/lib/python3.10/site-packages/airflow/example_dags/example_skip_dag.py took 0.103 seconds
[2022-12-20T00:02:09.516+0100] {processor.py:153} INFO - Started process (PID=11080) to work on /home/kamlesh/pyenvs/data-engg/lib/python3.10/site-packages/airflow/example_dags/example_skip_dag.py
[2022-12-20T00:02:09.526+0100] {processor.py:743} INFO - Processing file /home/kamlesh/pyenvs/data-engg/lib/python3.10/site-packages/airflow/example_dags/example_skip_dag.py for tasks to queue
[2022-12-20T00:02:09.527+0100] {logging_mixin.py:137} INFO - [2022-12-20T00:02:09.527+0100] {dagbag.py:538} INFO - Filling up the DagBag from /home/kamlesh/pyenvs/data-engg/lib/python3.10/site-packages/airflow/example_dags/example_skip_dag.py
[2022-12-20T00:02:09.548+0100] {processor.py:753} INFO - DAG(s) dict_keys(['example_skip_dag']) retrieved from /home/kamlesh/pyenvs/data-engg/lib/python3.10/site-packages/airflow/example_dags/example_skip_dag.py
[2022-12-20T00:02:09.573+0100] {logging_mixin.py:137} INFO - [2022-12-20T00:02:09.573+0100] {dag.py:2676} INFO - Sync 1 DAGs
[2022-12-20T00:02:09.587+0100] {logging_mixin.py:137} INFO - [2022-12-20T00:02:09.586+0100] {dag.py:3423} INFO - Setting next_dagrun for example_skip_dag to 2022-12-18T23:02:09.586784+00:00, run_after=2022-12-19T23:02:09.586784+00:00
[2022-12-20T00:02:09.605+0100] {processor.py:175} INFO - Processing /home/kamlesh/pyenvs/data-engg/lib/python3.10/site-packages/airflow/example_dags/example_skip_dag.py took 0.098 seconds
[2022-12-20T00:02:49.342+0100] {processor.py:153} INFO - Started process (PID=11191) to work on /home/kamlesh/pyenvs/data-engg/lib/python3.10/site-packages/airflow/example_dags/example_skip_dag.py
[2022-12-20T00:02:49.351+0100] {processor.py:743} INFO - Processing file /home/kamlesh/pyenvs/data-engg/lib/python3.10/site-packages/airflow/example_dags/example_skip_dag.py for tasks to queue
[2022-12-20T00:02:49.352+0100] {logging_mixin.py:137} INFO - [2022-12-20T00:02:49.352+0100] {dagbag.py:538} INFO - Filling up the DagBag from /home/kamlesh/pyenvs/data-engg/lib/python3.10/site-packages/airflow/example_dags/example_skip_dag.py
[2022-12-20T00:02:49.378+0100] {processor.py:753} INFO - DAG(s) dict_keys(['example_skip_dag']) retrieved from /home/kamlesh/pyenvs/data-engg/lib/python3.10/site-packages/airflow/example_dags/example_skip_dag.py
[2022-12-20T00:02:49.402+0100] {logging_mixin.py:137} INFO - [2022-12-20T00:02:49.402+0100] {dag.py:2676} INFO - Sync 1 DAGs
[2022-12-20T00:02:49.414+0100] {logging_mixin.py:137} INFO - [2022-12-20T00:02:49.414+0100] {dag.py:3423} INFO - Setting next_dagrun for example_skip_dag to 2022-12-18T23:02:49.414433+00:00, run_after=2022-12-19T23:02:49.414433+00:00
[2022-12-20T00:02:49.433+0100] {processor.py:175} INFO - Processing /home/kamlesh/pyenvs/data-engg/lib/python3.10/site-packages/airflow/example_dags/example_skip_dag.py took 0.097 seconds
[2022-12-20T00:03:32.761+0100] {processor.py:153} INFO - Started process (PID=11245) to work on /home/kamlesh/pyenvs/data-engg/lib/python3.10/site-packages/airflow/example_dags/example_skip_dag.py
[2022-12-20T00:03:32.771+0100] {processor.py:743} INFO - Processing file /home/kamlesh/pyenvs/data-engg/lib/python3.10/site-packages/airflow/example_dags/example_skip_dag.py for tasks to queue
[2022-12-20T00:03:32.773+0100] {logging_mixin.py:137} INFO - [2022-12-20T00:03:32.772+0100] {dagbag.py:538} INFO - Filling up the DagBag from /home/kamlesh/pyenvs/data-engg/lib/python3.10/site-packages/airflow/example_dags/example_skip_dag.py
[2022-12-20T00:03:32.796+0100] {processor.py:753} INFO - DAG(s) dict_keys(['example_skip_dag']) retrieved from /home/kamlesh/pyenvs/data-engg/lib/python3.10/site-packages/airflow/example_dags/example_skip_dag.py
[2022-12-20T00:03:32.820+0100] {logging_mixin.py:137} INFO - [2022-12-20T00:03:32.819+0100] {dag.py:2676} INFO - Sync 1 DAGs
[2022-12-20T00:03:32.832+0100] {logging_mixin.py:137} INFO - [2022-12-20T00:03:32.831+0100] {dag.py:3423} INFO - Setting next_dagrun for example_skip_dag to 2022-12-18T23:03:32.831841+00:00, run_after=2022-12-19T23:03:32.831841+00:00
[2022-12-20T00:03:32.849+0100] {processor.py:175} INFO - Processing /home/kamlesh/pyenvs/data-engg/lib/python3.10/site-packages/airflow/example_dags/example_skip_dag.py took 0.096 seconds
