[2022-12-20T00:01:04.283+0100] {processor.py:153} INFO - Started process (PID=10945) to work on /home/kamlesh/pyenvs/data-engg/lib/python3.10/site-packages/airflow/example_dags/example_latest_only_with_trigger.py
[2022-12-20T00:01:04.284+0100] {processor.py:743} INFO - Processing file /home/kamlesh/pyenvs/data-engg/lib/python3.10/site-packages/airflow/example_dags/example_latest_only_with_trigger.py for tasks to queue
[2022-12-20T00:01:04.285+0100] {logging_mixin.py:137} INFO - [2022-12-20T00:01:04.285+0100] {dagbag.py:538} INFO - Filling up the DagBag from /home/kamlesh/pyenvs/data-engg/lib/python3.10/site-packages/airflow/example_dags/example_latest_only_with_trigger.py
[2022-12-20T00:01:04.306+0100] {processor.py:753} INFO - DAG(s) dict_keys(['latest_only_with_trigger']) retrieved from /home/kamlesh/pyenvs/data-engg/lib/python3.10/site-packages/airflow/example_dags/example_latest_only_with_trigger.py
[2022-12-20T00:01:04.399+0100] {logging_mixin.py:137} INFO - [2022-12-20T00:01:04.398+0100] {manager.py:504} INFO - Created Permission View: can delete on DAG:latest_only_with_trigger
[2022-12-20T00:01:04.428+0100] {logging_mixin.py:137} INFO - [2022-12-20T00:01:04.427+0100] {manager.py:504} INFO - Created Permission View: can read on DAG:latest_only_with_trigger
[2022-12-20T00:01:04.446+0100] {logging_mixin.py:137} INFO - [2022-12-20T00:01:04.446+0100] {manager.py:504} INFO - Created Permission View: can edit on DAG:latest_only_with_trigger
[2022-12-20T00:01:04.447+0100] {logging_mixin.py:137} INFO - [2022-12-20T00:01:04.447+0100] {dag.py:2676} INFO - Sync 1 DAGs
[2022-12-20T00:01:04.464+0100] {logging_mixin.py:137} INFO - [2022-12-20T00:01:04.463+0100] {dag.py:2697} INFO - Creating ORM DAG for latest_only_with_trigger
[2022-12-20T00:01:04.475+0100] {logging_mixin.py:137} INFO - [2022-12-20T00:01:04.475+0100] {dag.py:3423} INFO - Setting next_dagrun for latest_only_with_trigger to 2022-12-19T19:01:04.475352+00:00, run_after=2022-12-19T23:01:04.475352+00:00
[2022-12-20T00:01:04.496+0100] {processor.py:175} INFO - Processing /home/kamlesh/pyenvs/data-engg/lib/python3.10/site-packages/airflow/example_dags/example_latest_only_with_trigger.py took 0.219 seconds
[2022-12-20T00:01:47.442+0100] {processor.py:153} INFO - Started process (PID=11049) to work on /home/kamlesh/pyenvs/data-engg/lib/python3.10/site-packages/airflow/example_dags/example_latest_only_with_trigger.py
[2022-12-20T00:01:47.442+0100] {processor.py:743} INFO - Processing file /home/kamlesh/pyenvs/data-engg/lib/python3.10/site-packages/airflow/example_dags/example_latest_only_with_trigger.py for tasks to queue
[2022-12-20T00:01:47.443+0100] {logging_mixin.py:137} INFO - [2022-12-20T00:01:47.443+0100] {dagbag.py:538} INFO - Filling up the DagBag from /home/kamlesh/pyenvs/data-engg/lib/python3.10/site-packages/airflow/example_dags/example_latest_only_with_trigger.py
[2022-12-20T00:01:47.452+0100] {processor.py:753} INFO - DAG(s) dict_keys(['latest_only_with_trigger']) retrieved from /home/kamlesh/pyenvs/data-engg/lib/python3.10/site-packages/airflow/example_dags/example_latest_only_with_trigger.py
[2022-12-20T00:01:47.474+0100] {logging_mixin.py:137} INFO - [2022-12-20T00:01:47.474+0100] {dag.py:2676} INFO - Sync 1 DAGs
[2022-12-20T00:01:47.487+0100] {logging_mixin.py:137} INFO - [2022-12-20T00:01:47.487+0100] {dag.py:3423} INFO - Setting next_dagrun for latest_only_with_trigger to 2022-12-19T19:01:47.487135+00:00, run_after=2022-12-19T23:01:47.487135+00:00
[2022-12-20T00:01:47.504+0100] {processor.py:175} INFO - Processing /home/kamlesh/pyenvs/data-engg/lib/python3.10/site-packages/airflow/example_dags/example_latest_only_with_trigger.py took 0.065 seconds
[2022-12-20T00:02:38.061+0100] {processor.py:153} INFO - Started process (PID=11181) to work on /home/kamlesh/pyenvs/data-engg/lib/python3.10/site-packages/airflow/example_dags/example_latest_only_with_trigger.py
[2022-12-20T00:02:38.071+0100] {processor.py:743} INFO - Processing file /home/kamlesh/pyenvs/data-engg/lib/python3.10/site-packages/airflow/example_dags/example_latest_only_with_trigger.py for tasks to queue
[2022-12-20T00:02:38.072+0100] {logging_mixin.py:137} INFO - [2022-12-20T00:02:38.072+0100] {dagbag.py:538} INFO - Filling up the DagBag from /home/kamlesh/pyenvs/data-engg/lib/python3.10/site-packages/airflow/example_dags/example_latest_only_with_trigger.py
[2022-12-20T00:02:38.099+0100] {processor.py:753} INFO - DAG(s) dict_keys(['latest_only_with_trigger']) retrieved from /home/kamlesh/pyenvs/data-engg/lib/python3.10/site-packages/airflow/example_dags/example_latest_only_with_trigger.py
[2022-12-20T00:02:38.125+0100] {logging_mixin.py:137} INFO - [2022-12-20T00:02:38.125+0100] {dag.py:2676} INFO - Sync 1 DAGs
[2022-12-20T00:02:38.136+0100] {logging_mixin.py:137} INFO - [2022-12-20T00:02:38.136+0100] {dag.py:3423} INFO - Setting next_dagrun for latest_only_with_trigger to 2022-12-19T19:02:38.136603+00:00, run_after=2022-12-19T23:02:38.136603+00:00
[2022-12-20T00:02:38.154+0100] {processor.py:175} INFO - Processing /home/kamlesh/pyenvs/data-engg/lib/python3.10/site-packages/airflow/example_dags/example_latest_only_with_trigger.py took 0.101 seconds
[2022-12-20T00:03:22.344+0100] {processor.py:153} INFO - Started process (PID=11230) to work on /home/kamlesh/pyenvs/data-engg/lib/python3.10/site-packages/airflow/example_dags/example_latest_only_with_trigger.py
[2022-12-20T00:03:22.346+0100] {processor.py:743} INFO - Processing file /home/kamlesh/pyenvs/data-engg/lib/python3.10/site-packages/airflow/example_dags/example_latest_only_with_trigger.py for tasks to queue
[2022-12-20T00:03:22.348+0100] {logging_mixin.py:137} INFO - [2022-12-20T00:03:22.348+0100] {dagbag.py:538} INFO - Filling up the DagBag from /home/kamlesh/pyenvs/data-engg/lib/python3.10/site-packages/airflow/example_dags/example_latest_only_with_trigger.py
[2022-12-20T00:03:22.368+0100] {processor.py:753} INFO - DAG(s) dict_keys(['latest_only_with_trigger']) retrieved from /home/kamlesh/pyenvs/data-engg/lib/python3.10/site-packages/airflow/example_dags/example_latest_only_with_trigger.py
[2022-12-20T00:03:22.391+0100] {logging_mixin.py:137} INFO - [2022-12-20T00:03:22.391+0100] {dag.py:2676} INFO - Sync 1 DAGs
[2022-12-20T00:03:22.403+0100] {logging_mixin.py:137} INFO - [2022-12-20T00:03:22.403+0100] {dag.py:3423} INFO - Setting next_dagrun for latest_only_with_trigger to 2022-12-19T19:03:22.403280+00:00, run_after=2022-12-19T23:03:22.403280+00:00
[2022-12-20T00:03:22.431+0100] {processor.py:175} INFO - Processing /home/kamlesh/pyenvs/data-engg/lib/python3.10/site-packages/airflow/example_dags/example_latest_only_with_trigger.py took 0.097 seconds
