[2022-12-19T23:56:22.424+0100] {processor.py:153} INFO - Started process (PID=9933) to work on /home/kamlesh/pyenvs/data-engg/lib/python3.10/site-packages/airflow/example_dags/example_time_delta_sensor_async.py
[2022-12-19T23:56:22.427+0100] {processor.py:743} INFO - Processing file /home/kamlesh/pyenvs/data-engg/lib/python3.10/site-packages/airflow/example_dags/example_time_delta_sensor_async.py for tasks to queue
[2022-12-19T23:56:22.428+0100] {logging_mixin.py:137} INFO - [2022-12-19T23:56:22.428+0100] {dagbag.py:538} INFO - Filling up the DagBag from /home/kamlesh/pyenvs/data-engg/lib/python3.10/site-packages/airflow/example_dags/example_time_delta_sensor_async.py
[2022-12-19T23:56:22.447+0100] {processor.py:753} INFO - DAG(s) dict_keys(['example_time_delta_sensor_async']) retrieved from /home/kamlesh/pyenvs/data-engg/lib/python3.10/site-packages/airflow/example_dags/example_time_delta_sensor_async.py
[2022-12-19T23:56:22.537+0100] {logging_mixin.py:137} INFO - [2022-12-19T23:56:22.537+0100] {manager.py:504} INFO - Created Permission View: can delete on DAG:example_time_delta_sensor_async
[2022-12-19T23:56:22.547+0100] {logging_mixin.py:137} INFO - [2022-12-19T23:56:22.547+0100] {manager.py:504} INFO - Created Permission View: can read on DAG:example_time_delta_sensor_async
[2022-12-19T23:56:22.555+0100] {logging_mixin.py:137} INFO - [2022-12-19T23:56:22.555+0100] {manager.py:504} INFO - Created Permission View: can edit on DAG:example_time_delta_sensor_async
[2022-12-19T23:56:22.556+0100] {logging_mixin.py:137} INFO - [2022-12-19T23:56:22.555+0100] {dag.py:2676} INFO - Sync 1 DAGs
[2022-12-19T23:56:22.564+0100] {logging_mixin.py:137} INFO - [2022-12-19T23:56:22.564+0100] {dag.py:2697} INFO - Creating ORM DAG for example_time_delta_sensor_async
[2022-12-19T23:56:22.570+0100] {logging_mixin.py:137} INFO - [2022-12-19T23:56:22.570+0100] {dag.py:3423} INFO - Setting next_dagrun for example_time_delta_sensor_async to None, run_after=None
[2022-12-19T23:56:22.587+0100] {processor.py:175} INFO - Processing /home/kamlesh/pyenvs/data-engg/lib/python3.10/site-packages/airflow/example_dags/example_time_delta_sensor_async.py took 0.171 seconds
[2022-12-20T00:00:40.641+0100] {processor.py:153} INFO - Started process (PID=10833) to work on /home/kamlesh/pyenvs/data-engg/lib/python3.10/site-packages/airflow/example_dags/example_time_delta_sensor_async.py
[2022-12-20T00:00:40.642+0100] {processor.py:743} INFO - Processing file /home/kamlesh/pyenvs/data-engg/lib/python3.10/site-packages/airflow/example_dags/example_time_delta_sensor_async.py for tasks to queue
[2022-12-20T00:00:40.643+0100] {logging_mixin.py:137} INFO - [2022-12-20T00:00:40.643+0100] {dagbag.py:538} INFO - Filling up the DagBag from /home/kamlesh/pyenvs/data-engg/lib/python3.10/site-packages/airflow/example_dags/example_time_delta_sensor_async.py
[2022-12-20T00:00:40.652+0100] {processor.py:753} INFO - DAG(s) dict_keys(['example_time_delta_sensor_async']) retrieved from /home/kamlesh/pyenvs/data-engg/lib/python3.10/site-packages/airflow/example_dags/example_time_delta_sensor_async.py
[2022-12-20T00:00:40.678+0100] {logging_mixin.py:137} INFO - [2022-12-20T00:00:40.678+0100] {dag.py:2676} INFO - Sync 1 DAGs
[2022-12-20T00:00:40.695+0100] {logging_mixin.py:137} INFO - [2022-12-20T00:00:40.695+0100] {dag.py:3423} INFO - Setting next_dagrun for example_time_delta_sensor_async to None, run_after=None
[2022-12-20T00:00:40.735+0100] {processor.py:175} INFO - Processing /home/kamlesh/pyenvs/data-engg/lib/python3.10/site-packages/airflow/example_dags/example_time_delta_sensor_async.py took 0.095 seconds
[2022-12-20T00:01:22.506+0100] {processor.py:153} INFO - Started process (PID=11021) to work on /home/kamlesh/pyenvs/data-engg/lib/python3.10/site-packages/airflow/example_dags/example_time_delta_sensor_async.py
[2022-12-20T00:01:22.517+0100] {processor.py:743} INFO - Processing file /home/kamlesh/pyenvs/data-engg/lib/python3.10/site-packages/airflow/example_dags/example_time_delta_sensor_async.py for tasks to queue
[2022-12-20T00:01:22.518+0100] {logging_mixin.py:137} INFO - [2022-12-20T00:01:22.518+0100] {dagbag.py:538} INFO - Filling up the DagBag from /home/kamlesh/pyenvs/data-engg/lib/python3.10/site-packages/airflow/example_dags/example_time_delta_sensor_async.py
[2022-12-20T00:01:22.545+0100] {processor.py:753} INFO - DAG(s) dict_keys(['example_time_delta_sensor_async']) retrieved from /home/kamlesh/pyenvs/data-engg/lib/python3.10/site-packages/airflow/example_dags/example_time_delta_sensor_async.py
[2022-12-20T00:01:22.571+0100] {logging_mixin.py:137} INFO - [2022-12-20T00:01:22.571+0100] {dag.py:2676} INFO - Sync 1 DAGs
[2022-12-20T00:01:22.583+0100] {logging_mixin.py:137} INFO - [2022-12-20T00:01:22.583+0100] {dag.py:3423} INFO - Setting next_dagrun for example_time_delta_sensor_async to None, run_after=None
[2022-12-20T00:01:22.600+0100] {processor.py:175} INFO - Processing /home/kamlesh/pyenvs/data-engg/lib/python3.10/site-packages/airflow/example_dags/example_time_delta_sensor_async.py took 0.101 seconds
[2022-12-20T00:02:05.857+0100] {processor.py:153} INFO - Started process (PID=11068) to work on /home/kamlesh/pyenvs/data-engg/lib/python3.10/site-packages/airflow/example_dags/example_time_delta_sensor_async.py
[2022-12-20T00:02:05.867+0100] {processor.py:743} INFO - Processing file /home/kamlesh/pyenvs/data-engg/lib/python3.10/site-packages/airflow/example_dags/example_time_delta_sensor_async.py for tasks to queue
[2022-12-20T00:02:05.867+0100] {logging_mixin.py:137} INFO - [2022-12-20T00:02:05.867+0100] {dagbag.py:538} INFO - Filling up the DagBag from /home/kamlesh/pyenvs/data-engg/lib/python3.10/site-packages/airflow/example_dags/example_time_delta_sensor_async.py
[2022-12-20T00:02:05.886+0100] {processor.py:753} INFO - DAG(s) dict_keys(['example_time_delta_sensor_async']) retrieved from /home/kamlesh/pyenvs/data-engg/lib/python3.10/site-packages/airflow/example_dags/example_time_delta_sensor_async.py
[2022-12-20T00:02:05.912+0100] {logging_mixin.py:137} INFO - [2022-12-20T00:02:05.912+0100] {dag.py:2676} INFO - Sync 1 DAGs
[2022-12-20T00:02:05.925+0100] {logging_mixin.py:137} INFO - [2022-12-20T00:02:05.925+0100] {dag.py:3423} INFO - Setting next_dagrun for example_time_delta_sensor_async to None, run_after=None
[2022-12-20T00:02:05.943+0100] {processor.py:175} INFO - Processing /home/kamlesh/pyenvs/data-engg/lib/python3.10/site-packages/airflow/example_dags/example_time_delta_sensor_async.py took 0.090 seconds
[2022-12-20T00:02:45.881+0100] {processor.py:153} INFO - Started process (PID=11188) to work on /home/kamlesh/pyenvs/data-engg/lib/python3.10/site-packages/airflow/example_dags/example_time_delta_sensor_async.py
[2022-12-20T00:02:45.890+0100] {processor.py:743} INFO - Processing file /home/kamlesh/pyenvs/data-engg/lib/python3.10/site-packages/airflow/example_dags/example_time_delta_sensor_async.py for tasks to queue
[2022-12-20T00:02:45.890+0100] {logging_mixin.py:137} INFO - [2022-12-20T00:02:45.890+0100] {dagbag.py:538} INFO - Filling up the DagBag from /home/kamlesh/pyenvs/data-engg/lib/python3.10/site-packages/airflow/example_dags/example_time_delta_sensor_async.py
[2022-12-20T00:02:45.903+0100] {processor.py:753} INFO - DAG(s) dict_keys(['example_time_delta_sensor_async']) retrieved from /home/kamlesh/pyenvs/data-engg/lib/python3.10/site-packages/airflow/example_dags/example_time_delta_sensor_async.py
[2022-12-20T00:02:45.930+0100] {logging_mixin.py:137} INFO - [2022-12-20T00:02:45.930+0100] {dag.py:2676} INFO - Sync 1 DAGs
[2022-12-20T00:02:45.942+0100] {logging_mixin.py:137} INFO - [2022-12-20T00:02:45.942+0100] {dag.py:3423} INFO - Setting next_dagrun for example_time_delta_sensor_async to None, run_after=None
[2022-12-20T00:02:45.961+0100] {processor.py:175} INFO - Processing /home/kamlesh/pyenvs/data-engg/lib/python3.10/site-packages/airflow/example_dags/example_time_delta_sensor_async.py took 0.082 seconds
[2022-12-20T00:03:30.036+0100] {processor.py:153} INFO - Started process (PID=11241) to work on /home/kamlesh/pyenvs/data-engg/lib/python3.10/site-packages/airflow/example_dags/example_time_delta_sensor_async.py
[2022-12-20T00:03:30.046+0100] {processor.py:743} INFO - Processing file /home/kamlesh/pyenvs/data-engg/lib/python3.10/site-packages/airflow/example_dags/example_time_delta_sensor_async.py for tasks to queue
[2022-12-20T00:03:30.048+0100] {logging_mixin.py:137} INFO - [2022-12-20T00:03:30.048+0100] {dagbag.py:538} INFO - Filling up the DagBag from /home/kamlesh/pyenvs/data-engg/lib/python3.10/site-packages/airflow/example_dags/example_time_delta_sensor_async.py
[2022-12-20T00:03:30.074+0100] {processor.py:753} INFO - DAG(s) dict_keys(['example_time_delta_sensor_async']) retrieved from /home/kamlesh/pyenvs/data-engg/lib/python3.10/site-packages/airflow/example_dags/example_time_delta_sensor_async.py
[2022-12-20T00:03:30.098+0100] {logging_mixin.py:137} INFO - [2022-12-20T00:03:30.098+0100] {dag.py:2676} INFO - Sync 1 DAGs
[2022-12-20T00:03:30.110+0100] {logging_mixin.py:137} INFO - [2022-12-20T00:03:30.110+0100] {dag.py:3423} INFO - Setting next_dagrun for example_time_delta_sensor_async to None, run_after=None
[2022-12-20T00:03:30.129+0100] {processor.py:175} INFO - Processing /home/kamlesh/pyenvs/data-engg/lib/python3.10/site-packages/airflow/example_dags/example_time_delta_sensor_async.py took 0.101 seconds
