[2022-12-19T23:56:21.155+0100] {processor.py:153} INFO - Started process (PID=9932) to work on /home/kamlesh/pyenvs/data-engg/lib/python3.10/site-packages/airflow/example_dags/example_sensor_decorator.py
[2022-12-19T23:56:21.156+0100] {processor.py:743} INFO - Processing file /home/kamlesh/pyenvs/data-engg/lib/python3.10/site-packages/airflow/example_dags/example_sensor_decorator.py for tasks to queue
[2022-12-19T23:56:21.157+0100] {logging_mixin.py:137} INFO - [2022-12-19T23:56:21.157+0100] {dagbag.py:538} INFO - Filling up the DagBag from /home/kamlesh/pyenvs/data-engg/lib/python3.10/site-packages/airflow/example_dags/example_sensor_decorator.py
[2022-12-19T23:56:21.178+0100] {logging_mixin.py:137} WARNING - /home/kamlesh/pyenvs/data-engg/lib/python3.10/site-packages/airflow/models/dag.py:3492 RemovedInAirflow3Warning: Param `schedule_interval` is deprecated and will be removed in a future release. Please use `schedule` instead.
[2022-12-19T23:56:21.184+0100] {processor.py:753} INFO - DAG(s) dict_keys(['example_sensor_decorator']) retrieved from /home/kamlesh/pyenvs/data-engg/lib/python3.10/site-packages/airflow/example_dags/example_sensor_decorator.py
[2022-12-19T23:56:21.266+0100] {logging_mixin.py:137} INFO - [2022-12-19T23:56:21.265+0100] {manager.py:504} INFO - Created Permission View: can delete on DAG:example_sensor_decorator
[2022-12-19T23:56:21.282+0100] {logging_mixin.py:137} INFO - [2022-12-19T23:56:21.282+0100] {manager.py:504} INFO - Created Permission View: can read on DAG:example_sensor_decorator
[2022-12-19T23:56:21.296+0100] {logging_mixin.py:137} INFO - [2022-12-19T23:56:21.296+0100] {manager.py:504} INFO - Created Permission View: can edit on DAG:example_sensor_decorator
[2022-12-19T23:56:21.296+0100] {logging_mixin.py:137} INFO - [2022-12-19T23:56:21.296+0100] {dag.py:2676} INFO - Sync 1 DAGs
[2022-12-19T23:56:21.310+0100] {logging_mixin.py:137} INFO - [2022-12-19T23:56:21.310+0100] {dag.py:2697} INFO - Creating ORM DAG for example_sensor_decorator
[2022-12-19T23:56:21.319+0100] {logging_mixin.py:137} INFO - [2022-12-19T23:56:21.319+0100] {dag.py:3423} INFO - Setting next_dagrun for example_sensor_decorator to None, run_after=None
[2022-12-19T23:56:21.337+0100] {processor.py:175} INFO - Processing /home/kamlesh/pyenvs/data-engg/lib/python3.10/site-packages/airflow/example_dags/example_sensor_decorator.py took 0.185 seconds
[2022-12-20T00:00:40.176+0100] {processor.py:153} INFO - Started process (PID=10832) to work on /home/kamlesh/pyenvs/data-engg/lib/python3.10/site-packages/airflow/example_dags/example_sensor_decorator.py
[2022-12-20T00:00:40.177+0100] {processor.py:743} INFO - Processing file /home/kamlesh/pyenvs/data-engg/lib/python3.10/site-packages/airflow/example_dags/example_sensor_decorator.py for tasks to queue
[2022-12-20T00:00:40.178+0100] {logging_mixin.py:137} INFO - [2022-12-20T00:00:40.178+0100] {dagbag.py:538} INFO - Filling up the DagBag from /home/kamlesh/pyenvs/data-engg/lib/python3.10/site-packages/airflow/example_dags/example_sensor_decorator.py
[2022-12-20T00:00:40.206+0100] {logging_mixin.py:137} WARNING - /home/kamlesh/pyenvs/data-engg/lib/python3.10/site-packages/airflow/models/dag.py:3492 RemovedInAirflow3Warning: Param `schedule_interval` is deprecated and will be removed in a future release. Please use `schedule` instead.
[2022-12-20T00:00:40.213+0100] {processor.py:753} INFO - DAG(s) dict_keys(['example_sensor_decorator']) retrieved from /home/kamlesh/pyenvs/data-engg/lib/python3.10/site-packages/airflow/example_dags/example_sensor_decorator.py
[2022-12-20T00:00:40.236+0100] {logging_mixin.py:137} INFO - [2022-12-20T00:00:40.236+0100] {dag.py:2676} INFO - Sync 1 DAGs
[2022-12-20T00:00:40.249+0100] {logging_mixin.py:137} INFO - [2022-12-20T00:00:40.249+0100] {dag.py:3423} INFO - Setting next_dagrun for example_sensor_decorator to None, run_after=None
[2022-12-20T00:00:40.268+0100] {processor.py:175} INFO - Processing /home/kamlesh/pyenvs/data-engg/lib/python3.10/site-packages/airflow/example_dags/example_sensor_decorator.py took 0.096 seconds
[2022-12-20T00:01:21.228+0100] {processor.py:153} INFO - Started process (PID=11018) to work on /home/kamlesh/pyenvs/data-engg/lib/python3.10/site-packages/airflow/example_dags/example_sensor_decorator.py
[2022-12-20T00:01:21.238+0100] {processor.py:743} INFO - Processing file /home/kamlesh/pyenvs/data-engg/lib/python3.10/site-packages/airflow/example_dags/example_sensor_decorator.py for tasks to queue
[2022-12-20T00:01:21.240+0100] {logging_mixin.py:137} INFO - [2022-12-20T00:01:21.240+0100] {dagbag.py:538} INFO - Filling up the DagBag from /home/kamlesh/pyenvs/data-engg/lib/python3.10/site-packages/airflow/example_dags/example_sensor_decorator.py
[2022-12-20T00:01:21.273+0100] {logging_mixin.py:137} WARNING - /home/kamlesh/pyenvs/data-engg/lib/python3.10/site-packages/airflow/models/dag.py:3492 RemovedInAirflow3Warning: Param `schedule_interval` is deprecated and will be removed in a future release. Please use `schedule` instead.
[2022-12-20T00:01:21.279+0100] {processor.py:753} INFO - DAG(s) dict_keys(['example_sensor_decorator']) retrieved from /home/kamlesh/pyenvs/data-engg/lib/python3.10/site-packages/airflow/example_dags/example_sensor_decorator.py
[2022-12-20T00:01:21.299+0100] {logging_mixin.py:137} INFO - [2022-12-20T00:01:21.299+0100] {dag.py:2676} INFO - Sync 1 DAGs
[2022-12-20T00:01:21.311+0100] {logging_mixin.py:137} INFO - [2022-12-20T00:01:21.311+0100] {dag.py:3423} INFO - Setting next_dagrun for example_sensor_decorator to None, run_after=None
[2022-12-20T00:01:21.327+0100] {processor.py:175} INFO - Processing /home/kamlesh/pyenvs/data-engg/lib/python3.10/site-packages/airflow/example_dags/example_sensor_decorator.py took 0.106 seconds
[2022-12-20T00:02:04.605+0100] {processor.py:153} INFO - Started process (PID=11067) to work on /home/kamlesh/pyenvs/data-engg/lib/python3.10/site-packages/airflow/example_dags/example_sensor_decorator.py
[2022-12-20T00:02:04.615+0100] {processor.py:743} INFO - Processing file /home/kamlesh/pyenvs/data-engg/lib/python3.10/site-packages/airflow/example_dags/example_sensor_decorator.py for tasks to queue
[2022-12-20T00:02:04.617+0100] {logging_mixin.py:137} INFO - [2022-12-20T00:02:04.616+0100] {dagbag.py:538} INFO - Filling up the DagBag from /home/kamlesh/pyenvs/data-engg/lib/python3.10/site-packages/airflow/example_dags/example_sensor_decorator.py
[2022-12-20T00:02:04.650+0100] {logging_mixin.py:137} WARNING - /home/kamlesh/pyenvs/data-engg/lib/python3.10/site-packages/airflow/models/dag.py:3492 RemovedInAirflow3Warning: Param `schedule_interval` is deprecated and will be removed in a future release. Please use `schedule` instead.
[2022-12-20T00:02:04.657+0100] {processor.py:753} INFO - DAG(s) dict_keys(['example_sensor_decorator']) retrieved from /home/kamlesh/pyenvs/data-engg/lib/python3.10/site-packages/airflow/example_dags/example_sensor_decorator.py
[2022-12-20T00:02:04.677+0100] {logging_mixin.py:137} INFO - [2022-12-20T00:02:04.677+0100] {dag.py:2676} INFO - Sync 1 DAGs
[2022-12-20T00:02:04.690+0100] {logging_mixin.py:137} INFO - [2022-12-20T00:02:04.689+0100] {dag.py:3423} INFO - Setting next_dagrun for example_sensor_decorator to None, run_after=None
[2022-12-20T00:02:04.708+0100] {processor.py:175} INFO - Processing /home/kamlesh/pyenvs/data-engg/lib/python3.10/site-packages/airflow/example_dags/example_sensor_decorator.py took 0.111 seconds
[2022-12-20T00:02:45.617+0100] {processor.py:153} INFO - Started process (PID=11187) to work on /home/kamlesh/pyenvs/data-engg/lib/python3.10/site-packages/airflow/example_dags/example_sensor_decorator.py
[2022-12-20T00:02:45.627+0100] {processor.py:743} INFO - Processing file /home/kamlesh/pyenvs/data-engg/lib/python3.10/site-packages/airflow/example_dags/example_sensor_decorator.py for tasks to queue
[2022-12-20T00:02:45.629+0100] {logging_mixin.py:137} INFO - [2022-12-20T00:02:45.629+0100] {dagbag.py:538} INFO - Filling up the DagBag from /home/kamlesh/pyenvs/data-engg/lib/python3.10/site-packages/airflow/example_dags/example_sensor_decorator.py
[2022-12-20T00:02:45.661+0100] {logging_mixin.py:137} WARNING - /home/kamlesh/pyenvs/data-engg/lib/python3.10/site-packages/airflow/models/dag.py:3492 RemovedInAirflow3Warning: Param `schedule_interval` is deprecated and will be removed in a future release. Please use `schedule` instead.
[2022-12-20T00:02:45.666+0100] {processor.py:753} INFO - DAG(s) dict_keys(['example_sensor_decorator']) retrieved from /home/kamlesh/pyenvs/data-engg/lib/python3.10/site-packages/airflow/example_dags/example_sensor_decorator.py
[2022-12-20T00:02:45.687+0100] {logging_mixin.py:137} INFO - [2022-12-20T00:02:45.686+0100] {dag.py:2676} INFO - Sync 1 DAGs
[2022-12-20T00:02:45.699+0100] {logging_mixin.py:137} INFO - [2022-12-20T00:02:45.699+0100] {dag.py:3423} INFO - Setting next_dagrun for example_sensor_decorator to None, run_after=None
[2022-12-20T00:02:45.717+0100] {processor.py:175} INFO - Processing /home/kamlesh/pyenvs/data-engg/lib/python3.10/site-packages/airflow/example_dags/example_sensor_decorator.py took 0.108 seconds
[2022-12-20T00:03:28.760+0100] {processor.py:153} INFO - Started process (PID=11240) to work on /home/kamlesh/pyenvs/data-engg/lib/python3.10/site-packages/airflow/example_dags/example_sensor_decorator.py
[2022-12-20T00:03:28.770+0100] {processor.py:743} INFO - Processing file /home/kamlesh/pyenvs/data-engg/lib/python3.10/site-packages/airflow/example_dags/example_sensor_decorator.py for tasks to queue
[2022-12-20T00:03:28.772+0100] {logging_mixin.py:137} INFO - [2022-12-20T00:03:28.772+0100] {dagbag.py:538} INFO - Filling up the DagBag from /home/kamlesh/pyenvs/data-engg/lib/python3.10/site-packages/airflow/example_dags/example_sensor_decorator.py
[2022-12-20T00:03:28.804+0100] {logging_mixin.py:137} WARNING - /home/kamlesh/pyenvs/data-engg/lib/python3.10/site-packages/airflow/models/dag.py:3492 RemovedInAirflow3Warning: Param `schedule_interval` is deprecated and will be removed in a future release. Please use `schedule` instead.
[2022-12-20T00:03:28.810+0100] {processor.py:753} INFO - DAG(s) dict_keys(['example_sensor_decorator']) retrieved from /home/kamlesh/pyenvs/data-engg/lib/python3.10/site-packages/airflow/example_dags/example_sensor_decorator.py
[2022-12-20T00:03:28.830+0100] {logging_mixin.py:137} INFO - [2022-12-20T00:03:28.829+0100] {dag.py:2676} INFO - Sync 1 DAGs
[2022-12-20T00:03:28.842+0100] {logging_mixin.py:137} INFO - [2022-12-20T00:03:28.842+0100] {dag.py:3423} INFO - Setting next_dagrun for example_sensor_decorator to None, run_after=None
[2022-12-20T00:03:28.859+0100] {processor.py:175} INFO - Processing /home/kamlesh/pyenvs/data-engg/lib/python3.10/site-packages/airflow/example_dags/example_sensor_decorator.py took 0.106 seconds
