[2022-12-20T00:01:08.268+0100] {processor.py:153} INFO - Started process (PID=10948) to work on /home/kamlesh/pyenvs/data-engg/lib/python3.10/site-packages/airflow/example_dags/example_branch_python_dop_operator_3.py
[2022-12-20T00:01:08.270+0100] {processor.py:743} INFO - Processing file /home/kamlesh/pyenvs/data-engg/lib/python3.10/site-packages/airflow/example_dags/example_branch_python_dop_operator_3.py for tasks to queue
[2022-12-20T00:01:08.271+0100] {logging_mixin.py:137} INFO - [2022-12-20T00:01:08.271+0100] {dagbag.py:538} INFO - Filling up the DagBag from /home/kamlesh/pyenvs/data-engg/lib/python3.10/site-packages/airflow/example_dags/example_branch_python_dop_operator_3.py
[2022-12-20T00:01:08.299+0100] {processor.py:753} INFO - DAG(s) dict_keys(['example_branch_dop_operator_v3']) retrieved from /home/kamlesh/pyenvs/data-engg/lib/python3.10/site-packages/airflow/example_dags/example_branch_python_dop_operator_3.py
[2022-12-20T00:01:08.387+0100] {logging_mixin.py:137} INFO - [2022-12-20T00:01:08.387+0100] {manager.py:504} INFO - Created Permission View: can delete on DAG:example_branch_dop_operator_v3
[2022-12-20T00:01:08.397+0100] {logging_mixin.py:137} INFO - [2022-12-20T00:01:08.397+0100] {manager.py:504} INFO - Created Permission View: can read on DAG:example_branch_dop_operator_v3
[2022-12-20T00:01:08.406+0100] {logging_mixin.py:137} INFO - [2022-12-20T00:01:08.406+0100] {manager.py:504} INFO - Created Permission View: can edit on DAG:example_branch_dop_operator_v3
[2022-12-20T00:01:08.406+0100] {logging_mixin.py:137} INFO - [2022-12-20T00:01:08.406+0100] {dag.py:2676} INFO - Sync 1 DAGs
[2022-12-20T00:01:08.413+0100] {logging_mixin.py:137} INFO - [2022-12-20T00:01:08.413+0100] {dag.py:2697} INFO - Creating ORM DAG for example_branch_dop_operator_v3
[2022-12-20T00:01:08.421+0100] {logging_mixin.py:137} INFO - [2022-12-20T00:01:08.421+0100] {dag.py:3423} INFO - Setting next_dagrun for example_branch_dop_operator_v3 to 2022-12-19T23:00:00+00:00, run_after=2022-12-19T23:01:00+00:00
[2022-12-20T00:01:08.439+0100] {processor.py:175} INFO - Processing /home/kamlesh/pyenvs/data-engg/lib/python3.10/site-packages/airflow/example_dags/example_branch_python_dop_operator_3.py took 0.176 seconds
[2022-12-20T00:01:59.093+0100] {processor.py:153} INFO - Started process (PID=11061) to work on /home/kamlesh/pyenvs/data-engg/lib/python3.10/site-packages/airflow/example_dags/example_branch_python_dop_operator_3.py
[2022-12-20T00:01:59.101+0100] {processor.py:743} INFO - Processing file /home/kamlesh/pyenvs/data-engg/lib/python3.10/site-packages/airflow/example_dags/example_branch_python_dop_operator_3.py for tasks to queue
[2022-12-20T00:01:59.102+0100] {logging_mixin.py:137} INFO - [2022-12-20T00:01:59.101+0100] {dagbag.py:538} INFO - Filling up the DagBag from /home/kamlesh/pyenvs/data-engg/lib/python3.10/site-packages/airflow/example_dags/example_branch_python_dop_operator_3.py
[2022-12-20T00:01:59.127+0100] {processor.py:753} INFO - DAG(s) dict_keys(['example_branch_dop_operator_v3']) retrieved from /home/kamlesh/pyenvs/data-engg/lib/python3.10/site-packages/airflow/example_dags/example_branch_python_dop_operator_3.py
[2022-12-20T00:01:59.150+0100] {logging_mixin.py:137} INFO - [2022-12-20T00:01:59.150+0100] {dag.py:2676} INFO - Sync 1 DAGs
[2022-12-20T00:01:59.167+0100] {logging_mixin.py:137} INFO - [2022-12-20T00:01:59.167+0100] {dag.py:3423} INFO - Setting next_dagrun for example_branch_dop_operator_v3 to 2022-12-19T23:00:00+00:00, run_after=2022-12-19T23:01:00+00:00
[2022-12-20T00:01:59.189+0100] {processor.py:175} INFO - Processing /home/kamlesh/pyenvs/data-engg/lib/python3.10/site-packages/airflow/example_dags/example_branch_python_dop_operator_3.py took 0.099 seconds
[2022-12-20T00:02:52.211+0100] {processor.py:153} INFO - Started process (PID=11199) to work on /home/kamlesh/pyenvs/data-engg/lib/python3.10/site-packages/airflow/example_dags/example_branch_python_dop_operator_3.py
[2022-12-20T00:02:52.220+0100] {processor.py:743} INFO - Processing file /home/kamlesh/pyenvs/data-engg/lib/python3.10/site-packages/airflow/example_dags/example_branch_python_dop_operator_3.py for tasks to queue
[2022-12-20T00:02:52.222+0100] {logging_mixin.py:137} INFO - [2022-12-20T00:02:52.221+0100] {dagbag.py:538} INFO - Filling up the DagBag from /home/kamlesh/pyenvs/data-engg/lib/python3.10/site-packages/airflow/example_dags/example_branch_python_dop_operator_3.py
[2022-12-20T00:02:52.251+0100] {processor.py:753} INFO - DAG(s) dict_keys(['example_branch_dop_operator_v3']) retrieved from /home/kamlesh/pyenvs/data-engg/lib/python3.10/site-packages/airflow/example_dags/example_branch_python_dop_operator_3.py
[2022-12-20T00:02:52.271+0100] {logging_mixin.py:137} INFO - [2022-12-20T00:02:52.271+0100] {dag.py:2676} INFO - Sync 1 DAGs
[2022-12-20T00:02:52.286+0100] {logging_mixin.py:137} INFO - [2022-12-20T00:02:52.286+0100] {dag.py:3423} INFO - Setting next_dagrun for example_branch_dop_operator_v3 to 2022-12-19T23:01:00+00:00, run_after=2022-12-19T23:02:00+00:00
[2022-12-20T00:02:52.305+0100] {processor.py:175} INFO - Processing /home/kamlesh/pyenvs/data-engg/lib/python3.10/site-packages/airflow/example_dags/example_branch_python_dop_operator_3.py took 0.097 seconds
[2022-12-20T00:03:36.455+0100] {processor.py:153} INFO - Started process (PID=11248) to work on /home/kamlesh/pyenvs/data-engg/lib/python3.10/site-packages/airflow/example_dags/example_branch_python_dop_operator_3.py
[2022-12-20T00:03:36.463+0100] {processor.py:743} INFO - Processing file /home/kamlesh/pyenvs/data-engg/lib/python3.10/site-packages/airflow/example_dags/example_branch_python_dop_operator_3.py for tasks to queue
[2022-12-20T00:03:36.464+0100] {logging_mixin.py:137} INFO - [2022-12-20T00:03:36.464+0100] {dagbag.py:538} INFO - Filling up the DagBag from /home/kamlesh/pyenvs/data-engg/lib/python3.10/site-packages/airflow/example_dags/example_branch_python_dop_operator_3.py
[2022-12-20T00:03:36.482+0100] {processor.py:753} INFO - DAG(s) dict_keys(['example_branch_dop_operator_v3']) retrieved from /home/kamlesh/pyenvs/data-engg/lib/python3.10/site-packages/airflow/example_dags/example_branch_python_dop_operator_3.py
[2022-12-20T00:03:36.501+0100] {logging_mixin.py:137} INFO - [2022-12-20T00:03:36.501+0100] {dag.py:2676} INFO - Sync 1 DAGs
[2022-12-20T00:03:36.517+0100] {logging_mixin.py:137} INFO - [2022-12-20T00:03:36.517+0100] {dag.py:3423} INFO - Setting next_dagrun for example_branch_dop_operator_v3 to 2022-12-19T23:02:00+00:00, run_after=2022-12-19T23:03:00+00:00
[2022-12-20T00:03:36.534+0100] {processor.py:175} INFO - Processing /home/kamlesh/pyenvs/data-engg/lib/python3.10/site-packages/airflow/example_dags/example_branch_python_dop_operator_3.py took 0.081 seconds
