[2022-12-20T00:01:01.522+0100] {processor.py:153} INFO - Started process (PID=10942) to work on /home/kamlesh/pyenvs/data-engg/lib/python3.10/site-packages/airflow/example_dags/example_branch_day_of_week_operator.py
[2022-12-20T00:01:01.524+0100] {processor.py:743} INFO - Processing file /home/kamlesh/pyenvs/data-engg/lib/python3.10/site-packages/airflow/example_dags/example_branch_day_of_week_operator.py for tasks to queue
[2022-12-20T00:01:01.526+0100] {logging_mixin.py:137} INFO - [2022-12-20T00:01:01.525+0100] {dagbag.py:538} INFO - Filling up the DagBag from /home/kamlesh/pyenvs/data-engg/lib/python3.10/site-packages/airflow/example_dags/example_branch_day_of_week_operator.py
[2022-12-20T00:01:01.551+0100] {processor.py:753} INFO - DAG(s) dict_keys(['example_weekday_branch_operator']) retrieved from /home/kamlesh/pyenvs/data-engg/lib/python3.10/site-packages/airflow/example_dags/example_branch_day_of_week_operator.py
[2022-12-20T00:01:01.648+0100] {logging_mixin.py:137} INFO - [2022-12-20T00:01:01.647+0100] {manager.py:504} INFO - Created Permission View: can delete on DAG:example_weekday_branch_operator
[2022-12-20T00:01:01.670+0100] {logging_mixin.py:137} INFO - [2022-12-20T00:01:01.670+0100] {manager.py:504} INFO - Created Permission View: can read on DAG:example_weekday_branch_operator
[2022-12-20T00:01:01.687+0100] {logging_mixin.py:137} INFO - [2022-12-20T00:01:01.686+0100] {manager.py:504} INFO - Created Permission View: can edit on DAG:example_weekday_branch_operator
[2022-12-20T00:01:01.687+0100] {logging_mixin.py:137} INFO - [2022-12-20T00:01:01.687+0100] {dag.py:2676} INFO - Sync 1 DAGs
[2022-12-20T00:01:01.702+0100] {logging_mixin.py:137} INFO - [2022-12-20T00:01:01.702+0100] {dag.py:2697} INFO - Creating ORM DAG for example_weekday_branch_operator
[2022-12-20T00:01:01.712+0100] {logging_mixin.py:137} INFO - [2022-12-20T00:01:01.712+0100] {dag.py:3423} INFO - Setting next_dagrun for example_weekday_branch_operator to 2022-12-18T00:00:00+00:00, run_after=2022-12-19T00:00:00+00:00
[2022-12-20T00:01:01.730+0100] {processor.py:175} INFO - Processing /home/kamlesh/pyenvs/data-engg/lib/python3.10/site-packages/airflow/example_dags/example_branch_day_of_week_operator.py took 0.216 seconds
[2022-12-20T00:01:45.043+0100] {processor.py:153} INFO - Started process (PID=11047) to work on /home/kamlesh/pyenvs/data-engg/lib/python3.10/site-packages/airflow/example_dags/example_branch_day_of_week_operator.py
[2022-12-20T00:01:45.052+0100] {processor.py:743} INFO - Processing file /home/kamlesh/pyenvs/data-engg/lib/python3.10/site-packages/airflow/example_dags/example_branch_day_of_week_operator.py for tasks to queue
[2022-12-20T00:01:45.053+0100] {logging_mixin.py:137} INFO - [2022-12-20T00:01:45.053+0100] {dagbag.py:538} INFO - Filling up the DagBag from /home/kamlesh/pyenvs/data-engg/lib/python3.10/site-packages/airflow/example_dags/example_branch_day_of_week_operator.py
[2022-12-20T00:01:45.069+0100] {processor.py:753} INFO - DAG(s) dict_keys(['example_weekday_branch_operator']) retrieved from /home/kamlesh/pyenvs/data-engg/lib/python3.10/site-packages/airflow/example_dags/example_branch_day_of_week_operator.py
[2022-12-20T00:01:45.092+0100] {logging_mixin.py:137} INFO - [2022-12-20T00:01:45.092+0100] {dag.py:2676} INFO - Sync 1 DAGs
[2022-12-20T00:01:45.105+0100] {logging_mixin.py:137} INFO - [2022-12-20T00:01:45.105+0100] {dag.py:3423} INFO - Setting next_dagrun for example_weekday_branch_operator to 2022-12-18T00:00:00+00:00, run_after=2022-12-19T00:00:00+00:00
[2022-12-20T00:01:45.123+0100] {processor.py:175} INFO - Processing /home/kamlesh/pyenvs/data-engg/lib/python3.10/site-packages/airflow/example_dags/example_branch_day_of_week_operator.py took 0.083 seconds
[2022-12-20T00:02:35.623+0100] {processor.py:153} INFO - Started process (PID=11179) to work on /home/kamlesh/pyenvs/data-engg/lib/python3.10/site-packages/airflow/example_dags/example_branch_day_of_week_operator.py
[2022-12-20T00:02:35.632+0100] {processor.py:743} INFO - Processing file /home/kamlesh/pyenvs/data-engg/lib/python3.10/site-packages/airflow/example_dags/example_branch_day_of_week_operator.py for tasks to queue
[2022-12-20T00:02:35.633+0100] {logging_mixin.py:137} INFO - [2022-12-20T00:02:35.633+0100] {dagbag.py:538} INFO - Filling up the DagBag from /home/kamlesh/pyenvs/data-engg/lib/python3.10/site-packages/airflow/example_dags/example_branch_day_of_week_operator.py
[2022-12-20T00:02:35.655+0100] {processor.py:753} INFO - DAG(s) dict_keys(['example_weekday_branch_operator']) retrieved from /home/kamlesh/pyenvs/data-engg/lib/python3.10/site-packages/airflow/example_dags/example_branch_day_of_week_operator.py
[2022-12-20T00:02:35.679+0100] {logging_mixin.py:137} INFO - [2022-12-20T00:02:35.679+0100] {dag.py:2676} INFO - Sync 1 DAGs
[2022-12-20T00:02:35.692+0100] {logging_mixin.py:137} INFO - [2022-12-20T00:02:35.692+0100] {dag.py:3423} INFO - Setting next_dagrun for example_weekday_branch_operator to 2022-12-18T00:00:00+00:00, run_after=2022-12-19T00:00:00+00:00
[2022-12-20T00:02:35.709+0100] {processor.py:175} INFO - Processing /home/kamlesh/pyenvs/data-engg/lib/python3.10/site-packages/airflow/example_dags/example_branch_day_of_week_operator.py took 0.091 seconds
[2022-12-20T00:03:20.068+0100] {processor.py:153} INFO - Started process (PID=11228) to work on /home/kamlesh/pyenvs/data-engg/lib/python3.10/site-packages/airflow/example_dags/example_branch_day_of_week_operator.py
[2022-12-20T00:03:20.078+0100] {processor.py:743} INFO - Processing file /home/kamlesh/pyenvs/data-engg/lib/python3.10/site-packages/airflow/example_dags/example_branch_day_of_week_operator.py for tasks to queue
[2022-12-20T00:03:20.080+0100] {logging_mixin.py:137} INFO - [2022-12-20T00:03:20.079+0100] {dagbag.py:538} INFO - Filling up the DagBag from /home/kamlesh/pyenvs/data-engg/lib/python3.10/site-packages/airflow/example_dags/example_branch_day_of_week_operator.py
[2022-12-20T00:03:20.110+0100] {processor.py:753} INFO - DAG(s) dict_keys(['example_weekday_branch_operator']) retrieved from /home/kamlesh/pyenvs/data-engg/lib/python3.10/site-packages/airflow/example_dags/example_branch_day_of_week_operator.py
[2022-12-20T00:03:20.134+0100] {logging_mixin.py:137} INFO - [2022-12-20T00:03:20.134+0100] {dag.py:2676} INFO - Sync 1 DAGs
[2022-12-20T00:03:20.146+0100] {logging_mixin.py:137} INFO - [2022-12-20T00:03:20.146+0100] {dag.py:3423} INFO - Setting next_dagrun for example_weekday_branch_operator to 2022-12-18T00:00:00+00:00, run_after=2022-12-19T00:00:00+00:00
[2022-12-20T00:03:20.164+0100] {processor.py:175} INFO - Processing /home/kamlesh/pyenvs/data-engg/lib/python3.10/site-packages/airflow/example_dags/example_branch_day_of_week_operator.py took 0.104 seconds
