[2022-12-20T00:01:05.641+0100] {processor.py:153} INFO - Started process (PID=10946) to work on /home/kamlesh/pyenvs/data-engg/lib/python3.10/site-packages/airflow/example_dags/example_bash_operator.py
[2022-12-20T00:01:05.642+0100] {processor.py:743} INFO - Processing file /home/kamlesh/pyenvs/data-engg/lib/python3.10/site-packages/airflow/example_dags/example_bash_operator.py for tasks to queue
[2022-12-20T00:01:05.643+0100] {logging_mixin.py:137} INFO - [2022-12-20T00:01:05.643+0100] {dagbag.py:538} INFO - Filling up the DagBag from /home/kamlesh/pyenvs/data-engg/lib/python3.10/site-packages/airflow/example_dags/example_bash_operator.py
[2022-12-20T00:01:05.666+0100] {processor.py:753} INFO - DAG(s) dict_keys(['example_bash_operator']) retrieved from /home/kamlesh/pyenvs/data-engg/lib/python3.10/site-packages/airflow/example_dags/example_bash_operator.py
[2022-12-20T00:01:05.779+0100] {logging_mixin.py:137} INFO - [2022-12-20T00:01:05.779+0100] {manager.py:504} INFO - Created Permission View: can delete on DAG:example_bash_operator
[2022-12-20T00:01:05.797+0100] {logging_mixin.py:137} INFO - [2022-12-20T00:01:05.797+0100] {manager.py:504} INFO - Created Permission View: can read on DAG:example_bash_operator
[2022-12-20T00:01:05.809+0100] {logging_mixin.py:137} INFO - [2022-12-20T00:01:05.809+0100] {manager.py:504} INFO - Created Permission View: can edit on DAG:example_bash_operator
[2022-12-20T00:01:05.810+0100] {logging_mixin.py:137} INFO - [2022-12-20T00:01:05.810+0100] {dag.py:2676} INFO - Sync 1 DAGs
[2022-12-20T00:01:05.827+0100] {logging_mixin.py:137} INFO - [2022-12-20T00:01:05.827+0100] {dag.py:2697} INFO - Creating ORM DAG for example_bash_operator
[2022-12-20T00:01:05.838+0100] {logging_mixin.py:137} INFO - [2022-12-20T00:01:05.838+0100] {dag.py:3423} INFO - Setting next_dagrun for example_bash_operator to 2022-12-18T00:00:00+00:00, run_after=2022-12-19T00:00:00+00:00
[2022-12-20T00:01:05.858+0100] {processor.py:175} INFO - Processing /home/kamlesh/pyenvs/data-engg/lib/python3.10/site-packages/airflow/example_dags/example_bash_operator.py took 0.220 seconds
[2022-12-20T00:01:48.616+0100] {processor.py:153} INFO - Started process (PID=11050) to work on /home/kamlesh/pyenvs/data-engg/lib/python3.10/site-packages/airflow/example_dags/example_bash_operator.py
[2022-12-20T00:01:48.624+0100] {processor.py:743} INFO - Processing file /home/kamlesh/pyenvs/data-engg/lib/python3.10/site-packages/airflow/example_dags/example_bash_operator.py for tasks to queue
[2022-12-20T00:01:48.625+0100] {logging_mixin.py:137} INFO - [2022-12-20T00:01:48.625+0100] {dagbag.py:538} INFO - Filling up the DagBag from /home/kamlesh/pyenvs/data-engg/lib/python3.10/site-packages/airflow/example_dags/example_bash_operator.py
[2022-12-20T00:01:48.642+0100] {processor.py:753} INFO - DAG(s) dict_keys(['example_bash_operator']) retrieved from /home/kamlesh/pyenvs/data-engg/lib/python3.10/site-packages/airflow/example_dags/example_bash_operator.py
[2022-12-20T00:01:48.674+0100] {logging_mixin.py:137} INFO - [2022-12-20T00:01:48.674+0100] {dag.py:2676} INFO - Sync 1 DAGs
[2022-12-20T00:01:48.687+0100] {logging_mixin.py:137} INFO - [2022-12-20T00:01:48.687+0100] {dag.py:3423} INFO - Setting next_dagrun for example_bash_operator to 2022-12-18T00:00:00+00:00, run_after=2022-12-19T00:00:00+00:00
[2022-12-20T00:01:48.705+0100] {processor.py:175} INFO - Processing /home/kamlesh/pyenvs/data-engg/lib/python3.10/site-packages/airflow/example_dags/example_bash_operator.py took 0.092 seconds
[2022-12-20T00:02:39.330+0100] {processor.py:153} INFO - Started process (PID=11182) to work on /home/kamlesh/pyenvs/data-engg/lib/python3.10/site-packages/airflow/example_dags/example_bash_operator.py
[2022-12-20T00:02:39.339+0100] {processor.py:743} INFO - Processing file /home/kamlesh/pyenvs/data-engg/lib/python3.10/site-packages/airflow/example_dags/example_bash_operator.py for tasks to queue
[2022-12-20T00:02:39.340+0100] {logging_mixin.py:137} INFO - [2022-12-20T00:02:39.340+0100] {dagbag.py:538} INFO - Filling up the DagBag from /home/kamlesh/pyenvs/data-engg/lib/python3.10/site-packages/airflow/example_dags/example_bash_operator.py
[2022-12-20T00:02:39.369+0100] {processor.py:753} INFO - DAG(s) dict_keys(['example_bash_operator']) retrieved from /home/kamlesh/pyenvs/data-engg/lib/python3.10/site-packages/airflow/example_dags/example_bash_operator.py
[2022-12-20T00:02:39.401+0100] {logging_mixin.py:137} INFO - [2022-12-20T00:02:39.401+0100] {dag.py:2676} INFO - Sync 1 DAGs
[2022-12-20T00:02:39.414+0100] {logging_mixin.py:137} INFO - [2022-12-20T00:02:39.413+0100] {dag.py:3423} INFO - Setting next_dagrun for example_bash_operator to 2022-12-18T00:00:00+00:00, run_after=2022-12-19T00:00:00+00:00
[2022-12-20T00:02:39.441+0100] {processor.py:175} INFO - Processing /home/kamlesh/pyenvs/data-engg/lib/python3.10/site-packages/airflow/example_dags/example_bash_operator.py took 0.114 seconds
[2022-12-20T00:03:23.654+0100] {processor.py:153} INFO - Started process (PID=11231) to work on /home/kamlesh/pyenvs/data-engg/lib/python3.10/site-packages/airflow/example_dags/example_bash_operator.py
[2022-12-20T00:03:23.663+0100] {processor.py:743} INFO - Processing file /home/kamlesh/pyenvs/data-engg/lib/python3.10/site-packages/airflow/example_dags/example_bash_operator.py for tasks to queue
[2022-12-20T00:03:23.664+0100] {logging_mixin.py:137} INFO - [2022-12-20T00:03:23.664+0100] {dagbag.py:538} INFO - Filling up the DagBag from /home/kamlesh/pyenvs/data-engg/lib/python3.10/site-packages/airflow/example_dags/example_bash_operator.py
[2022-12-20T00:03:23.691+0100] {processor.py:753} INFO - DAG(s) dict_keys(['example_bash_operator']) retrieved from /home/kamlesh/pyenvs/data-engg/lib/python3.10/site-packages/airflow/example_dags/example_bash_operator.py
[2022-12-20T00:03:23.724+0100] {logging_mixin.py:137} INFO - [2022-12-20T00:03:23.724+0100] {dag.py:2676} INFO - Sync 1 DAGs
[2022-12-20T00:03:23.742+0100] {logging_mixin.py:137} INFO - [2022-12-20T00:03:23.742+0100] {dag.py:3423} INFO - Setting next_dagrun for example_bash_operator to 2022-12-18T00:00:00+00:00, run_after=2022-12-19T00:00:00+00:00
[2022-12-20T00:03:23.761+0100] {processor.py:175} INFO - Processing /home/kamlesh/pyenvs/data-engg/lib/python3.10/site-packages/airflow/example_dags/example_bash_operator.py took 0.115 seconds
