[2022-12-20T00:00:52.226+0100] {processor.py:153} INFO - Started process (PID=10905) to work on /home/kamlesh/pyenvs/data-engg/lib/python3.10/site-packages/airflow/example_dags/example_short_circuit_operator.py
[2022-12-20T00:00:52.227+0100] {processor.py:743} INFO - Processing file /home/kamlesh/pyenvs/data-engg/lib/python3.10/site-packages/airflow/example_dags/example_short_circuit_operator.py for tasks to queue
[2022-12-20T00:00:52.228+0100] {logging_mixin.py:137} INFO - [2022-12-20T00:00:52.228+0100] {dagbag.py:538} INFO - Filling up the DagBag from /home/kamlesh/pyenvs/data-engg/lib/python3.10/site-packages/airflow/example_dags/example_short_circuit_operator.py
[2022-12-20T00:00:52.245+0100] {processor.py:753} INFO - DAG(s) dict_keys(['example_short_circuit_operator']) retrieved from /home/kamlesh/pyenvs/data-engg/lib/python3.10/site-packages/airflow/example_dags/example_short_circuit_operator.py
[2022-12-20T00:00:52.339+0100] {logging_mixin.py:137} INFO - [2022-12-20T00:00:52.339+0100] {manager.py:504} INFO - Created Permission View: can delete on DAG:example_short_circuit_operator
[2022-12-20T00:00:52.349+0100] {logging_mixin.py:137} INFO - [2022-12-20T00:00:52.349+0100] {manager.py:504} INFO - Created Permission View: can read on DAG:example_short_circuit_operator
[2022-12-20T00:00:52.359+0100] {logging_mixin.py:137} INFO - [2022-12-20T00:00:52.358+0100] {manager.py:504} INFO - Created Permission View: can edit on DAG:example_short_circuit_operator
[2022-12-20T00:00:52.359+0100] {logging_mixin.py:137} INFO - [2022-12-20T00:00:52.359+0100] {dag.py:2676} INFO - Sync 1 DAGs
[2022-12-20T00:00:52.365+0100] {logging_mixin.py:137} INFO - [2022-12-20T00:00:52.365+0100] {dag.py:2697} INFO - Creating ORM DAG for example_short_circuit_operator
[2022-12-20T00:00:52.372+0100] {logging_mixin.py:137} INFO - [2022-12-20T00:00:52.371+0100] {dag.py:3423} INFO - Setting next_dagrun for example_short_circuit_operator to 2022-12-18T23:00:52.371847+00:00, run_after=2022-12-19T23:00:52.371847+00:00
[2022-12-20T00:00:52.390+0100] {processor.py:175} INFO - Processing /home/kamlesh/pyenvs/data-engg/lib/python3.10/site-packages/airflow/example_dags/example_short_circuit_operator.py took 0.167 seconds
[2022-12-20T00:01:34.353+0100] {processor.py:153} INFO - Started process (PID=11036) to work on /home/kamlesh/pyenvs/data-engg/lib/python3.10/site-packages/airflow/example_dags/example_short_circuit_operator.py
[2022-12-20T00:01:34.355+0100] {processor.py:743} INFO - Processing file /home/kamlesh/pyenvs/data-engg/lib/python3.10/site-packages/airflow/example_dags/example_short_circuit_operator.py for tasks to queue
[2022-12-20T00:01:34.355+0100] {logging_mixin.py:137} INFO - [2022-12-20T00:01:34.355+0100] {dagbag.py:538} INFO - Filling up the DagBag from /home/kamlesh/pyenvs/data-engg/lib/python3.10/site-packages/airflow/example_dags/example_short_circuit_operator.py
[2022-12-20T00:01:34.368+0100] {processor.py:753} INFO - DAG(s) dict_keys(['example_short_circuit_operator']) retrieved from /home/kamlesh/pyenvs/data-engg/lib/python3.10/site-packages/airflow/example_dags/example_short_circuit_operator.py
[2022-12-20T00:01:34.390+0100] {logging_mixin.py:137} INFO - [2022-12-20T00:01:34.390+0100] {dag.py:2676} INFO - Sync 1 DAGs
[2022-12-20T00:01:34.402+0100] {logging_mixin.py:137} INFO - [2022-12-20T00:01:34.402+0100] {dag.py:3423} INFO - Setting next_dagrun for example_short_circuit_operator to 2022-12-18T23:01:34.402172+00:00, run_after=2022-12-19T23:01:34.402172+00:00
[2022-12-20T00:01:34.428+0100] {processor.py:175} INFO - Processing /home/kamlesh/pyenvs/data-engg/lib/python3.10/site-packages/airflow/example_dags/example_short_circuit_operator.py took 0.076 seconds
[2022-12-20T00:02:17.726+0100] {processor.py:153} INFO - Started process (PID=11129) to work on /home/kamlesh/pyenvs/data-engg/lib/python3.10/site-packages/airflow/example_dags/example_short_circuit_operator.py
[2022-12-20T00:02:17.734+0100] {processor.py:743} INFO - Processing file /home/kamlesh/pyenvs/data-engg/lib/python3.10/site-packages/airflow/example_dags/example_short_circuit_operator.py for tasks to queue
[2022-12-20T00:02:17.734+0100] {logging_mixin.py:137} INFO - [2022-12-20T00:02:17.734+0100] {dagbag.py:538} INFO - Filling up the DagBag from /home/kamlesh/pyenvs/data-engg/lib/python3.10/site-packages/airflow/example_dags/example_short_circuit_operator.py
[2022-12-20T00:02:17.747+0100] {processor.py:753} INFO - DAG(s) dict_keys(['example_short_circuit_operator']) retrieved from /home/kamlesh/pyenvs/data-engg/lib/python3.10/site-packages/airflow/example_dags/example_short_circuit_operator.py
[2022-12-20T00:02:17.769+0100] {logging_mixin.py:137} INFO - [2022-12-20T00:02:17.769+0100] {dag.py:2676} INFO - Sync 1 DAGs
[2022-12-20T00:02:17.781+0100] {logging_mixin.py:137} INFO - [2022-12-20T00:02:17.781+0100] {dag.py:3423} INFO - Setting next_dagrun for example_short_circuit_operator to 2022-12-18T23:02:17.781629+00:00, run_after=2022-12-19T23:02:17.781629+00:00
[2022-12-20T00:02:17.802+0100] {processor.py:175} INFO - Processing /home/kamlesh/pyenvs/data-engg/lib/python3.10/site-packages/airflow/example_dags/example_short_circuit_operator.py took 0.079 seconds
[2022-12-20T00:03:02.216+0100] {processor.py:153} INFO - Started process (PID=11209) to work on /home/kamlesh/pyenvs/data-engg/lib/python3.10/site-packages/airflow/example_dags/example_short_circuit_operator.py
[2022-12-20T00:03:02.226+0100] {processor.py:743} INFO - Processing file /home/kamlesh/pyenvs/data-engg/lib/python3.10/site-packages/airflow/example_dags/example_short_circuit_operator.py for tasks to queue
[2022-12-20T00:03:02.227+0100] {logging_mixin.py:137} INFO - [2022-12-20T00:03:02.227+0100] {dagbag.py:538} INFO - Filling up the DagBag from /home/kamlesh/pyenvs/data-engg/lib/python3.10/site-packages/airflow/example_dags/example_short_circuit_operator.py
[2022-12-20T00:03:02.256+0100] {processor.py:753} INFO - DAG(s) dict_keys(['example_short_circuit_operator']) retrieved from /home/kamlesh/pyenvs/data-engg/lib/python3.10/site-packages/airflow/example_dags/example_short_circuit_operator.py
[2022-12-20T00:03:02.280+0100] {logging_mixin.py:137} INFO - [2022-12-20T00:03:02.280+0100] {dag.py:2676} INFO - Sync 1 DAGs
[2022-12-20T00:03:02.292+0100] {logging_mixin.py:137} INFO - [2022-12-20T00:03:02.292+0100] {dag.py:3423} INFO - Setting next_dagrun for example_short_circuit_operator to 2022-12-18T23:03:02.292404+00:00, run_after=2022-12-19T23:03:02.292404+00:00
[2022-12-20T00:03:02.310+0100] {processor.py:175} INFO - Processing /home/kamlesh/pyenvs/data-engg/lib/python3.10/site-packages/airflow/example_dags/example_short_circuit_operator.py took 0.101 seconds
[2022-12-20T00:03:45.483+0100] {processor.py:153} INFO - Started process (PID=11276) to work on /home/kamlesh/pyenvs/data-engg/lib/python3.10/site-packages/airflow/example_dags/example_short_circuit_operator.py
[2022-12-20T00:03:45.493+0100] {processor.py:743} INFO - Processing file /home/kamlesh/pyenvs/data-engg/lib/python3.10/site-packages/airflow/example_dags/example_short_circuit_operator.py for tasks to queue
[2022-12-20T00:03:45.495+0100] {logging_mixin.py:137} INFO - [2022-12-20T00:03:45.495+0100] {dagbag.py:538} INFO - Filling up the DagBag from /home/kamlesh/pyenvs/data-engg/lib/python3.10/site-packages/airflow/example_dags/example_short_circuit_operator.py
[2022-12-20T00:03:45.521+0100] {processor.py:753} INFO - DAG(s) dict_keys(['example_short_circuit_operator']) retrieved from /home/kamlesh/pyenvs/data-engg/lib/python3.10/site-packages/airflow/example_dags/example_short_circuit_operator.py
[2022-12-20T00:03:45.545+0100] {logging_mixin.py:137} INFO - [2022-12-20T00:03:45.545+0100] {dag.py:2676} INFO - Sync 1 DAGs
[2022-12-20T00:03:45.558+0100] {logging_mixin.py:137} INFO - [2022-12-20T00:03:45.558+0100] {dag.py:3423} INFO - Setting next_dagrun for example_short_circuit_operator to 2022-12-18T23:03:45.558618+00:00, run_after=2022-12-19T23:03:45.558618+00:00
[2022-12-20T00:03:45.578+0100] {processor.py:175} INFO - Processing /home/kamlesh/pyenvs/data-engg/lib/python3.10/site-packages/airflow/example_dags/example_short_circuit_operator.py took 0.108 seconds
