[2022-12-20T00:00:56.211+0100] {processor.py:153} INFO - Started process (PID=10937) to work on /home/kamlesh/pyenvs/data-engg/lib/python3.10/site-packages/airflow/example_dags/example_branch_operator.py
[2022-12-20T00:00:56.211+0100] {processor.py:743} INFO - Processing file /home/kamlesh/pyenvs/data-engg/lib/python3.10/site-packages/airflow/example_dags/example_branch_operator.py for tasks to queue
[2022-12-20T00:00:56.212+0100] {logging_mixin.py:137} INFO - [2022-12-20T00:00:56.212+0100] {dagbag.py:538} INFO - Filling up the DagBag from /home/kamlesh/pyenvs/data-engg/lib/python3.10/site-packages/airflow/example_dags/example_branch_operator.py
[2022-12-20T00:00:56.226+0100] {processor.py:753} INFO - DAG(s) dict_keys(['example_branch_operator']) retrieved from /home/kamlesh/pyenvs/data-engg/lib/python3.10/site-packages/airflow/example_dags/example_branch_operator.py
[2022-12-20T00:00:56.319+0100] {logging_mixin.py:137} INFO - [2022-12-20T00:00:56.318+0100] {manager.py:504} INFO - Created Permission View: can delete on DAG:example_branch_operator
[2022-12-20T00:00:56.331+0100] {logging_mixin.py:137} INFO - [2022-12-20T00:00:56.330+0100] {manager.py:504} INFO - Created Permission View: can read on DAG:example_branch_operator
[2022-12-20T00:00:56.351+0100] {logging_mixin.py:137} INFO - [2022-12-20T00:00:56.351+0100] {manager.py:504} INFO - Created Permission View: can edit on DAG:example_branch_operator
[2022-12-20T00:00:56.352+0100] {logging_mixin.py:137} INFO - [2022-12-20T00:00:56.352+0100] {dag.py:2676} INFO - Sync 1 DAGs
[2022-12-20T00:00:56.364+0100] {logging_mixin.py:137} INFO - [2022-12-20T00:00:56.364+0100] {dag.py:2697} INFO - Creating ORM DAG for example_branch_operator
[2022-12-20T00:00:56.373+0100] {logging_mixin.py:137} INFO - [2022-12-20T00:00:56.373+0100] {dag.py:3423} INFO - Setting next_dagrun for example_branch_operator to 2022-12-18T00:00:00+00:00, run_after=2022-12-19T00:00:00+00:00
[2022-12-20T00:00:56.392+0100] {processor.py:175} INFO - Processing /home/kamlesh/pyenvs/data-engg/lib/python3.10/site-packages/airflow/example_dags/example_branch_operator.py took 0.184 seconds
[2022-12-20T00:01:39.677+0100] {processor.py:153} INFO - Started process (PID=11042) to work on /home/kamlesh/pyenvs/data-engg/lib/python3.10/site-packages/airflow/example_dags/example_branch_operator.py
[2022-12-20T00:01:39.687+0100] {processor.py:743} INFO - Processing file /home/kamlesh/pyenvs/data-engg/lib/python3.10/site-packages/airflow/example_dags/example_branch_operator.py for tasks to queue
[2022-12-20T00:01:39.689+0100] {logging_mixin.py:137} INFO - [2022-12-20T00:01:39.689+0100] {dagbag.py:538} INFO - Filling up the DagBag from /home/kamlesh/pyenvs/data-engg/lib/python3.10/site-packages/airflow/example_dags/example_branch_operator.py
[2022-12-20T00:01:39.720+0100] {processor.py:753} INFO - DAG(s) dict_keys(['example_branch_operator']) retrieved from /home/kamlesh/pyenvs/data-engg/lib/python3.10/site-packages/airflow/example_dags/example_branch_operator.py
[2022-12-20T00:01:39.744+0100] {logging_mixin.py:137} INFO - [2022-12-20T00:01:39.744+0100] {dag.py:2676} INFO - Sync 1 DAGs
[2022-12-20T00:01:39.757+0100] {logging_mixin.py:137} INFO - [2022-12-20T00:01:39.757+0100] {dag.py:3423} INFO - Setting next_dagrun for example_branch_operator to 2022-12-18T00:00:00+00:00, run_after=2022-12-19T00:00:00+00:00
[2022-12-20T00:01:39.774+0100] {processor.py:175} INFO - Processing /home/kamlesh/pyenvs/data-engg/lib/python3.10/site-packages/airflow/example_dags/example_branch_operator.py took 0.104 seconds
[2022-12-20T00:02:22.490+0100] {processor.py:153} INFO - Started process (PID=11167) to work on /home/kamlesh/pyenvs/data-engg/lib/python3.10/site-packages/airflow/example_dags/example_branch_operator.py
[2022-12-20T00:02:22.500+0100] {processor.py:743} INFO - Processing file /home/kamlesh/pyenvs/data-engg/lib/python3.10/site-packages/airflow/example_dags/example_branch_operator.py for tasks to queue
[2022-12-20T00:02:22.502+0100] {logging_mixin.py:137} INFO - [2022-12-20T00:02:22.501+0100] {dagbag.py:538} INFO - Filling up the DagBag from /home/kamlesh/pyenvs/data-engg/lib/python3.10/site-packages/airflow/example_dags/example_branch_operator.py
[2022-12-20T00:02:22.530+0100] {processor.py:753} INFO - DAG(s) dict_keys(['example_branch_operator']) retrieved from /home/kamlesh/pyenvs/data-engg/lib/python3.10/site-packages/airflow/example_dags/example_branch_operator.py
[2022-12-20T00:02:22.554+0100] {logging_mixin.py:137} INFO - [2022-12-20T00:02:22.554+0100] {dag.py:2676} INFO - Sync 1 DAGs
[2022-12-20T00:02:22.567+0100] {logging_mixin.py:137} INFO - [2022-12-20T00:02:22.567+0100] {dag.py:3423} INFO - Setting next_dagrun for example_branch_operator to 2022-12-18T00:00:00+00:00, run_after=2022-12-19T00:00:00+00:00
[2022-12-20T00:02:22.592+0100] {processor.py:175} INFO - Processing /home/kamlesh/pyenvs/data-engg/lib/python3.10/site-packages/airflow/example_dags/example_branch_operator.py took 0.110 seconds
[2022-12-20T00:03:06.780+0100] {processor.py:153} INFO - Started process (PID=11213) to work on /home/kamlesh/pyenvs/data-engg/lib/python3.10/site-packages/airflow/example_dags/example_branch_operator.py
[2022-12-20T00:03:06.782+0100] {processor.py:743} INFO - Processing file /home/kamlesh/pyenvs/data-engg/lib/python3.10/site-packages/airflow/example_dags/example_branch_operator.py for tasks to queue
[2022-12-20T00:03:06.783+0100] {logging_mixin.py:137} INFO - [2022-12-20T00:03:06.783+0100] {dagbag.py:538} INFO - Filling up the DagBag from /home/kamlesh/pyenvs/data-engg/lib/python3.10/site-packages/airflow/example_dags/example_branch_operator.py
[2022-12-20T00:03:06.805+0100] {processor.py:753} INFO - DAG(s) dict_keys(['example_branch_operator']) retrieved from /home/kamlesh/pyenvs/data-engg/lib/python3.10/site-packages/airflow/example_dags/example_branch_operator.py
[2022-12-20T00:03:06.828+0100] {logging_mixin.py:137} INFO - [2022-12-20T00:03:06.828+0100] {dag.py:2676} INFO - Sync 1 DAGs
[2022-12-20T00:03:06.841+0100] {logging_mixin.py:137} INFO - [2022-12-20T00:03:06.841+0100] {dag.py:3423} INFO - Setting next_dagrun for example_branch_operator to 2022-12-18T00:00:00+00:00, run_after=2022-12-19T00:00:00+00:00
[2022-12-20T00:03:06.859+0100] {processor.py:175} INFO - Processing /home/kamlesh/pyenvs/data-engg/lib/python3.10/site-packages/airflow/example_dags/example_branch_operator.py took 0.082 seconds
