[2022-12-19T23:56:14.860+0100] {processor.py:153} INFO - Started process (PID=9912) to work on /home/kamlesh/pyenvs/data-engg/lib/python3.10/site-packages/airflow/example_dags/example_python_operator.py
[2022-12-19T23:56:14.862+0100] {processor.py:743} INFO - Processing file /home/kamlesh/pyenvs/data-engg/lib/python3.10/site-packages/airflow/example_dags/example_python_operator.py for tasks to queue
[2022-12-19T23:56:14.864+0100] {logging_mixin.py:137} INFO - [2022-12-19T23:56:14.864+0100] {dagbag.py:538} INFO - Filling up the DagBag from /home/kamlesh/pyenvs/data-engg/lib/python3.10/site-packages/airflow/example_dags/example_python_operator.py
[2022-12-19T23:56:14.887+0100] {logging_mixin.py:137} INFO - [2022-12-19T23:56:14.887+0100] {taskmixin.py:205} WARNING - Dependency <Task(_PythonDecoratedOperator): print_the_context>, log_sql_query already registered for DAG: example_python_operator
[2022-12-19T23:56:14.887+0100] {logging_mixin.py:137} INFO - [2022-12-19T23:56:14.887+0100] {taskmixin.py:205} WARNING - Dependency <Task(_PythonDecoratedOperator): log_sql_query>, print_the_context already registered for DAG: example_python_operator
[2022-12-19T23:56:14.888+0100] {logging_mixin.py:137} INFO - [2022-12-19T23:56:14.888+0100] {taskmixin.py:205} WARNING - Dependency <Task(_PythonDecoratedOperator): print_the_context>, log_sql_query already registered for DAG: example_python_operator
[2022-12-19T23:56:14.888+0100] {logging_mixin.py:137} INFO - [2022-12-19T23:56:14.888+0100] {taskmixin.py:205} WARNING - Dependency <Task(_PythonDecoratedOperator): log_sql_query>, print_the_context already registered for DAG: example_python_operator
[2022-12-19T23:56:14.889+0100] {logging_mixin.py:137} INFO - [2022-12-19T23:56:14.889+0100] {taskmixin.py:205} WARNING - Dependency <Task(_PythonDecoratedOperator): print_the_context>, log_sql_query already registered for DAG: example_python_operator
[2022-12-19T23:56:14.889+0100] {logging_mixin.py:137} INFO - [2022-12-19T23:56:14.889+0100] {taskmixin.py:205} WARNING - Dependency <Task(_PythonDecoratedOperator): log_sql_query>, print_the_context already registered for DAG: example_python_operator
[2022-12-19T23:56:14.889+0100] {logging_mixin.py:137} INFO - [2022-12-19T23:56:14.889+0100] {taskmixin.py:205} WARNING - Dependency <Task(_PythonDecoratedOperator): print_the_context>, log_sql_query already registered for DAG: example_python_operator
[2022-12-19T23:56:14.890+0100] {logging_mixin.py:137} INFO - [2022-12-19T23:56:14.890+0100] {taskmixin.py:205} WARNING - Dependency <Task(_PythonDecoratedOperator): log_sql_query>, print_the_context already registered for DAG: example_python_operator
[2022-12-19T23:56:14.890+0100] {logging_mixin.py:137} INFO - [2022-12-19T23:56:14.890+0100] {example_python_operator.py:90} WARNING - The virtalenv_python example task requires virtualenv, please install it.
[2022-12-19T23:56:14.894+0100] {processor.py:753} INFO - DAG(s) dict_keys(['example_python_operator']) retrieved from /home/kamlesh/pyenvs/data-engg/lib/python3.10/site-packages/airflow/example_dags/example_python_operator.py
[2022-12-19T23:56:14.983+0100] {logging_mixin.py:137} INFO - [2022-12-19T23:56:14.983+0100] {manager.py:504} INFO - Created Permission View: can delete on DAG:example_python_operator
[2022-12-19T23:56:14.995+0100] {logging_mixin.py:137} INFO - [2022-12-19T23:56:14.995+0100] {manager.py:504} INFO - Created Permission View: can read on DAG:example_python_operator
[2022-12-19T23:56:15.007+0100] {logging_mixin.py:137} INFO - [2022-12-19T23:56:15.006+0100] {manager.py:504} INFO - Created Permission View: can edit on DAG:example_python_operator
[2022-12-19T23:56:15.008+0100] {logging_mixin.py:137} INFO - [2022-12-19T23:56:15.007+0100] {dag.py:2676} INFO - Sync 1 DAGs
[2022-12-19T23:56:15.033+0100] {logging_mixin.py:137} INFO - [2022-12-19T23:56:15.033+0100] {dag.py:2697} INFO - Creating ORM DAG for example_python_operator
[2022-12-19T23:56:15.043+0100] {logging_mixin.py:137} INFO - [2022-12-19T23:56:15.043+0100] {dag.py:3423} INFO - Setting next_dagrun for example_python_operator to None, run_after=None
[2022-12-19T23:56:15.062+0100] {processor.py:175} INFO - Processing /home/kamlesh/pyenvs/data-engg/lib/python3.10/site-packages/airflow/example_dags/example_python_operator.py took 0.209 seconds
[2022-12-20T00:00:33.794+0100] {processor.py:153} INFO - Started process (PID=10819) to work on /home/kamlesh/pyenvs/data-engg/lib/python3.10/site-packages/airflow/example_dags/example_python_operator.py
[2022-12-20T00:00:33.803+0100] {processor.py:743} INFO - Processing file /home/kamlesh/pyenvs/data-engg/lib/python3.10/site-packages/airflow/example_dags/example_python_operator.py for tasks to queue
[2022-12-20T00:00:33.803+0100] {logging_mixin.py:137} INFO - [2022-12-20T00:00:33.803+0100] {dagbag.py:538} INFO - Filling up the DagBag from /home/kamlesh/pyenvs/data-engg/lib/python3.10/site-packages/airflow/example_dags/example_python_operator.py
[2022-12-20T00:00:33.819+0100] {logging_mixin.py:137} INFO - [2022-12-20T00:00:33.819+0100] {taskmixin.py:205} WARNING - Dependency <Task(_PythonDecoratedOperator): print_the_context>, log_sql_query already registered for DAG: example_python_operator
[2022-12-20T00:00:33.819+0100] {logging_mixin.py:137} INFO - [2022-12-20T00:00:33.819+0100] {taskmixin.py:205} WARNING - Dependency <Task(_PythonDecoratedOperator): log_sql_query>, print_the_context already registered for DAG: example_python_operator
[2022-12-20T00:00:33.819+0100] {logging_mixin.py:137} INFO - [2022-12-20T00:00:33.819+0100] {taskmixin.py:205} WARNING - Dependency <Task(_PythonDecoratedOperator): print_the_context>, log_sql_query already registered for DAG: example_python_operator
[2022-12-20T00:00:33.820+0100] {logging_mixin.py:137} INFO - [2022-12-20T00:00:33.819+0100] {taskmixin.py:205} WARNING - Dependency <Task(_PythonDecoratedOperator): log_sql_query>, print_the_context already registered for DAG: example_python_operator
[2022-12-20T00:00:33.820+0100] {logging_mixin.py:137} INFO - [2022-12-20T00:00:33.820+0100] {taskmixin.py:205} WARNING - Dependency <Task(_PythonDecoratedOperator): print_the_context>, log_sql_query already registered for DAG: example_python_operator
[2022-12-20T00:00:33.820+0100] {logging_mixin.py:137} INFO - [2022-12-20T00:00:33.820+0100] {taskmixin.py:205} WARNING - Dependency <Task(_PythonDecoratedOperator): log_sql_query>, print_the_context already registered for DAG: example_python_operator
[2022-12-20T00:00:33.821+0100] {logging_mixin.py:137} INFO - [2022-12-20T00:00:33.821+0100] {taskmixin.py:205} WARNING - Dependency <Task(_PythonDecoratedOperator): print_the_context>, log_sql_query already registered for DAG: example_python_operator
[2022-12-20T00:00:33.821+0100] {logging_mixin.py:137} INFO - [2022-12-20T00:00:33.821+0100] {taskmixin.py:205} WARNING - Dependency <Task(_PythonDecoratedOperator): log_sql_query>, print_the_context already registered for DAG: example_python_operator
[2022-12-20T00:00:33.821+0100] {logging_mixin.py:137} INFO - [2022-12-20T00:00:33.821+0100] {example_python_operator.py:90} WARNING - The virtalenv_python example task requires virtualenv, please install it.
[2022-12-20T00:00:33.825+0100] {processor.py:753} INFO - DAG(s) dict_keys(['example_python_operator']) retrieved from /home/kamlesh/pyenvs/data-engg/lib/python3.10/site-packages/airflow/example_dags/example_python_operator.py
[2022-12-20T00:00:33.848+0100] {logging_mixin.py:137} INFO - [2022-12-20T00:00:33.848+0100] {dag.py:2676} INFO - Sync 1 DAGs
[2022-12-20T00:00:33.859+0100] {logging_mixin.py:137} INFO - [2022-12-20T00:00:33.859+0100] {dag.py:3423} INFO - Setting next_dagrun for example_python_operator to None, run_after=None
[2022-12-20T00:00:33.883+0100] {processor.py:175} INFO - Processing /home/kamlesh/pyenvs/data-engg/lib/python3.10/site-packages/airflow/example_dags/example_python_operator.py took 0.090 seconds
[2022-12-20T00:01:15.893+0100] {processor.py:153} INFO - Started process (PID=11012) to work on /home/kamlesh/pyenvs/data-engg/lib/python3.10/site-packages/airflow/example_dags/example_python_operator.py
[2022-12-20T00:01:15.903+0100] {processor.py:743} INFO - Processing file /home/kamlesh/pyenvs/data-engg/lib/python3.10/site-packages/airflow/example_dags/example_python_operator.py for tasks to queue
[2022-12-20T00:01:15.905+0100] {logging_mixin.py:137} INFO - [2022-12-20T00:01:15.904+0100] {dagbag.py:538} INFO - Filling up the DagBag from /home/kamlesh/pyenvs/data-engg/lib/python3.10/site-packages/airflow/example_dags/example_python_operator.py
[2022-12-20T00:01:15.935+0100] {logging_mixin.py:137} INFO - [2022-12-20T00:01:15.935+0100] {taskmixin.py:205} WARNING - Dependency <Task(_PythonDecoratedOperator): print_the_context>, log_sql_query already registered for DAG: example_python_operator
[2022-12-20T00:01:15.935+0100] {logging_mixin.py:137} INFO - [2022-12-20T00:01:15.935+0100] {taskmixin.py:205} WARNING - Dependency <Task(_PythonDecoratedOperator): log_sql_query>, print_the_context already registered for DAG: example_python_operator
[2022-12-20T00:01:15.936+0100] {logging_mixin.py:137} INFO - [2022-12-20T00:01:15.936+0100] {taskmixin.py:205} WARNING - Dependency <Task(_PythonDecoratedOperator): print_the_context>, log_sql_query already registered for DAG: example_python_operator
[2022-12-20T00:01:15.936+0100] {logging_mixin.py:137} INFO - [2022-12-20T00:01:15.936+0100] {taskmixin.py:205} WARNING - Dependency <Task(_PythonDecoratedOperator): log_sql_query>, print_the_context already registered for DAG: example_python_operator
[2022-12-20T00:01:15.937+0100] {logging_mixin.py:137} INFO - [2022-12-20T00:01:15.937+0100] {taskmixin.py:205} WARNING - Dependency <Task(_PythonDecoratedOperator): print_the_context>, log_sql_query already registered for DAG: example_python_operator
[2022-12-20T00:01:15.937+0100] {logging_mixin.py:137} INFO - [2022-12-20T00:01:15.937+0100] {taskmixin.py:205} WARNING - Dependency <Task(_PythonDecoratedOperator): log_sql_query>, print_the_context already registered for DAG: example_python_operator
[2022-12-20T00:01:15.938+0100] {logging_mixin.py:137} INFO - [2022-12-20T00:01:15.938+0100] {taskmixin.py:205} WARNING - Dependency <Task(_PythonDecoratedOperator): print_the_context>, log_sql_query already registered for DAG: example_python_operator
[2022-12-20T00:01:15.938+0100] {logging_mixin.py:137} INFO - [2022-12-20T00:01:15.938+0100] {taskmixin.py:205} WARNING - Dependency <Task(_PythonDecoratedOperator): log_sql_query>, print_the_context already registered for DAG: example_python_operator
[2022-12-20T00:01:15.938+0100] {logging_mixin.py:137} INFO - [2022-12-20T00:01:15.938+0100] {example_python_operator.py:90} WARNING - The virtalenv_python example task requires virtualenv, please install it.
[2022-12-20T00:01:15.942+0100] {processor.py:753} INFO - DAG(s) dict_keys(['example_python_operator']) retrieved from /home/kamlesh/pyenvs/data-engg/lib/python3.10/site-packages/airflow/example_dags/example_python_operator.py
[2022-12-20T00:01:15.964+0100] {logging_mixin.py:137} INFO - [2022-12-20T00:01:15.964+0100] {dag.py:2676} INFO - Sync 1 DAGs
[2022-12-20T00:01:15.976+0100] {logging_mixin.py:137} INFO - [2022-12-20T00:01:15.976+0100] {dag.py:3423} INFO - Setting next_dagrun for example_python_operator to None, run_after=None
[2022-12-20T00:01:15.993+0100] {processor.py:175} INFO - Processing /home/kamlesh/pyenvs/data-engg/lib/python3.10/site-packages/airflow/example_dags/example_python_operator.py took 0.108 seconds
[2022-12-20T00:01:53.263+0100] {processor.py:153} INFO - Started process (PID=11055) to work on /home/kamlesh/pyenvs/data-engg/lib/python3.10/site-packages/airflow/example_dags/example_python_operator.py
[2022-12-20T00:01:53.272+0100] {processor.py:743} INFO - Processing file /home/kamlesh/pyenvs/data-engg/lib/python3.10/site-packages/airflow/example_dags/example_python_operator.py for tasks to queue
[2022-12-20T00:01:53.272+0100] {logging_mixin.py:137} INFO - [2022-12-20T00:01:53.272+0100] {dagbag.py:538} INFO - Filling up the DagBag from /home/kamlesh/pyenvs/data-engg/lib/python3.10/site-packages/airflow/example_dags/example_python_operator.py
[2022-12-20T00:01:53.292+0100] {logging_mixin.py:137} INFO - [2022-12-20T00:01:53.292+0100] {taskmixin.py:205} WARNING - Dependency <Task(_PythonDecoratedOperator): print_the_context>, log_sql_query already registered for DAG: example_python_operator
[2022-12-20T00:01:53.292+0100] {logging_mixin.py:137} INFO - [2022-12-20T00:01:53.292+0100] {taskmixin.py:205} WARNING - Dependency <Task(_PythonDecoratedOperator): log_sql_query>, print_the_context already registered for DAG: example_python_operator
[2022-12-20T00:01:53.293+0100] {logging_mixin.py:137} INFO - [2022-12-20T00:01:53.293+0100] {taskmixin.py:205} WARNING - Dependency <Task(_PythonDecoratedOperator): print_the_context>, log_sql_query already registered for DAG: example_python_operator
[2022-12-20T00:01:53.293+0100] {logging_mixin.py:137} INFO - [2022-12-20T00:01:53.293+0100] {taskmixin.py:205} WARNING - Dependency <Task(_PythonDecoratedOperator): log_sql_query>, print_the_context already registered for DAG: example_python_operator
[2022-12-20T00:01:53.294+0100] {logging_mixin.py:137} INFO - [2022-12-20T00:01:53.293+0100] {taskmixin.py:205} WARNING - Dependency <Task(_PythonDecoratedOperator): print_the_context>, log_sql_query already registered for DAG: example_python_operator
[2022-12-20T00:01:53.294+0100] {logging_mixin.py:137} INFO - [2022-12-20T00:01:53.294+0100] {taskmixin.py:205} WARNING - Dependency <Task(_PythonDecoratedOperator): log_sql_query>, print_the_context already registered for DAG: example_python_operator
[2022-12-20T00:01:53.294+0100] {logging_mixin.py:137} INFO - [2022-12-20T00:01:53.294+0100] {taskmixin.py:205} WARNING - Dependency <Task(_PythonDecoratedOperator): print_the_context>, log_sql_query already registered for DAG: example_python_operator
[2022-12-20T00:01:53.295+0100] {logging_mixin.py:137} INFO - [2022-12-20T00:01:53.294+0100] {taskmixin.py:205} WARNING - Dependency <Task(_PythonDecoratedOperator): log_sql_query>, print_the_context already registered for DAG: example_python_operator
[2022-12-20T00:01:53.295+0100] {logging_mixin.py:137} INFO - [2022-12-20T00:01:53.295+0100] {example_python_operator.py:90} WARNING - The virtalenv_python example task requires virtualenv, please install it.
[2022-12-20T00:01:53.299+0100] {processor.py:753} INFO - DAG(s) dict_keys(['example_python_operator']) retrieved from /home/kamlesh/pyenvs/data-engg/lib/python3.10/site-packages/airflow/example_dags/example_python_operator.py
[2022-12-20T00:01:53.322+0100] {logging_mixin.py:137} INFO - [2022-12-20T00:01:53.322+0100] {dag.py:2676} INFO - Sync 1 DAGs
[2022-12-20T00:01:53.334+0100] {logging_mixin.py:137} INFO - [2022-12-20T00:01:53.334+0100] {dag.py:3423} INFO - Setting next_dagrun for example_python_operator to None, run_after=None
[2022-12-20T00:01:53.351+0100] {processor.py:175} INFO - Processing /home/kamlesh/pyenvs/data-engg/lib/python3.10/site-packages/airflow/example_dags/example_python_operator.py took 0.091 seconds
[2022-12-20T00:02:31.647+0100] {processor.py:153} INFO - Started process (PID=11175) to work on /home/kamlesh/pyenvs/data-engg/lib/python3.10/site-packages/airflow/example_dags/example_python_operator.py
[2022-12-20T00:02:31.656+0100] {processor.py:743} INFO - Processing file /home/kamlesh/pyenvs/data-engg/lib/python3.10/site-packages/airflow/example_dags/example_python_operator.py for tasks to queue
[2022-12-20T00:02:31.657+0100] {logging_mixin.py:137} INFO - [2022-12-20T00:02:31.657+0100] {dagbag.py:538} INFO - Filling up the DagBag from /home/kamlesh/pyenvs/data-engg/lib/python3.10/site-packages/airflow/example_dags/example_python_operator.py
[2022-12-20T00:02:31.687+0100] {logging_mixin.py:137} INFO - [2022-12-20T00:02:31.687+0100] {taskmixin.py:205} WARNING - Dependency <Task(_PythonDecoratedOperator): print_the_context>, log_sql_query already registered for DAG: example_python_operator
[2022-12-20T00:02:31.687+0100] {logging_mixin.py:137} INFO - [2022-12-20T00:02:31.687+0100] {taskmixin.py:205} WARNING - Dependency <Task(_PythonDecoratedOperator): log_sql_query>, print_the_context already registered for DAG: example_python_operator
[2022-12-20T00:02:31.688+0100] {logging_mixin.py:137} INFO - [2022-12-20T00:02:31.688+0100] {taskmixin.py:205} WARNING - Dependency <Task(_PythonDecoratedOperator): print_the_context>, log_sql_query already registered for DAG: example_python_operator
[2022-12-20T00:02:31.688+0100] {logging_mixin.py:137} INFO - [2022-12-20T00:02:31.688+0100] {taskmixin.py:205} WARNING - Dependency <Task(_PythonDecoratedOperator): log_sql_query>, print_the_context already registered for DAG: example_python_operator
[2022-12-20T00:02:31.689+0100] {logging_mixin.py:137} INFO - [2022-12-20T00:02:31.689+0100] {taskmixin.py:205} WARNING - Dependency <Task(_PythonDecoratedOperator): print_the_context>, log_sql_query already registered for DAG: example_python_operator
[2022-12-20T00:02:31.689+0100] {logging_mixin.py:137} INFO - [2022-12-20T00:02:31.689+0100] {taskmixin.py:205} WARNING - Dependency <Task(_PythonDecoratedOperator): log_sql_query>, print_the_context already registered for DAG: example_python_operator
[2022-12-20T00:02:31.690+0100] {logging_mixin.py:137} INFO - [2022-12-20T00:02:31.690+0100] {taskmixin.py:205} WARNING - Dependency <Task(_PythonDecoratedOperator): print_the_context>, log_sql_query already registered for DAG: example_python_operator
[2022-12-20T00:02:31.690+0100] {logging_mixin.py:137} INFO - [2022-12-20T00:02:31.690+0100] {taskmixin.py:205} WARNING - Dependency <Task(_PythonDecoratedOperator): log_sql_query>, print_the_context already registered for DAG: example_python_operator
[2022-12-20T00:02:31.690+0100] {logging_mixin.py:137} INFO - [2022-12-20T00:02:31.690+0100] {example_python_operator.py:90} WARNING - The virtalenv_python example task requires virtualenv, please install it.
[2022-12-20T00:02:31.696+0100] {processor.py:753} INFO - DAG(s) dict_keys(['example_python_operator']) retrieved from /home/kamlesh/pyenvs/data-engg/lib/python3.10/site-packages/airflow/example_dags/example_python_operator.py
[2022-12-20T00:02:31.717+0100] {logging_mixin.py:137} INFO - [2022-12-20T00:02:31.717+0100] {dag.py:2676} INFO - Sync 1 DAGs
[2022-12-20T00:02:31.730+0100] {logging_mixin.py:137} INFO - [2022-12-20T00:02:31.729+0100] {dag.py:3423} INFO - Setting next_dagrun for example_python_operator to None, run_after=None
[2022-12-20T00:02:31.748+0100] {processor.py:175} INFO - Processing /home/kamlesh/pyenvs/data-engg/lib/python3.10/site-packages/airflow/example_dags/example_python_operator.py took 0.108 seconds
[2022-12-20T00:03:14.930+0100] {processor.py:153} INFO - Started process (PID=11221) to work on /home/kamlesh/pyenvs/data-engg/lib/python3.10/site-packages/airflow/example_dags/example_python_operator.py
[2022-12-20T00:03:14.939+0100] {processor.py:743} INFO - Processing file /home/kamlesh/pyenvs/data-engg/lib/python3.10/site-packages/airflow/example_dags/example_python_operator.py for tasks to queue
[2022-12-20T00:03:14.941+0100] {logging_mixin.py:137} INFO - [2022-12-20T00:03:14.940+0100] {dagbag.py:538} INFO - Filling up the DagBag from /home/kamlesh/pyenvs/data-engg/lib/python3.10/site-packages/airflow/example_dags/example_python_operator.py
[2022-12-20T00:03:14.983+0100] {logging_mixin.py:137} INFO - [2022-12-20T00:03:14.982+0100] {taskmixin.py:205} WARNING - Dependency <Task(_PythonDecoratedOperator): print_the_context>, log_sql_query already registered for DAG: example_python_operator
[2022-12-20T00:03:14.983+0100] {logging_mixin.py:137} INFO - [2022-12-20T00:03:14.983+0100] {taskmixin.py:205} WARNING - Dependency <Task(_PythonDecoratedOperator): log_sql_query>, print_the_context already registered for DAG: example_python_operator
[2022-12-20T00:03:14.984+0100] {logging_mixin.py:137} INFO - [2022-12-20T00:03:14.983+0100] {taskmixin.py:205} WARNING - Dependency <Task(_PythonDecoratedOperator): print_the_context>, log_sql_query already registered for DAG: example_python_operator
[2022-12-20T00:03:14.984+0100] {logging_mixin.py:137} INFO - [2022-12-20T00:03:14.984+0100] {taskmixin.py:205} WARNING - Dependency <Task(_PythonDecoratedOperator): log_sql_query>, print_the_context already registered for DAG: example_python_operator
[2022-12-20T00:03:14.984+0100] {logging_mixin.py:137} INFO - [2022-12-20T00:03:14.984+0100] {taskmixin.py:205} WARNING - Dependency <Task(_PythonDecoratedOperator): print_the_context>, log_sql_query already registered for DAG: example_python_operator
[2022-12-20T00:03:14.985+0100] {logging_mixin.py:137} INFO - [2022-12-20T00:03:14.985+0100] {taskmixin.py:205} WARNING - Dependency <Task(_PythonDecoratedOperator): log_sql_query>, print_the_context already registered for DAG: example_python_operator
[2022-12-20T00:03:14.985+0100] {logging_mixin.py:137} INFO - [2022-12-20T00:03:14.985+0100] {taskmixin.py:205} WARNING - Dependency <Task(_PythonDecoratedOperator): print_the_context>, log_sql_query already registered for DAG: example_python_operator
[2022-12-20T00:03:14.986+0100] {logging_mixin.py:137} INFO - [2022-12-20T00:03:14.985+0100] {taskmixin.py:205} WARNING - Dependency <Task(_PythonDecoratedOperator): log_sql_query>, print_the_context already registered for DAG: example_python_operator
[2022-12-20T00:03:14.986+0100] {logging_mixin.py:137} INFO - [2022-12-20T00:03:14.986+0100] {example_python_operator.py:90} WARNING - The virtalenv_python example task requires virtualenv, please install it.
[2022-12-20T00:03:14.990+0100] {processor.py:753} INFO - DAG(s) dict_keys(['example_python_operator']) retrieved from /home/kamlesh/pyenvs/data-engg/lib/python3.10/site-packages/airflow/example_dags/example_python_operator.py
[2022-12-20T00:03:15.012+0100] {logging_mixin.py:137} INFO - [2022-12-20T00:03:15.012+0100] {dag.py:2676} INFO - Sync 1 DAGs
[2022-12-20T00:03:15.025+0100] {logging_mixin.py:137} INFO - [2022-12-20T00:03:15.025+0100] {dag.py:3423} INFO - Setting next_dagrun for example_python_operator to None, run_after=None
[2022-12-20T00:03:15.042+0100] {processor.py:175} INFO - Processing /home/kamlesh/pyenvs/data-engg/lib/python3.10/site-packages/airflow/example_dags/example_python_operator.py took 0.114 seconds
