[2022-12-19T23:56:23.668+0100] {processor.py:153} INFO - Started process (PID=9934) to work on /home/kamlesh/pyenvs/data-engg/lib/python3.10/site-packages/airflow/example_dags/example_subdag_operator.py
[2022-12-19T23:56:23.671+0100] {processor.py:743} INFO - Processing file /home/kamlesh/pyenvs/data-engg/lib/python3.10/site-packages/airflow/example_dags/example_subdag_operator.py for tasks to queue
[2022-12-19T23:56:23.672+0100] {logging_mixin.py:137} INFO - [2022-12-19T23:56:23.672+0100] {dagbag.py:538} INFO - Filling up the DagBag from /home/kamlesh/pyenvs/data-engg/lib/python3.10/site-packages/airflow/example_dags/example_subdag_operator.py
[2022-12-19T23:56:23.706+0100] {processor.py:753} INFO - DAG(s) dict_keys(['example_subdag_operator.section-1', 'example_subdag_operator.section-2', 'example_subdag_operator']) retrieved from /home/kamlesh/pyenvs/data-engg/lib/python3.10/site-packages/airflow/example_dags/example_subdag_operator.py
[2022-12-19T23:56:23.796+0100] {logging_mixin.py:137} INFO - [2022-12-19T23:56:23.796+0100] {manager.py:504} INFO - Created Permission View: can delete on DAG:example_subdag_operator
[2022-12-19T23:56:23.811+0100] {logging_mixin.py:137} INFO - [2022-12-19T23:56:23.810+0100] {manager.py:504} INFO - Created Permission View: can read on DAG:example_subdag_operator
[2022-12-19T23:56:23.826+0100] {logging_mixin.py:137} INFO - [2022-12-19T23:56:23.825+0100] {manager.py:504} INFO - Created Permission View: can edit on DAG:example_subdag_operator
[2022-12-19T23:56:23.826+0100] {logging_mixin.py:137} INFO - [2022-12-19T23:56:23.826+0100] {dag.py:2676} INFO - Sync 3 DAGs
[2022-12-19T23:56:23.837+0100] {logging_mixin.py:137} INFO - [2022-12-19T23:56:23.837+0100] {dag.py:2697} INFO - Creating ORM DAG for example_subdag_operator.section-1
[2022-12-19T23:56:23.838+0100] {logging_mixin.py:137} INFO - [2022-12-19T23:56:23.838+0100] {dag.py:2697} INFO - Creating ORM DAG for example_subdag_operator.section-2
[2022-12-19T23:56:23.838+0100] {logging_mixin.py:137} INFO - [2022-12-19T23:56:23.838+0100] {dag.py:2697} INFO - Creating ORM DAG for example_subdag_operator
[2022-12-19T23:56:23.845+0100] {logging_mixin.py:137} INFO - [2022-12-19T23:56:23.844+0100] {dag.py:3423} INFO - Setting next_dagrun for example_subdag_operator to 2022-01-01T00:00:00+00:00, run_after=2022-01-01T00:00:00+00:00
[2022-12-19T23:56:23.845+0100] {logging_mixin.py:137} INFO - [2022-12-19T23:56:23.845+0100] {dag.py:3423} INFO - Setting next_dagrun for example_subdag_operator.section-1 to None, run_after=None
[2022-12-19T23:56:23.845+0100] {logging_mixin.py:137} INFO - [2022-12-19T23:56:23.845+0100] {dag.py:3423} INFO - Setting next_dagrun for example_subdag_operator.section-2 to None, run_after=None
[2022-12-19T23:56:23.849+0100] {logging_mixin.py:137} INFO - [2022-12-19T23:56:23.849+0100] {dag.py:2676} INFO - Sync 2 DAGs
[2022-12-19T23:56:23.852+0100] {logging_mixin.py:137} INFO - [2022-12-19T23:56:23.852+0100] {dag.py:3423} INFO - Setting next_dagrun for example_subdag_operator.section-1 to None, run_after=None
[2022-12-19T23:56:23.853+0100] {logging_mixin.py:137} INFO - [2022-12-19T23:56:23.853+0100] {dag.py:3423} INFO - Setting next_dagrun for example_subdag_operator.section-2 to None, run_after=None
[2022-12-19T23:56:23.869+0100] {processor.py:175} INFO - Processing /home/kamlesh/pyenvs/data-engg/lib/python3.10/site-packages/airflow/example_dags/example_subdag_operator.py took 0.208 seconds
[2022-12-20T00:00:41.795+0100] {processor.py:153} INFO - Started process (PID=10849) to work on /home/kamlesh/pyenvs/data-engg/lib/python3.10/site-packages/airflow/example_dags/example_subdag_operator.py
[2022-12-20T00:00:41.803+0100] {processor.py:743} INFO - Processing file /home/kamlesh/pyenvs/data-engg/lib/python3.10/site-packages/airflow/example_dags/example_subdag_operator.py for tasks to queue
[2022-12-20T00:00:41.804+0100] {logging_mixin.py:137} INFO - [2022-12-20T00:00:41.804+0100] {dagbag.py:538} INFO - Filling up the DagBag from /home/kamlesh/pyenvs/data-engg/lib/python3.10/site-packages/airflow/example_dags/example_subdag_operator.py
[2022-12-20T00:00:41.823+0100] {processor.py:753} INFO - DAG(s) dict_keys(['example_subdag_operator.section-1', 'example_subdag_operator.section-2', 'example_subdag_operator']) retrieved from /home/kamlesh/pyenvs/data-engg/lib/python3.10/site-packages/airflow/example_dags/example_subdag_operator.py
[2022-12-20T00:00:41.845+0100] {logging_mixin.py:137} INFO - [2022-12-20T00:00:41.845+0100] {dag.py:2676} INFO - Sync 3 DAGs
[2022-12-20T00:00:41.860+0100] {logging_mixin.py:137} INFO - [2022-12-20T00:00:41.859+0100] {dag.py:3423} INFO - Setting next_dagrun for example_subdag_operator to 2022-01-01T00:00:00+00:00, run_after=2022-01-01T00:00:00+00:00
[2022-12-20T00:00:41.862+0100] {logging_mixin.py:137} INFO - [2022-12-20T00:00:41.862+0100] {dag.py:3423} INFO - Setting next_dagrun for example_subdag_operator.section-1 to None, run_after=None
[2022-12-20T00:00:41.862+0100] {logging_mixin.py:137} INFO - [2022-12-20T00:00:41.862+0100] {dag.py:3423} INFO - Setting next_dagrun for example_subdag_operator.section-2 to None, run_after=None
[2022-12-20T00:00:41.866+0100] {logging_mixin.py:137} INFO - [2022-12-20T00:00:41.866+0100] {dag.py:2676} INFO - Sync 2 DAGs
[2022-12-20T00:00:41.869+0100] {logging_mixin.py:137} INFO - [2022-12-20T00:00:41.869+0100] {dag.py:3423} INFO - Setting next_dagrun for example_subdag_operator.section-1 to None, run_after=None
[2022-12-20T00:00:41.869+0100] {logging_mixin.py:137} INFO - [2022-12-20T00:00:41.869+0100] {dag.py:3423} INFO - Setting next_dagrun for example_subdag_operator.section-2 to None, run_after=None
[2022-12-20T00:00:41.892+0100] {processor.py:175} INFO - Processing /home/kamlesh/pyenvs/data-engg/lib/python3.10/site-packages/airflow/example_dags/example_subdag_operator.py took 0.099 seconds
[2022-12-20T00:01:23.764+0100] {processor.py:153} INFO - Started process (PID=11022) to work on /home/kamlesh/pyenvs/data-engg/lib/python3.10/site-packages/airflow/example_dags/example_subdag_operator.py
[2022-12-20T00:01:23.773+0100] {processor.py:743} INFO - Processing file /home/kamlesh/pyenvs/data-engg/lib/python3.10/site-packages/airflow/example_dags/example_subdag_operator.py for tasks to queue
[2022-12-20T00:01:23.773+0100] {logging_mixin.py:137} INFO - [2022-12-20T00:01:23.773+0100] {dagbag.py:538} INFO - Filling up the DagBag from /home/kamlesh/pyenvs/data-engg/lib/python3.10/site-packages/airflow/example_dags/example_subdag_operator.py
[2022-12-20T00:01:23.791+0100] {processor.py:753} INFO - DAG(s) dict_keys(['example_subdag_operator.section-1', 'example_subdag_operator.section-2', 'example_subdag_operator']) retrieved from /home/kamlesh/pyenvs/data-engg/lib/python3.10/site-packages/airflow/example_dags/example_subdag_operator.py
[2022-12-20T00:01:23.811+0100] {logging_mixin.py:137} INFO - [2022-12-20T00:01:23.810+0100] {dag.py:2676} INFO - Sync 3 DAGs
[2022-12-20T00:01:23.822+0100] {logging_mixin.py:137} INFO - [2022-12-20T00:01:23.822+0100] {dag.py:3423} INFO - Setting next_dagrun for example_subdag_operator to 2022-01-01T00:00:00+00:00, run_after=2022-01-01T00:00:00+00:00
[2022-12-20T00:01:23.824+0100] {logging_mixin.py:137} INFO - [2022-12-20T00:01:23.824+0100] {dag.py:3423} INFO - Setting next_dagrun for example_subdag_operator.section-1 to None, run_after=None
[2022-12-20T00:01:23.825+0100] {logging_mixin.py:137} INFO - [2022-12-20T00:01:23.825+0100] {dag.py:3423} INFO - Setting next_dagrun for example_subdag_operator.section-2 to None, run_after=None
[2022-12-20T00:01:23.828+0100] {logging_mixin.py:137} INFO - [2022-12-20T00:01:23.828+0100] {dag.py:2676} INFO - Sync 2 DAGs
[2022-12-20T00:01:23.831+0100] {logging_mixin.py:137} INFO - [2022-12-20T00:01:23.831+0100] {dag.py:3423} INFO - Setting next_dagrun for example_subdag_operator.section-1 to None, run_after=None
[2022-12-20T00:01:23.831+0100] {logging_mixin.py:137} INFO - [2022-12-20T00:01:23.831+0100] {dag.py:3423} INFO - Setting next_dagrun for example_subdag_operator.section-2 to None, run_after=None
[2022-12-20T00:01:23.844+0100] {processor.py:175} INFO - Processing /home/kamlesh/pyenvs/data-engg/lib/python3.10/site-packages/airflow/example_dags/example_subdag_operator.py took 0.082 seconds
[2022-12-20T00:02:07.015+0100] {processor.py:153} INFO - Started process (PID=11071) to work on /home/kamlesh/pyenvs/data-engg/lib/python3.10/site-packages/airflow/example_dags/example_subdag_operator.py
[2022-12-20T00:02:07.026+0100] {processor.py:743} INFO - Processing file /home/kamlesh/pyenvs/data-engg/lib/python3.10/site-packages/airflow/example_dags/example_subdag_operator.py for tasks to queue
[2022-12-20T00:02:07.027+0100] {logging_mixin.py:137} INFO - [2022-12-20T00:02:07.027+0100] {dagbag.py:538} INFO - Filling up the DagBag from /home/kamlesh/pyenvs/data-engg/lib/python3.10/site-packages/airflow/example_dags/example_subdag_operator.py
[2022-12-20T00:02:07.065+0100] {processor.py:753} INFO - DAG(s) dict_keys(['example_subdag_operator.section-1', 'example_subdag_operator.section-2', 'example_subdag_operator']) retrieved from /home/kamlesh/pyenvs/data-engg/lib/python3.10/site-packages/airflow/example_dags/example_subdag_operator.py
[2022-12-20T00:02:07.098+0100] {logging_mixin.py:137} INFO - [2022-12-20T00:02:07.098+0100] {dag.py:2676} INFO - Sync 3 DAGs
[2022-12-20T00:02:07.119+0100] {logging_mixin.py:137} INFO - [2022-12-20T00:02:07.119+0100] {dag.py:3423} INFO - Setting next_dagrun for example_subdag_operator to 2022-01-01T00:00:00+00:00, run_after=2022-01-01T00:00:00+00:00
[2022-12-20T00:02:07.122+0100] {logging_mixin.py:137} INFO - [2022-12-20T00:02:07.122+0100] {dag.py:3423} INFO - Setting next_dagrun for example_subdag_operator.section-1 to None, run_after=None
[2022-12-20T00:02:07.123+0100] {logging_mixin.py:137} INFO - [2022-12-20T00:02:07.123+0100] {dag.py:3423} INFO - Setting next_dagrun for example_subdag_operator.section-2 to None, run_after=None
[2022-12-20T00:02:07.130+0100] {logging_mixin.py:137} INFO - [2022-12-20T00:02:07.130+0100] {dag.py:2676} INFO - Sync 2 DAGs
[2022-12-20T00:02:07.136+0100] {logging_mixin.py:137} INFO - [2022-12-20T00:02:07.136+0100] {dag.py:3423} INFO - Setting next_dagrun for example_subdag_operator.section-1 to None, run_after=None
[2022-12-20T00:02:07.136+0100] {logging_mixin.py:137} INFO - [2022-12-20T00:02:07.136+0100] {dag.py:3423} INFO - Setting next_dagrun for example_subdag_operator.section-2 to None, run_after=None
[2022-12-20T00:02:07.164+0100] {processor.py:175} INFO - Processing /home/kamlesh/pyenvs/data-engg/lib/python3.10/site-packages/airflow/example_dags/example_subdag_operator.py took 0.159 seconds
[2022-12-20T00:02:46.928+0100] {processor.py:153} INFO - Started process (PID=11189) to work on /home/kamlesh/pyenvs/data-engg/lib/python3.10/site-packages/airflow/example_dags/example_subdag_operator.py
[2022-12-20T00:02:46.938+0100] {processor.py:743} INFO - Processing file /home/kamlesh/pyenvs/data-engg/lib/python3.10/site-packages/airflow/example_dags/example_subdag_operator.py for tasks to queue
[2022-12-20T00:02:46.940+0100] {logging_mixin.py:137} INFO - [2022-12-20T00:02:46.939+0100] {dagbag.py:538} INFO - Filling up the DagBag from /home/kamlesh/pyenvs/data-engg/lib/python3.10/site-packages/airflow/example_dags/example_subdag_operator.py
[2022-12-20T00:02:46.979+0100] {processor.py:753} INFO - DAG(s) dict_keys(['example_subdag_operator.section-1', 'example_subdag_operator.section-2', 'example_subdag_operator']) retrieved from /home/kamlesh/pyenvs/data-engg/lib/python3.10/site-packages/airflow/example_dags/example_subdag_operator.py
[2022-12-20T00:02:46.999+0100] {logging_mixin.py:137} INFO - [2022-12-20T00:02:46.999+0100] {dag.py:2676} INFO - Sync 3 DAGs
[2022-12-20T00:02:47.011+0100] {logging_mixin.py:137} INFO - [2022-12-20T00:02:47.011+0100] {dag.py:3423} INFO - Setting next_dagrun for example_subdag_operator to 2022-01-01T00:00:00+00:00, run_after=2022-01-01T00:00:00+00:00
[2022-12-20T00:02:47.013+0100] {logging_mixin.py:137} INFO - [2022-12-20T00:02:47.013+0100] {dag.py:3423} INFO - Setting next_dagrun for example_subdag_operator.section-1 to None, run_after=None
[2022-12-20T00:02:47.013+0100] {logging_mixin.py:137} INFO - [2022-12-20T00:02:47.013+0100] {dag.py:3423} INFO - Setting next_dagrun for example_subdag_operator.section-2 to None, run_after=None
[2022-12-20T00:02:47.017+0100] {logging_mixin.py:137} INFO - [2022-12-20T00:02:47.017+0100] {dag.py:2676} INFO - Sync 2 DAGs
[2022-12-20T00:02:47.019+0100] {logging_mixin.py:137} INFO - [2022-12-20T00:02:47.019+0100] {dag.py:3423} INFO - Setting next_dagrun for example_subdag_operator.section-1 to None, run_after=None
[2022-12-20T00:02:47.020+0100] {logging_mixin.py:137} INFO - [2022-12-20T00:02:47.020+0100] {dag.py:3423} INFO - Setting next_dagrun for example_subdag_operator.section-2 to None, run_after=None
[2022-12-20T00:02:47.033+0100] {processor.py:175} INFO - Processing /home/kamlesh/pyenvs/data-engg/lib/python3.10/site-packages/airflow/example_dags/example_subdag_operator.py took 0.109 seconds
[2022-12-20T00:03:30.612+0100] {processor.py:153} INFO - Started process (PID=11243) to work on /home/kamlesh/pyenvs/data-engg/lib/python3.10/site-packages/airflow/example_dags/example_subdag_operator.py
[2022-12-20T00:03:30.620+0100] {processor.py:743} INFO - Processing file /home/kamlesh/pyenvs/data-engg/lib/python3.10/site-packages/airflow/example_dags/example_subdag_operator.py for tasks to queue
[2022-12-20T00:03:30.621+0100] {logging_mixin.py:137} INFO - [2022-12-20T00:03:30.621+0100] {dagbag.py:538} INFO - Filling up the DagBag from /home/kamlesh/pyenvs/data-engg/lib/python3.10/site-packages/airflow/example_dags/example_subdag_operator.py
[2022-12-20T00:03:30.655+0100] {processor.py:753} INFO - DAG(s) dict_keys(['example_subdag_operator.section-1', 'example_subdag_operator.section-2', 'example_subdag_operator']) retrieved from /home/kamlesh/pyenvs/data-engg/lib/python3.10/site-packages/airflow/example_dags/example_subdag_operator.py
[2022-12-20T00:03:30.675+0100] {logging_mixin.py:137} INFO - [2022-12-20T00:03:30.675+0100] {dag.py:2676} INFO - Sync 3 DAGs
[2022-12-20T00:03:30.687+0100] {logging_mixin.py:137} INFO - [2022-12-20T00:03:30.687+0100] {dag.py:3423} INFO - Setting next_dagrun for example_subdag_operator to 2022-01-01T00:00:00+00:00, run_after=2022-01-01T00:00:00+00:00
[2022-12-20T00:03:30.688+0100] {logging_mixin.py:137} INFO - [2022-12-20T00:03:30.688+0100] {dag.py:3423} INFO - Setting next_dagrun for example_subdag_operator.section-1 to None, run_after=None
[2022-12-20T00:03:30.689+0100] {logging_mixin.py:137} INFO - [2022-12-20T00:03:30.689+0100] {dag.py:3423} INFO - Setting next_dagrun for example_subdag_operator.section-2 to None, run_after=None
[2022-12-20T00:03:30.693+0100] {logging_mixin.py:137} INFO - [2022-12-20T00:03:30.693+0100] {dag.py:2676} INFO - Sync 2 DAGs
[2022-12-20T00:03:30.696+0100] {logging_mixin.py:137} INFO - [2022-12-20T00:03:30.696+0100] {dag.py:3423} INFO - Setting next_dagrun for example_subdag_operator.section-1 to None, run_after=None
[2022-12-20T00:03:30.696+0100] {logging_mixin.py:137} INFO - [2022-12-20T00:03:30.696+0100] {dag.py:3423} INFO - Setting next_dagrun for example_subdag_operator.section-2 to None, run_after=None
[2022-12-20T00:03:30.709+0100] {processor.py:175} INFO - Processing /home/kamlesh/pyenvs/data-engg/lib/python3.10/site-packages/airflow/example_dags/example_subdag_operator.py took 0.100 seconds
